CRITICAL - 2023-02-28 06:49:36 --> Class 'App\Controllers\auth' not found
in APPPATH/Controllers/Meters.php on line 22.
 1 SYSTEMPATH/CodeIgniter.php(889): App\Controllers\Meters->__construct()
 2 SYSTEMPATH/CodeIgniter.php(473): CodeIgniter\CodeIgniter->createController()
 3 SYSTEMPATH/CodeIgniter.php(351): CodeIgniter\CodeIgniter->handleRequest(null, Object(Config\Cache), false)
 4 FCPATH/index.php(67): CodeIgniter\CodeIgniter->run()
CRITICAL - 2023-02-28 07:37:02 --> Class 'App\Controllers\Auth' not found
in APPPATH/Controllers/Meters.php on line 22.
 1 SYSTEMPATH/CodeIgniter.php(889): App\Controllers\Meters->__construct()
 2 SYSTEMPATH/CodeIgniter.php(473): CodeIgniter\CodeIgniter->createController()
 3 SYSTEMPATH/CodeIgniter.php(351): CodeIgniter\CodeIgniter->handleRequest(null, Object(Config\Cache), false)
 4 FCPATH/index.php(67): CodeIgniter\CodeIgniter->run()
CRITICAL - 2023-02-28 07:37:38 --> Class 'App\Controllers\Auth' not found
in APPPATH/Controllers/Meters.php on line 22.
 1 SYSTEMPATH/CodeIgniter.php(889): App\Controllers\Meters->__construct()
 2 SYSTEMPATH/CodeIgniter.php(473): CodeIgniter\CodeIgniter->createController()
 3 SYSTEMPATH/CodeIgniter.php(351): CodeIgniter\CodeIgniter->handleRequest(null, Object(Config\Cache), false)
 4 FCPATH/index.php(67): CodeIgniter\CodeIgniter->run()
CRITICAL - 2023-02-28 07:38:27 --> Namespace declaration statement has to be the very first statement or after any declare call in the script
in APPPATH/Models/Auth.php on line 7.
 1 [internal function]: CodeIgniter\Debug\Exceptions->shutdownHandler()
CRITICAL - 2023-02-28 07:41:43 --> Namespace declaration statement has to be the very first statement or after any declare call in the script
in APPPATH/Models/Auth.php on line 4.
 1 [internal function]: CodeIgniter\Debug\Exceptions->shutdownHandler()
CRITICAL - 2023-02-28 07:41:57 --> Namespace declaration statement has to be the very first statement or after any declare call in the script
in APPPATH/Models/Auth.php on line 4.
 1 [internal function]: CodeIgniter\Debug\Exceptions->shutdownHandler()
CRITICAL - 2023-02-28 07:42:53 --> syntax error, unexpected 'use' (T_USE)
in APPPATH/Models/Auth.php on line 12.
 1 SYSTEMPATH/Autoloader/Autoloader.php(259): CodeIgniter\Autoloader\Autoloader->includeFile('APPPATH/Models/Auth.php')
 2 SYSTEMPATH/Autoloader/Autoloader.php(237): CodeIgniter\Autoloader\Autoloader->loadInNamespace('App\\Models\\Auth')
 3 [internal function]: CodeIgniter\Autoloader\Autoloader->loadClass('App\\Models\\Auth')
 4 APPPATH/Controllers/Meters.php(23): spl_autoload_call('App\\Models\\Auth')
 5 SYSTEMPATH/CodeIgniter.php(889): App\Controllers\Meters->__construct()
 6 SYSTEMPATH/CodeIgniter.php(473): CodeIgniter\CodeIgniter->createController()
 7 SYSTEMPATH/CodeIgniter.php(351): CodeIgniter\CodeIgniter->handleRequest(null, Object(Config\Cache), false)
 8 FCPATH/index.php(67): CodeIgniter\CodeIgniter->run()
CRITICAL - 2023-02-28 07:43:48 --> include_once(vendor/autoload.php): failed to open stream: No such file or directory
in APPPATH/Models/Auth.php on line 11.
 1 APPPATH/Models/Auth.php(11): CodeIgniter\Debug\Exceptions->errorHandler(2, 'include_once(vendor/autoload.php): failed to open stream: No such file or directory', 'APPPATH/Models/Auth.php', 11, [])
 2 APPPATH/Models/Auth.php(11): include_once()
 3 APPPATH/Controllers/Meters.php(151): App\Models\Auth->auth()
 4 SYSTEMPATH/CodeIgniter.php(927): App\Controllers\Meters->telegram()
 5 SYSTEMPATH/CodeIgniter.php(482): CodeIgniter\CodeIgniter->runController(Object(App\Controllers\Meters))
 6 SYSTEMPATH/CodeIgniter.php(351): CodeIgniter\CodeIgniter->handleRequest(null, Object(Config\Cache), false)
 7 FCPATH/index.php(67): CodeIgniter\CodeIgniter->run()
CRITICAL - 2023-02-28 07:44:38 --> include_once(vendor/autoload.php): failed to open stream: No such file or directory
in APPPATH/Models/Auth.php on line 11.
 1 APPPATH/Models/Auth.php(11): CodeIgniter\Debug\Exceptions->errorHandler(2, 'include_once(vendor/autoload.php): failed to open stream: No such file or directory', 'APPPATH/Models/Auth.php', 11, [])
 2 APPPATH/Models/Auth.php(11): include_once()
 3 APPPATH/Controllers/Meters.php(151): App\Models\Auth->auth()
 4 SYSTEMPATH/CodeIgniter.php(927): App\Controllers\Meters->telegram()
 5 SYSTEMPATH/CodeIgniter.php(482): CodeIgniter\CodeIgniter->runController(Object(App\Controllers\Meters))
 6 SYSTEMPATH/CodeIgniter.php(351): CodeIgniter\CodeIgniter->handleRequest(null, Object(Config\Cache), false)
 7 FCPATH/index.php(67): CodeIgniter\CodeIgniter->run()
CRITICAL - 2023-02-28 07:47:10 --> include_once(vendor/autoload.php): failed to open stream: No such file or directory
in APPPATH/Models/Auth.php on line 12.
 1 APPPATH/Models/Auth.php(12): CodeIgniter\Debug\Exceptions->errorHandler(2, 'include_once(vendor/autoload.php): failed to open stream: No such file or directory', 'APPPATH/Models/Auth.php', 12, [])
 2 APPPATH/Models/Auth.php(12): include_once()
 3 APPPATH/Controllers/Meters.php(151): App\Models\Auth->auth()
 4 SYSTEMPATH/CodeIgniter.php(927): App\Controllers\Meters->telegram()
 5 SYSTEMPATH/CodeIgniter.php(482): CodeIgniter\CodeIgniter->runController(Object(App\Controllers\Meters))
 6 SYSTEMPATH/CodeIgniter.php(351): CodeIgniter\CodeIgniter->handleRequest(null, Object(Config\Cache), false)
 7 FCPATH/index.php(67): CodeIgniter\CodeIgniter->run()
CRITICAL - 2023-02-28 07:49:56 --> include_once(vendor/autoload.php): failed to open stream: No such file or directory
in APPPATH/Models/Auth.php on line 12.
 1 APPPATH/Models/Auth.php(12): CodeIgniter\Debug\Exceptions->errorHandler(2, 'include_once(vendor/autoload.php): failed to open stream: No such file or directory', 'APPPATH/Models/Auth.php', 12, [])
 2 APPPATH/Models/Auth.php(12): include_once()
 3 APPPATH/Controllers/Meters.php(151): App\Models\Auth->auth()
 4 SYSTEMPATH/CodeIgniter.php(927): App\Controllers\Meters->telegram()
 5 SYSTEMPATH/CodeIgniter.php(482): CodeIgniter\CodeIgniter->runController(Object(App\Controllers\Meters))
 6 SYSTEMPATH/CodeIgniter.php(351): CodeIgniter\CodeIgniter->handleRequest(null, Object(Config\Cache), false)
 7 FCPATH/index.php(67): CodeIgniter\CodeIgniter->run()
CRITICAL - 2023-02-28 07:51:58 --> include_once(vendor/autoload.php): failed to open stream: No such file or directory
in APPPATH/Models/Auth.php on line 12.
 1 APPPATH/Models/Auth.php(12): CodeIgniter\Debug\Exceptions->errorHandler(2, 'include_once(vendor/autoload.php): failed to open stream: No such file or directory', 'APPPATH/Models/Auth.php', 12, [])
 2 APPPATH/Models/Auth.php(12): include_once()
 3 APPPATH/Controllers/Meters.php(151): App\Models\Auth->auth()
 4 SYSTEMPATH/CodeIgniter.php(927): App\Controllers\Meters->telegram()
 5 SYSTEMPATH/CodeIgniter.php(482): CodeIgniter\CodeIgniter->runController(Object(App\Controllers\Meters))
 6 SYSTEMPATH/CodeIgniter.php(351): CodeIgniter\CodeIgniter->handleRequest(null, Object(Config\Cache), false)
 7 FCPATH/index.php(67): CodeIgniter\CodeIgniter->run()
CRITICAL - 2023-02-28 07:53:51 --> Namespace declaration statement has to be the very first statement or after any declare call in the script
in APPPATH/Models/Auth.php on line 5.
 1 [internal function]: CodeIgniter\Debug\Exceptions->shutdownHandler()
CRITICAL - 2023-02-28 08:12:06 --> Cannot redeclare App\Controllers\Meters::$auth
in APPPATH/Controllers/Meters.php on line 18.
 1 [internal function]: CodeIgniter\Debug\Exceptions->shutdownHandler()
CRITICAL - 2023-02-28 08:12:54 --> syntax error, unexpected '$response' (T_VARIABLE), expecting ';'
in APPPATH/Models/Auth.php on line 75.
 1 SYSTEMPATH/Autoloader/Autoloader.php(259): CodeIgniter\Autoloader\Autoloader->includeFile('APPPATH/Models/Auth.php')
 2 SYSTEMPATH/Autoloader/Autoloader.php(237): CodeIgniter\Autoloader\Autoloader->loadInNamespace('App\\Models\\Auth')
 3 [internal function]: CodeIgniter\Autoloader\Autoloader->loadClass('App\\Models\\Auth')
 4 APPPATH/Controllers/Meters.php(25): spl_autoload_call('App\\Models\\Auth')
 5 SYSTEMPATH/CodeIgniter.php(889): App\Controllers\Meters->__construct()
 6 SYSTEMPATH/CodeIgniter.php(473): CodeIgniter\CodeIgniter->createController()
 7 SYSTEMPATH/CodeIgniter.php(351): CodeIgniter\CodeIgniter->handleRequest(null, Object(Config\Cache), false)
 8 FCPATH/index.php(67): CodeIgniter\CodeIgniter->run()
CRITICAL - 2023-02-28 08:13:33 --> syntax error, unexpected '$response' (T_VARIABLE), expecting ';'
in APPPATH/Models/Auth.php on line 75.
 1 SYSTEMPATH/Autoloader/Autoloader.php(259): CodeIgniter\Autoloader\Autoloader->includeFile('APPPATH/Models/Auth.php')
 2 SYSTEMPATH/Autoloader/Autoloader.php(237): CodeIgniter\Autoloader\Autoloader->loadInNamespace('App\\Models\\Auth')
 3 [internal function]: CodeIgniter\Autoloader\Autoloader->loadClass('App\\Models\\Auth')
 4 APPPATH/Controllers/Meters.php(25): spl_autoload_call('App\\Models\\Auth')
 5 SYSTEMPATH/CodeIgniter.php(889): App\Controllers\Meters->__construct()
 6 SYSTEMPATH/CodeIgniter.php(473): CodeIgniter\CodeIgniter->createController()
 7 SYSTEMPATH/CodeIgniter.php(351): CodeIgniter\CodeIgniter->handleRequest(null, Object(Config\Cache), false)
 8 FCPATH/index.php(67): CodeIgniter\CodeIgniter->run()
CRITICAL - 2023-02-28 08:15:23 --> Class 'App\Models\Key' not found
in APPPATH/Models/Auth.php on line 34.
 1 APPPATH/Controllers/Meters.php(154): App\Models\Auth->auth()
 2 SYSTEMPATH/CodeIgniter.php(927): App\Controllers\Meters->telegram()
 3 SYSTEMPATH/CodeIgniter.php(482): CodeIgniter\CodeIgniter->runController(Object(App\Controllers\Meters))
 4 SYSTEMPATH/CodeIgniter.php(351): CodeIgniter\CodeIgniter->handleRequest(null, Object(Config\Cache), false)
 5 FCPATH/index.php(67): CodeIgniter\CodeIgniter->run()
CRITICAL - 2023-02-28 08:17:56 --> syntax error, unexpected 'include_once' (T_INCLUDE_ONCE), expecting function (T_FUNCTION) or const (T_CONST)
in APPPATH/Models/Auth.php on line 8.
 1 SYSTEMPATH/Autoloader/Autoloader.php(259): CodeIgniter\Autoloader\Autoloader->includeFile('APPPATH/Models/Auth.php')
 2 SYSTEMPATH/Autoloader/Autoloader.php(237): CodeIgniter\Autoloader\Autoloader->loadInNamespace('App\\Models\\Auth')
 3 [internal function]: CodeIgniter\Autoloader\Autoloader->loadClass('App\\Models\\Auth')
 4 APPPATH/Controllers/Meters.php(25): spl_autoload_call('App\\Models\\Auth')
 5 SYSTEMPATH/CodeIgniter.php(889): App\Controllers\Meters->__construct()
 6 SYSTEMPATH/CodeIgniter.php(473): CodeIgniter\CodeIgniter->createController()
 7 SYSTEMPATH/CodeIgniter.php(351): CodeIgniter\CodeIgniter->handleRequest(null, Object(Config\Cache), false)
 8 FCPATH/index.php(67): CodeIgniter\CodeIgniter->run()
CRITICAL - 2023-02-28 08:18:37 --> Syntax error, malformed JSON
in VENDORPATH/firebase/php-jwt/src/JWT.php on line 493.
 1 VENDORPATH/firebase/php-jwt/src/JWT.php(353): Firebase\JWT\JWT::handleJsonError(4)
 2 VENDORPATH/firebase/php-jwt/src/JWT.php(107): Firebase\JWT\JWT::jsonDecode('ãž¸ç®x')
 3 APPPATH/Models/Auth.php(40): Firebase\JWT\JWT::decode('45645654y.rty45.45y45y', Object(Firebase\JWT\Key))
 4 APPPATH/Controllers/Meters.php(154): App\Models\Auth->auth()
 5 SYSTEMPATH/CodeIgniter.php(927): App\Controllers\Meters->telegram()
 6 SYSTEMPATH/CodeIgniter.php(482): CodeIgniter\CodeIgniter->runController(Object(App\Controllers\Meters))
 7 SYSTEMPATH/CodeIgniter.php(351): CodeIgniter\CodeIgniter->handleRequest(null, Object(Config\Cache), false)
 8 FCPATH/index.php(67): CodeIgniter\CodeIgniter->run()
CRITICAL - 2023-02-28 08:18:37 --> Uncaught CodeIgniter\Format\Exceptions\FormatException: Failed to parse json string, error: "Malformed UTF-8 characters, possibly incorrectly encoded". in /ext/WWW/konex.com.ua/zayavki/system/Format/JSONFormatter.php:41
Stack trace:
#0 /ext/WWW/konex.com.ua/zayavki/system/Format/JSONFormatter.php(41): CodeIgniter\Format\Exceptions\FormatException::forInvalidJSON('Malformed UTF-8...')
#1 /ext/WWW/konex.com.ua/zayavki/system/API/ResponseTrait.php(348): CodeIgniter\Format\JSONFormatter->format(Array)
#2 /ext/WWW/konex.com.ua/zayavki/system/API/ResponseTrait.php(99): CodeIgniter\Debug\Exceptions->format(Array)
#3 /ext/WWW/konex.com.ua/zayavki/system/Debug/Exceptions.php(133): CodeIgniter\Debug\Exceptions->respond(Array, 500)
#4 [internal function]: CodeIgniter\Debug\Exceptions->exceptionHandler(Object(DomainException))
#5 {main}
  thrown
in SYSTEMPATH/Format/JSONFormatter.php on line 41.
 1 [internal function]: CodeIgniter\Debug\Exceptions->shutdownHandler()
CRITICAL - 2023-02-28 08:20:41 --> Syntax error, malformed JSON
in VENDORPATH/firebase/php-jwt/src/JWT.php on line 493.
 1 VENDORPATH/firebase/php-jwt/src/JWT.php(353): Firebase\JWT\JWT::handleJsonError(4)
 2 VENDORPATH/firebase/php-jwt/src/JWT.php(107): Firebase\JWT\JWT::jsonDecode('ãž¸ç®x')
 3 APPPATH/Models/Auth.php(37): Firebase\JWT\JWT::decode('45645654y.rty45.45y45y', Object(Firebase\JWT\Key))
 4 APPPATH/Controllers/Meters.php(154): App\Models\Auth->auth()
 5 SYSTEMPATH/CodeIgniter.php(927): App\Controllers\Meters->telegram()
 6 SYSTEMPATH/CodeIgniter.php(482): CodeIgniter\CodeIgniter->runController(Object(App\Controllers\Meters))
 7 SYSTEMPATH/CodeIgniter.php(351): CodeIgniter\CodeIgniter->handleRequest(null, Object(Config\Cache), false)
 8 FCPATH/index.php(67): CodeIgniter\CodeIgniter->run()
CRITICAL - 2023-02-28 08:20:41 --> Uncaught CodeIgniter\Format\Exceptions\FormatException: Failed to parse json string, error: "Malformed UTF-8 characters, possibly incorrectly encoded". in /ext/WWW/konex.com.ua/zayavki/system/Format/JSONFormatter.php:41
Stack trace:
#0 /ext/WWW/konex.com.ua/zayavki/system/Format/JSONFormatter.php(41): CodeIgniter\Format\Exceptions\FormatException::forInvalidJSON('Malformed UTF-8...')
#1 /ext/WWW/konex.com.ua/zayavki/system/API/ResponseTrait.php(348): CodeIgniter\Format\JSONFormatter->format(Array)
#2 /ext/WWW/konex.com.ua/zayavki/system/API/ResponseTrait.php(99): CodeIgniter\Debug\Exceptions->format(Array)
#3 /ext/WWW/konex.com.ua/zayavki/system/Debug/Exceptions.php(133): CodeIgniter\Debug\Exceptions->respond(Array, 500)
#4 [internal function]: CodeIgniter\Debug\Exceptions->exceptionHandler(Object(DomainException))
#5 {main}
  thrown
in SYSTEMPATH/Format/JSONFormatter.php on line 41.
 1 [internal function]: CodeIgniter\Debug\Exceptions->shutdownHandler()
CRITICAL - 2023-02-28 08:20:42 --> Syntax error, malformed JSON
in VENDORPATH/firebase/php-jwt/src/JWT.php on line 493.
 1 VENDORPATH/firebase/php-jwt/src/JWT.php(353): Firebase\JWT\JWT::handleJsonError(4)
 2 VENDORPATH/firebase/php-jwt/src/JWT.php(107): Firebase\JWT\JWT::jsonDecode('ãž¸ç®x')
 3 APPPATH/Models/Auth.php(37): Firebase\JWT\JWT::decode('45645654y.rty45.45y45y', Object(Firebase\JWT\Key))
 4 APPPATH/Controllers/Meters.php(154): App\Models\Auth->auth()
 5 SYSTEMPATH/CodeIgniter.php(927): App\Controllers\Meters->telegram()
 6 SYSTEMPATH/CodeIgniter.php(482): CodeIgniter\CodeIgniter->runController(Object(App\Controllers\Meters))
 7 SYSTEMPATH/CodeIgniter.php(351): CodeIgniter\CodeIgniter->handleRequest(null, Object(Config\Cache), false)
 8 FCPATH/index.php(67): CodeIgniter\CodeIgniter->run()
CRITICAL - 2023-02-28 08:20:42 --> Uncaught CodeIgniter\Format\Exceptions\FormatException: Failed to parse json string, error: "Malformed UTF-8 characters, possibly incorrectly encoded". in /ext/WWW/konex.com.ua/zayavki/system/Format/JSONFormatter.php:41
Stack trace:
#0 /ext/WWW/konex.com.ua/zayavki/system/Format/JSONFormatter.php(41): CodeIgniter\Format\Exceptions\FormatException::forInvalidJSON('Malformed UTF-8...')
#1 /ext/WWW/konex.com.ua/zayavki/system/API/ResponseTrait.php(348): CodeIgniter\Format\JSONFormatter->format(Array)
#2 /ext/WWW/konex.com.ua/zayavki/system/API/ResponseTrait.php(99): CodeIgniter\Debug\Exceptions->format(Array)
#3 /ext/WWW/konex.com.ua/zayavki/system/Debug/Exceptions.php(133): CodeIgniter\Debug\Exceptions->respond(Array, 500)
#4 [internal function]: CodeIgniter\Debug\Exceptions->exceptionHandler(Object(DomainException))
#5 {main}
  thrown
in SYSTEMPATH/Format/JSONFormatter.php on line 41.
 1 [internal function]: CodeIgniter\Debug\Exceptions->shutdownHandler()
CRITICAL - 2023-02-28 08:21:20 --> Class 'App\Models\Key' not found
in APPPATH/Models/Auth.php on line 34.
 1 APPPATH/Controllers/Meters.php(154): App\Models\Auth->auth()
 2 SYSTEMPATH/CodeIgniter.php(927): App\Controllers\Meters->telegram()
 3 SYSTEMPATH/CodeIgniter.php(482): CodeIgniter\CodeIgniter->runController(Object(App\Controllers\Meters))
 4 SYSTEMPATH/CodeIgniter.php(351): CodeIgniter\CodeIgniter->handleRequest(null, Object(Config\Cache), false)
 5 FCPATH/index.php(67): CodeIgniter\CodeIgniter->run()
CRITICAL - 2023-02-28 08:21:32 --> Syntax error, malformed JSON
in VENDORPATH/firebase/php-jwt/src/JWT.php on line 493.
 1 VENDORPATH/firebase/php-jwt/src/JWT.php(353): Firebase\JWT\JWT::handleJsonError(4)
 2 VENDORPATH/firebase/php-jwt/src/JWT.php(107): Firebase\JWT\JWT::jsonDecode('ãž¸ç®x')
 3 APPPATH/Models/Auth.php(37): Firebase\JWT\JWT::decode('45645654y.rty45.45y45y', Object(Firebase\JWT\Key))
 4 APPPATH/Controllers/Meters.php(154): App\Models\Auth->auth()
 5 SYSTEMPATH/CodeIgniter.php(927): App\Controllers\Meters->telegram()
 6 SYSTEMPATH/CodeIgniter.php(482): CodeIgniter\CodeIgniter->runController(Object(App\Controllers\Meters))
 7 SYSTEMPATH/CodeIgniter.php(351): CodeIgniter\CodeIgniter->handleRequest(null, Object(Config\Cache), false)
 8 FCPATH/index.php(67): CodeIgniter\CodeIgniter->run()
CRITICAL - 2023-02-28 08:21:32 --> Uncaught CodeIgniter\Format\Exceptions\FormatException: Failed to parse json string, error: "Malformed UTF-8 characters, possibly incorrectly encoded". in /ext/WWW/konex.com.ua/zayavki/system/Format/JSONFormatter.php:41
Stack trace:
#0 /ext/WWW/konex.com.ua/zayavki/system/Format/JSONFormatter.php(41): CodeIgniter\Format\Exceptions\FormatException::forInvalidJSON('Malformed UTF-8...')
#1 /ext/WWW/konex.com.ua/zayavki/system/API/ResponseTrait.php(348): CodeIgniter\Format\JSONFormatter->format(Array)
#2 /ext/WWW/konex.com.ua/zayavki/system/API/ResponseTrait.php(99): CodeIgniter\Debug\Exceptions->format(Array)
#3 /ext/WWW/konex.com.ua/zayavki/system/Debug/Exceptions.php(133): CodeIgniter\Debug\Exceptions->respond(Array, 500)
#4 [internal function]: CodeIgniter\Debug\Exceptions->exceptionHandler(Object(DomainException))
#5 {main}
  thrown
in SYSTEMPATH/Format/JSONFormatter.php on line 41.
 1 [internal function]: CodeIgniter\Debug\Exceptions->shutdownHandler()
CRITICAL - 2023-02-28 08:22:11 --> Methods with the same name as their class will not be constructors in a future version of PHP; Auth has a deprecated constructor
in APPPATH/Models/Auth.php on line 8.
 1 SYSTEMPATH/Autoloader/Autoloader.php(282): CodeIgniter\Debug\Exceptions->errorHandler(8192, 'Methods with the same name as their class will not be constructors in a future version of PHP; Auth has a deprecated constructor', 'APPPATH/Models/Auth.php', 8, [...])
 2 SYSTEMPATH/Autoloader/Autoloader.php(282): include_once()
 3 SYSTEMPATH/Autoloader/Autoloader.php(259): CodeIgniter\Autoloader\Autoloader->includeFile('APPPATH/Models/Auth.php')
 4 SYSTEMPATH/Autoloader/Autoloader.php(237): CodeIgniter\Autoloader\Autoloader->loadInNamespace('App\\Models\\Auth')
 5 [internal function]: CodeIgniter\Autoloader\Autoloader->loadClass('App\\Models\\Auth')
 6 APPPATH/Controllers/Meters.php(25): spl_autoload_call('App\\Models\\Auth')
 7 SYSTEMPATH/CodeIgniter.php(889): App\Controllers\Meters->__construct()
 8 SYSTEMPATH/CodeIgniter.php(473): CodeIgniter\CodeIgniter->createController()
 9 SYSTEMPATH/CodeIgniter.php(351): CodeIgniter\CodeIgniter->handleRequest(null, Object(Config\Cache), false)
10 FCPATH/index.php(67): CodeIgniter\CodeIgniter->run()
CRITICAL - 2023-02-28 08:23:04 --> Methods with the same name as their class will not be constructors in a future version of PHP; Auth has a deprecated constructor
in APPPATH/Models/Auth.php on line 8.
 1 SYSTEMPATH/Autoloader/Autoloader.php(282): CodeIgniter\Debug\Exceptions->errorHandler(8192, 'Methods with the same name as their class will not be constructors in a future version of PHP; Auth has a deprecated constructor', 'APPPATH/Models/Auth.php', 8, [...])
 2 SYSTEMPATH/Autoloader/Autoloader.php(282): include_once()
 3 SYSTEMPATH/Autoloader/Autoloader.php(259): CodeIgniter\Autoloader\Autoloader->includeFile('APPPATH/Models/Auth.php')
 4 SYSTEMPATH/Autoloader/Autoloader.php(237): CodeIgniter\Autoloader\Autoloader->loadInNamespace('App\\Models\\Auth')
 5 [internal function]: CodeIgniter\Autoloader\Autoloader->loadClass('App\\Models\\Auth')
 6 APPPATH/Controllers/Meters.php(25): spl_autoload_call('App\\Models\\Auth')
 7 SYSTEMPATH/CodeIgniter.php(889): App\Controllers\Meters->__construct()
 8 SYSTEMPATH/CodeIgniter.php(473): CodeIgniter\CodeIgniter->createController()
 9 SYSTEMPATH/CodeIgniter.php(351): CodeIgniter\CodeIgniter->handleRequest(null, Object(Config\Cache), false)
10 FCPATH/index.php(67): CodeIgniter\CodeIgniter->run()
CRITICAL - 2023-02-28 08:23:56 --> Class 'App\Models\Key' not found
in APPPATH/Models/Auth.php on line 35.
 1 APPPATH/Controllers/Meters.php(154): App\Models\Auth->auth()
 2 SYSTEMPATH/CodeIgniter.php(927): App\Controllers\Meters->telegram()
 3 SYSTEMPATH/CodeIgniter.php(482): CodeIgniter\CodeIgniter->runController(Object(App\Controllers\Meters))
 4 SYSTEMPATH/CodeIgniter.php(351): CodeIgniter\CodeIgniter->handleRequest(null, Object(Config\Cache), false)
 5 FCPATH/index.php(67): CodeIgniter\CodeIgniter->run()
CRITICAL - 2023-02-28 08:25:08 --> Class 'App\Models\Key' not found
in APPPATH/Models/Auth.php on line 36.
 1 APPPATH/Controllers/Meters.php(154): App\Models\Auth->auth()
 2 SYSTEMPATH/CodeIgniter.php(927): App\Controllers\Meters->telegram()
 3 SYSTEMPATH/CodeIgniter.php(482): CodeIgniter\CodeIgniter->runController(Object(App\Controllers\Meters))
 4 SYSTEMPATH/CodeIgniter.php(351): CodeIgniter\CodeIgniter->handleRequest(null, Object(Config\Cache), false)
 5 FCPATH/index.php(67): CodeIgniter\CodeIgniter->run()
CRITICAL - 2023-02-28 08:32:37 --> Syntax error, malformed JSON
in VENDORPATH/firebase/php-jwt/src/JWT.php on line 493.
 1 VENDORPATH/firebase/php-jwt/src/JWT.php(353): Firebase\JWT\JWT::handleJsonError(4)
 2 VENDORPATH/firebase/php-jwt/src/JWT.php(107): Firebase\JWT\JWT::jsonDecode('ãž¸ç®x')
 3 APPPATH/Models/Auth.php(37): Firebase\JWT\JWT::decode('45645654y.rty45.45y45y', Object(Firebase\JWT\Key))
 4 APPPATH/Controllers/Meters.php(154): App\Models\Auth->auth()
 5 SYSTEMPATH/CodeIgniter.php(927): App\Controllers\Meters->telegram()
 6 SYSTEMPATH/CodeIgniter.php(482): CodeIgniter\CodeIgniter->runController(Object(App\Controllers\Meters))
 7 SYSTEMPATH/CodeIgniter.php(351): CodeIgniter\CodeIgniter->handleRequest(null, Object(Config\Cache), false)
 8 FCPATH/index.php(67): CodeIgniter\CodeIgniter->run()
CRITICAL - 2023-02-28 08:32:37 --> Uncaught CodeIgniter\Format\Exceptions\FormatException: Failed to parse json string, error: "Malformed UTF-8 characters, possibly incorrectly encoded". in /ext/WWW/konex.com.ua/zayavki/system/Format/JSONFormatter.php:41
Stack trace:
#0 /ext/WWW/konex.com.ua/zayavki/system/Format/JSONFormatter.php(41): CodeIgniter\Format\Exceptions\FormatException::forInvalidJSON('Malformed UTF-8...')
#1 /ext/WWW/konex.com.ua/zayavki/system/API/ResponseTrait.php(348): CodeIgniter\Format\JSONFormatter->format(Array)
#2 /ext/WWW/konex.com.ua/zayavki/system/API/ResponseTrait.php(99): CodeIgniter\Debug\Exceptions->format(Array)
#3 /ext/WWW/konex.com.ua/zayavki/system/Debug/Exceptions.php(133): CodeIgniter\Debug\Exceptions->respond(Array, 500)
#4 [internal function]: CodeIgniter\Debug\Exceptions->exceptionHandler(Object(DomainException))
#5 {main}
  thrown
in SYSTEMPATH/Format/JSONFormatter.php on line 41.
 1 [internal function]: CodeIgniter\Debug\Exceptions->shutdownHandler()
CRITICAL - 2023-02-28 08:33:19 --> Syntax error, malformed JSON
in VENDORPATH/firebase/php-jwt/src/JWT.php on line 493.
 1 VENDORPATH/firebase/php-jwt/src/JWT.php(353): Firebase\JWT\JWT::handleJsonError(4)
 2 VENDORPATH/firebase/php-jwt/src/JWT.php(107): Firebase\JWT\JWT::jsonDecode('ãž¸ç®x')
 3 APPPATH/Models/Auth.php(37): Firebase\JWT\JWT::decode('45645654y.rty45.45y45y', Object(Firebase\JWT\Key))
 4 APPPATH/Controllers/Meters.php(154): App\Models\Auth->auth()
 5 SYSTEMPATH/CodeIgniter.php(927): App\Controllers\Meters->telegram()
 6 SYSTEMPATH/CodeIgniter.php(482): CodeIgniter\CodeIgniter->runController(Object(App\Controllers\Meters))
 7 SYSTEMPATH/CodeIgniter.php(351): CodeIgniter\CodeIgniter->handleRequest(null, Object(Config\Cache), false)
 8 FCPATH/index.php(67): CodeIgniter\CodeIgniter->run()
CRITICAL - 2023-02-28 08:33:19 --> Uncaught CodeIgniter\Format\Exceptions\FormatException: Failed to parse json string, error: "Malformed UTF-8 characters, possibly incorrectly encoded". in /ext/WWW/konex.com.ua/zayavki/system/Format/JSONFormatter.php:41
Stack trace:
#0 /ext/WWW/konex.com.ua/zayavki/system/Format/JSONFormatter.php(41): CodeIgniter\Format\Exceptions\FormatException::forInvalidJSON('Malformed UTF-8...')
#1 /ext/WWW/konex.com.ua/zayavki/system/API/ResponseTrait.php(348): CodeIgniter\Format\JSONFormatter->format(Array)
#2 /ext/WWW/konex.com.ua/zayavki/system/API/ResponseTrait.php(99): CodeIgniter\Debug\Exceptions->format(Array)
#3 /ext/WWW/konex.com.ua/zayavki/system/Debug/Exceptions.php(133): CodeIgniter\Debug\Exceptions->respond(Array, 500)
#4 [internal function]: CodeIgniter\Debug\Exceptions->exceptionHandler(Object(DomainException))
#5 {main}
  thrown
in SYSTEMPATH/Format/JSONFormatter.php on line 41.
 1 [internal function]: CodeIgniter\Debug\Exceptions->shutdownHandler()
CRITICAL - 2023-02-28 08:33:21 --> Syntax error, malformed JSON
in VENDORPATH/firebase/php-jwt/src/JWT.php on line 493.
 1 VENDORPATH/firebase/php-jwt/src/JWT.php(353): Firebase\JWT\JWT::handleJsonError(4)
 2 VENDORPATH/firebase/php-jwt/src/JWT.php(107): Firebase\JWT\JWT::jsonDecode('ãž¸ç®x')
 3 APPPATH/Models/Auth.php(37): Firebase\JWT\JWT::decode('45645654y.rty45.45y45y', Object(Firebase\JWT\Key))
 4 APPPATH/Controllers/Meters.php(154): App\Models\Auth->auth()
 5 SYSTEMPATH/CodeIgniter.php(927): App\Controllers\Meters->telegram()
 6 SYSTEMPATH/CodeIgniter.php(482): CodeIgniter\CodeIgniter->runController(Object(App\Controllers\Meters))
 7 SYSTEMPATH/CodeIgniter.php(351): CodeIgniter\CodeIgniter->handleRequest(null, Object(Config\Cache), false)
 8 FCPATH/index.php(67): CodeIgniter\CodeIgniter->run()
CRITICAL - 2023-02-28 08:33:21 --> Uncaught CodeIgniter\Format\Exceptions\FormatException: Failed to parse json string, error: "Malformed UTF-8 characters, possibly incorrectly encoded". in /ext/WWW/konex.com.ua/zayavki/system/Format/JSONFormatter.php:41
Stack trace:
#0 /ext/WWW/konex.com.ua/zayavki/system/Format/JSONFormatter.php(41): CodeIgniter\Format\Exceptions\FormatException::forInvalidJSON('Malformed UTF-8...')
#1 /ext/WWW/konex.com.ua/zayavki/system/API/ResponseTrait.php(348): CodeIgniter\Format\JSONFormatter->format(Array)
#2 /ext/WWW/konex.com.ua/zayavki/system/API/ResponseTrait.php(99): CodeIgniter\Debug\Exceptions->format(Array)
#3 /ext/WWW/konex.com.ua/zayavki/system/Debug/Exceptions.php(133): CodeIgniter\Debug\Exceptions->respond(Array, 500)
#4 [internal function]: CodeIgniter\Debug\Exceptions->exceptionHandler(Object(DomainException))
#5 {main}
  thrown
in SYSTEMPATH/Format/JSONFormatter.php on line 41.
 1 [internal function]: CodeIgniter\Debug\Exceptions->shutdownHandler()
CRITICAL - 2023-02-28 08:33:33 --> Syntax error, malformed JSON
in VENDORPATH/firebase/php-jwt/src/JWT.php on line 493.
 1 VENDORPATH/firebase/php-jwt/src/JWT.php(353): Firebase\JWT\JWT::handleJsonError(4)
 2 VENDORPATH/firebase/php-jwt/src/JWT.php(107): Firebase\JWT\JWT::jsonDecode('ãž¸ç®x')
 3 APPPATH/Models/Auth.php(37): Firebase\JWT\JWT::decode('45645654y.rty45.45y45y', Object(Firebase\JWT\Key))
 4 APPPATH/Controllers/Meters.php(154): App\Models\Auth->auth()
 5 SYSTEMPATH/CodeIgniter.php(927): App\Controllers\Meters->telegram()
 6 SYSTEMPATH/CodeIgniter.php(482): CodeIgniter\CodeIgniter->runController(Object(App\Controllers\Meters))
 7 SYSTEMPATH/CodeIgniter.php(351): CodeIgniter\CodeIgniter->handleRequest(null, Object(Config\Cache), false)
 8 FCPATH/index.php(67): CodeIgniter\CodeIgniter->run()
CRITICAL - 2023-02-28 08:33:33 --> Uncaught CodeIgniter\Format\Exceptions\FormatException: Failed to parse json string, error: "Malformed UTF-8 characters, possibly incorrectly encoded". in /ext/WWW/konex.com.ua/zayavki/system/Format/JSONFormatter.php:41
Stack trace:
#0 /ext/WWW/konex.com.ua/zayavki/system/Format/JSONFormatter.php(41): CodeIgniter\Format\Exceptions\FormatException::forInvalidJSON('Malformed UTF-8...')
#1 /ext/WWW/konex.com.ua/zayavki/system/API/ResponseTrait.php(348): CodeIgniter\Format\JSONFormatter->format(Array)
#2 /ext/WWW/konex.com.ua/zayavki/system/API/ResponseTrait.php(99): CodeIgniter\Debug\Exceptions->format(Array)
#3 /ext/WWW/konex.com.ua/zayavki/system/Debug/Exceptions.php(133): CodeIgniter\Debug\Exceptions->respond(Array, 500)
#4 [internal function]: CodeIgniter\Debug\Exceptions->exceptionHandler(Object(DomainException))
#5 {main}
  thrown
in SYSTEMPATH/Format/JSONFormatter.php on line 41.
 1 [internal function]: CodeIgniter\Debug\Exceptions->shutdownHandler()
CRITICAL - 2023-02-28 08:35:06 --> Undefined variable: e
in APPPATH/Models/Auth.php on line 52.
 1 APPPATH/Models/Auth.php(52): CodeIgniter\Debug\Exceptions->errorHandler(8, 'Undefined variable: e', 'APPPATH/Models/Auth.php', 52, [...])
 2 APPPATH/Controllers/Meters.php(154): App\Models\Auth->auth()
 3 SYSTEMPATH/CodeIgniter.php(927): App\Controllers\Meters->telegram()
 4 SYSTEMPATH/CodeIgniter.php(482): CodeIgniter\CodeIgniter->runController(Object(App\Controllers\Meters))
 5 SYSTEMPATH/CodeIgniter.php(351): CodeIgniter\CodeIgniter->handleRequest(null, Object(Config\Cache), false)
 6 FCPATH/index.php(67): CodeIgniter\CodeIgniter->run()
CRITICAL - 2023-02-28 08:36:05 --> Syntax error, malformed JSON
in VENDORPATH/firebase/php-jwt/src/JWT.php on line 493.
 1 VENDORPATH/firebase/php-jwt/src/JWT.php(353): Firebase\JWT\JWT::handleJsonError(4)
 2 VENDORPATH/firebase/php-jwt/src/JWT.php(107): Firebase\JWT\JWT::jsonDecode('ãž¸ç®x')
 3 APPPATH/Models/Auth.php(37): Firebase\JWT\JWT::decode('45645654y.rty45.45y45y', 'dsf')
 4 APPPATH/Controllers/Meters.php(154): App\Models\Auth->auth()
 5 SYSTEMPATH/CodeIgniter.php(927): App\Controllers\Meters->telegram()
 6 SYSTEMPATH/CodeIgniter.php(482): CodeIgniter\CodeIgniter->runController(Object(App\Controllers\Meters))
 7 SYSTEMPATH/CodeIgniter.php(351): CodeIgniter\CodeIgniter->handleRequest(null, Object(Config\Cache), false)
 8 FCPATH/index.php(67): CodeIgniter\CodeIgniter->run()
CRITICAL - 2023-02-28 08:36:05 --> Uncaught CodeIgniter\Format\Exceptions\FormatException: Failed to parse json string, error: "Malformed UTF-8 characters, possibly incorrectly encoded". in /ext/WWW/konex.com.ua/zayavki/system/Format/JSONFormatter.php:41
Stack trace:
#0 /ext/WWW/konex.com.ua/zayavki/system/Format/JSONFormatter.php(41): CodeIgniter\Format\Exceptions\FormatException::forInvalidJSON('Malformed UTF-8...')
#1 /ext/WWW/konex.com.ua/zayavki/system/API/ResponseTrait.php(348): CodeIgniter\Format\JSONFormatter->format(Array)
#2 /ext/WWW/konex.com.ua/zayavki/system/API/ResponseTrait.php(99): CodeIgniter\Debug\Exceptions->format(Array)
#3 /ext/WWW/konex.com.ua/zayavki/system/Debug/Exceptions.php(133): CodeIgniter\Debug\Exceptions->respond(Array, 500)
#4 [internal function]: CodeIgniter\Debug\Exceptions->exceptionHandler(Object(DomainException))
#5 {main}
  thrown
in SYSTEMPATH/Format/JSONFormatter.php on line 41.
 1 [internal function]: CodeIgniter\Debug\Exceptions->shutdownHandler()
CRITICAL - 2023-02-28 08:39:28 --> Syntax error, malformed JSON
in VENDORPATH/firebase/php-jwt/src/JWT.php on line 493.
 1 VENDORPATH/firebase/php-jwt/src/JWT.php(353): Firebase\JWT\JWT::handleJsonError(4)
 2 VENDORPATH/firebase/php-jwt/src/JWT.php(107): Firebase\JWT\JWT::jsonDecode('ãž¸ç®x')
 3 APPPATH/Models/Auth.php(37): Firebase\JWT\JWT::decode('45645654y.rty45.45y45y', Object(Firebase\JWT\Key))
 4 APPPATH/Controllers/Meters.php(154): App\Models\Auth->auth()
 5 SYSTEMPATH/CodeIgniter.php(927): App\Controllers\Meters->telegram()
 6 SYSTEMPATH/CodeIgniter.php(482): CodeIgniter\CodeIgniter->runController(Object(App\Controllers\Meters))
 7 SYSTEMPATH/CodeIgniter.php(351): CodeIgniter\CodeIgniter->handleRequest(null, Object(Config\Cache), false)
 8 FCPATH/index.php(67): CodeIgniter\CodeIgniter->run()
CRITICAL - 2023-02-28 08:39:28 --> Uncaught CodeIgniter\Format\Exceptions\FormatException: Failed to parse json string, error: "Malformed UTF-8 characters, possibly incorrectly encoded". in /ext/WWW/konex.com.ua/zayavki/system/Format/JSONFormatter.php:41
Stack trace:
#0 /ext/WWW/konex.com.ua/zayavki/system/Format/JSONFormatter.php(41): CodeIgniter\Format\Exceptions\FormatException::forInvalidJSON('Malformed UTF-8...')
#1 /ext/WWW/konex.com.ua/zayavki/system/API/ResponseTrait.php(348): CodeIgniter\Format\JSONFormatter->format(Array)
#2 /ext/WWW/konex.com.ua/zayavki/system/API/ResponseTrait.php(99): CodeIgniter\Debug\Exceptions->format(Array)
#3 /ext/WWW/konex.com.ua/zayavki/system/Debug/Exceptions.php(133): CodeIgniter\Debug\Exceptions->respond(Array, 500)
#4 [internal function]: CodeIgniter\Debug\Exceptions->exceptionHandler(Object(DomainException))
#5 {main}
  thrown
in SYSTEMPATH/Format/JSONFormatter.php on line 41.
 1 [internal function]: CodeIgniter\Debug\Exceptions->shutdownHandler()
CRITICAL - 2023-02-28 08:39:43 --> Syntax error, malformed JSON
in VENDORPATH/firebase/php-jwt/src/JWT.php on line 493.
 1 VENDORPATH/firebase/php-jwt/src/JWT.php(353): Firebase\JWT\JWT::handleJsonError(4)
 2 VENDORPATH/firebase/php-jwt/src/JWT.php(107): Firebase\JWT\JWT::jsonDecode('ãž¸ç®x')
 3 APPPATH/Models/Auth.php(37): Firebase\JWT\JWT::decode('45645654y.rty45.45y45y', Object(Firebase\JWT\Key))
 4 APPPATH/Controllers/Meters.php(154): App\Models\Auth->auth()
 5 SYSTEMPATH/CodeIgniter.php(927): App\Controllers\Meters->telegram()
 6 SYSTEMPATH/CodeIgniter.php(482): CodeIgniter\CodeIgniter->runController(Object(App\Controllers\Meters))
 7 SYSTEMPATH/CodeIgniter.php(351): CodeIgniter\CodeIgniter->handleRequest(null, Object(Config\Cache), false)
 8 FCPATH/index.php(67): CodeIgniter\CodeIgniter->run()
CRITICAL - 2023-02-28 08:39:43 --> Uncaught CodeIgniter\Format\Exceptions\FormatException: Failed to parse json string, error: "Malformed UTF-8 characters, possibly incorrectly encoded". in /ext/WWW/konex.com.ua/zayavki/system/Format/JSONFormatter.php:41
Stack trace:
#0 /ext/WWW/konex.com.ua/zayavki/system/Format/JSONFormatter.php(41): CodeIgniter\Format\Exceptions\FormatException::forInvalidJSON('Malformed UTF-8...')
#1 /ext/WWW/konex.com.ua/zayavki/system/API/ResponseTrait.php(348): CodeIgniter\Format\JSONFormatter->format(Array)
#2 /ext/WWW/konex.com.ua/zayavki/system/API/ResponseTrait.php(99): CodeIgniter\Debug\Exceptions->format(Array)
#3 /ext/WWW/konex.com.ua/zayavki/system/Debug/Exceptions.php(133): CodeIgniter\Debug\Exceptions->respond(Array, 500)
#4 [internal function]: CodeIgniter\Debug\Exceptions->exceptionHandler(Object(DomainException))
#5 {main}
  thrown
in SYSTEMPATH/Format/JSONFormatter.php on line 41.
 1 [internal function]: CodeIgniter\Debug\Exceptions->shutdownHandler()
CRITICAL - 2023-02-28 08:43:35 --> Key material must not be empty
in VENDORPATH/firebase/php-jwt/src/Key.php on line 35.
 1 APPPATH/Models/Auth.php(76): Firebase\JWT\Key->__construct('ROOTPATH/public', 'RS256')
 2 APPPATH/Controllers/Meters.php(154): App\Models\Auth->auth()
 3 SYSTEMPATH/CodeIgniter.php(927): App\Controllers\Meters->telegram()
 4 SYSTEMPATH/CodeIgniter.php(482): CodeIgniter\CodeIgniter->runController(Object(App\Controllers\Meters))
 5 SYSTEMPATH/CodeIgniter.php(351): CodeIgniter\CodeIgniter->handleRequest(null, Object(Config\Cache), false)
 6 FCPATH/index.php(67): CodeIgniter\CodeIgniter->run()
CRITICAL - 2023-02-28 08:45:05 --> syntax error, unexpected ','
in APPPATH/Models/Auth.php on line 78.
 1 SYSTEMPATH/Autoloader/Autoloader.php(259): CodeIgniter\Autoloader\Autoloader->includeFile('APPPATH/Models/Auth.php')
 2 SYSTEMPATH/Autoloader/Autoloader.php(237): CodeIgniter\Autoloader\Autoloader->loadInNamespace('App\\Models\\Auth')
 3 [internal function]: CodeIgniter\Autoloader\Autoloader->loadClass('App\\Models\\Auth')
 4 APPPATH/Controllers/Meters.php(25): spl_autoload_call('App\\Models\\Auth')
 5 SYSTEMPATH/CodeIgniter.php(889): App\Controllers\Meters->__construct()
 6 SYSTEMPATH/CodeIgniter.php(473): CodeIgniter\CodeIgniter->createController()
 7 SYSTEMPATH/CodeIgniter.php(351): CodeIgniter\CodeIgniter->handleRequest(null, Object(Config\Cache), false)
 8 FCPATH/index.php(67): CodeIgniter\CodeIgniter->run()
CRITICAL - 2023-02-28 08:46:13 --> Trying to get property 'status' of non-object
in APPPATH/Controllers/Meters.php on line 155.
 1 APPPATH/Controllers/Meters.php(155): CodeIgniter\Debug\Exceptions->errorHandler(8, 'Trying to get property \'status\' of non-object', 'APPPATH/Controllers/Meters.php', 155, [...])
 2 SYSTEMPATH/CodeIgniter.php(927): App\Controllers\Meters->telegram()
 3 SYSTEMPATH/CodeIgniter.php(482): CodeIgniter\CodeIgniter->runController(Object(App\Controllers\Meters))
 4 SYSTEMPATH/CodeIgniter.php(351): CodeIgniter\CodeIgniter->handleRequest(null, Object(Config\Cache), false)
 5 FCPATH/index.php(67): CodeIgniter\CodeIgniter->run()
CRITICAL - 2023-02-28 08:47:45 --> Trying to get property 'status' of non-object
in APPPATH/Controllers/Meters.php on line 155.
 1 APPPATH/Controllers/Meters.php(155): CodeIgniter\Debug\Exceptions->errorHandler(8, 'Trying to get property \'status\' of non-object', 'APPPATH/Controllers/Meters.php', 155, [...])
 2 SYSTEMPATH/CodeIgniter.php(927): App\Controllers\Meters->telegram()
 3 SYSTEMPATH/CodeIgniter.php(482): CodeIgniter\CodeIgniter->runController(Object(App\Controllers\Meters))
 4 SYSTEMPATH/CodeIgniter.php(351): CodeIgniter\CodeIgniter->handleRequest(null, Object(Config\Cache), false)
 5 FCPATH/index.php(67): CodeIgniter\CodeIgniter->run()
CRITICAL - 2023-02-28 08:47:49 --> Trying to get property 'status' of non-object
in APPPATH/Controllers/Meters.php on line 155.
 1 APPPATH/Controllers/Meters.php(155): CodeIgniter\Debug\Exceptions->errorHandler(8, 'Trying to get property \'status\' of non-object', 'APPPATH/Controllers/Meters.php', 155, [...])
 2 SYSTEMPATH/CodeIgniter.php(927): App\Controllers\Meters->telegram()
 3 SYSTEMPATH/CodeIgniter.php(482): CodeIgniter\CodeIgniter->runController(Object(App\Controllers\Meters))
 4 SYSTEMPATH/CodeIgniter.php(351): CodeIgniter\CodeIgniter->handleRequest(null, Object(Config\Cache), false)
 5 FCPATH/index.php(67): CodeIgniter\CodeIgniter->run()
CRITICAL - 2023-02-28 08:48:06 --> Trying to get property 'status' of non-object
in APPPATH/Controllers/Meters.php on line 155.
 1 APPPATH/Controllers/Meters.php(155): CodeIgniter\Debug\Exceptions->errorHandler(8, 'Trying to get property \'status\' of non-object', 'APPPATH/Controllers/Meters.php', 155, [...])
 2 SYSTEMPATH/CodeIgniter.php(927): App\Controllers\Meters->telegram()
 3 SYSTEMPATH/CodeIgniter.php(482): CodeIgniter\CodeIgniter->runController(Object(App\Controllers\Meters))
 4 SYSTEMPATH/CodeIgniter.php(351): CodeIgniter\CodeIgniter->handleRequest(null, Object(Config\Cache), false)
 5 FCPATH/index.php(67): CodeIgniter\CodeIgniter->run()
CRITICAL - 2023-02-28 08:49:26 --> Syntax error, malformed JSON
in VENDORPATH/firebase/php-jwt/src/JWT.php on line 493.
 1 VENDORPATH/firebase/php-jwt/src/JWT.php(353): Firebase\JWT\JWT::handleJsonError(4)
 2 VENDORPATH/firebase/php-jwt/src/JWT.php(107): Firebase\JWT\JWT::jsonDecode('ãž¸ç®x')
 3 APPPATH/Models/Auth.php(41): Firebase\JWT\JWT::decode('45645654y.rty45.45y45y', Object(Firebase\JWT\Key))
 4 APPPATH/Controllers/Meters.php(154): App\Models\Auth->auth()
 5 SYSTEMPATH/CodeIgniter.php(927): App\Controllers\Meters->telegram()
 6 SYSTEMPATH/CodeIgniter.php(482): CodeIgniter\CodeIgniter->runController(Object(App\Controllers\Meters))
 7 SYSTEMPATH/CodeIgniter.php(351): CodeIgniter\CodeIgniter->handleRequest(null, Object(Config\Cache), false)
 8 FCPATH/index.php(67): CodeIgniter\CodeIgniter->run()
CRITICAL - 2023-02-28 08:49:27 --> Uncaught CodeIgniter\Format\Exceptions\FormatException: Failed to parse json string, error: "Malformed UTF-8 characters, possibly incorrectly encoded". in /ext/WWW/konex.com.ua/zayavki/system/Format/JSONFormatter.php:41
Stack trace:
#0 /ext/WWW/konex.com.ua/zayavki/system/Format/JSONFormatter.php(41): CodeIgniter\Format\Exceptions\FormatException::forInvalidJSON('Malformed UTF-8...')
#1 /ext/WWW/konex.com.ua/zayavki/system/API/ResponseTrait.php(348): CodeIgniter\Format\JSONFormatter->format(Array)
#2 /ext/WWW/konex.com.ua/zayavki/system/API/ResponseTrait.php(99): CodeIgniter\Debug\Exceptions->format(Array)
#3 /ext/WWW/konex.com.ua/zayavki/system/Debug/Exceptions.php(133): CodeIgniter\Debug\Exceptions->respond(Array, 500)
#4 [internal function]: CodeIgniter\Debug\Exceptions->exceptionHandler(Object(DomainException))
#5 {main}
  thrown
in SYSTEMPATH/Format/JSONFormatter.php on line 41.
 1 [internal function]: CodeIgniter\Debug\Exceptions->shutdownHandler()
CRITICAL - 2023-02-28 08:56:13 --> Undefined variable: e
in APPPATH/Models/Auth.php on line 51.
 1 APPPATH/Models/Auth.php(51): CodeIgniter\Debug\Exceptions->errorHandler(8, 'Undefined variable: e', 'APPPATH/Models/Auth.php', 51, [...])
 2 APPPATH/Controllers/Meters.php(154): App\Models\Auth->auth()
 3 SYSTEMPATH/CodeIgniter.php(927): App\Controllers\Meters->telegram()
 4 SYSTEMPATH/CodeIgniter.php(482): CodeIgniter\CodeIgniter->runController(Object(App\Controllers\Meters))
 5 SYSTEMPATH/CodeIgniter.php(351): CodeIgniter\CodeIgniter->handleRequest(null, Object(Config\Cache), false)
 6 FCPATH/index.php(67): CodeIgniter\CodeIgniter->run()
CRITICAL - 2023-02-28 08:58:25 --> Class 'App\Models\DateTimeImmutable' not found
in APPPATH/Models/Auth.php on line 61.
 1 APPPATH/Controllers/Meters.php(154): App\Models\Auth->auth()
 2 SYSTEMPATH/CodeIgniter.php(927): App\Controllers\Meters->telegram()
 3 SYSTEMPATH/CodeIgniter.php(482): CodeIgniter\CodeIgniter->runController(Object(App\Controllers\Meters))
 4 SYSTEMPATH/CodeIgniter.php(351): CodeIgniter\CodeIgniter->handleRequest(null, Object(Config\Cache), false)
 5 FCPATH/index.php(67): CodeIgniter\CodeIgniter->run()
CRITICAL - 2023-02-28 08:58:42 --> Undefined property: stdClass::$nbf
in APPPATH/Models/Auth.php on line 64.
 1 APPPATH/Models/Auth.php(64): CodeIgniter\Debug\Exceptions->errorHandler(8, 'Undefined property: stdClass::$nbf', 'APPPATH/Models/Auth.php', 64, [...])
 2 APPPATH/Controllers/Meters.php(154): App\Models\Auth->auth()
 3 SYSTEMPATH/CodeIgniter.php(927): App\Controllers\Meters->telegram()
 4 SYSTEMPATH/CodeIgniter.php(482): CodeIgniter\CodeIgniter->runController(Object(App\Controllers\Meters))
 5 SYSTEMPATH/CodeIgniter.php(351): CodeIgniter\CodeIgniter->handleRequest(null, Object(Config\Cache), false)
 6 FCPATH/index.php(67): CodeIgniter\CodeIgniter->run()
CRITICAL - 2023-02-28 08:59:46 --> Undefined variable: e
in APPPATH/Models/Auth.php on line 51.
 1 APPPATH/Models/Auth.php(51): CodeIgniter\Debug\Exceptions->errorHandler(8, 'Undefined variable: e', 'APPPATH/Models/Auth.php', 51, [...])
 2 APPPATH/Controllers/Meters.php(154): App\Models\Auth->auth()
 3 SYSTEMPATH/CodeIgniter.php(927): App\Controllers\Meters->telegram()
 4 SYSTEMPATH/CodeIgniter.php(482): CodeIgniter\CodeIgniter->runController(Object(App\Controllers\Meters))
 5 SYSTEMPATH/CodeIgniter.php(351): CodeIgniter\CodeIgniter->handleRequest(null, Object(Config\Cache), false)
 6 FCPATH/index.php(67): CodeIgniter\CodeIgniter->run()
CRITICAL - 2023-02-28 09:00:55 --> Undefined property: stdClass::$nbf
in APPPATH/Models/Auth.php on line 64.
 1 APPPATH/Models/Auth.php(64): CodeIgniter\Debug\Exceptions->errorHandler(8, 'Undefined property: stdClass::$nbf', 'APPPATH/Models/Auth.php', 64, [...])
 2 APPPATH/Controllers/Meters.php(154): App\Models\Auth->auth()
 3 SYSTEMPATH/CodeIgniter.php(927): App\Controllers\Meters->telegram()
 4 SYSTEMPATH/CodeIgniter.php(482): CodeIgniter\CodeIgniter->runController(Object(App\Controllers\Meters))
 5 SYSTEMPATH/CodeIgniter.php(351): CodeIgniter\CodeIgniter->handleRequest(null, Object(Config\Cache), false)
 6 FCPATH/index.php(67): CodeIgniter\CodeIgniter->run()
CRITICAL - 2023-02-28 09:01:37 --> Undefined property: stdClass::$nbf
in APPPATH/Models/Auth.php on line 65.
 1 APPPATH/Models/Auth.php(65): CodeIgniter\Debug\Exceptions->errorHandler(8, 'Undefined property: stdClass::$nbf', 'APPPATH/Models/Auth.php', 65, [...])
 2 APPPATH/Controllers/Meters.php(154): App\Models\Auth->auth()
 3 SYSTEMPATH/CodeIgniter.php(927): App\Controllers\Meters->telegram()
 4 SYSTEMPATH/CodeIgniter.php(482): CodeIgniter\CodeIgniter->runController(Object(App\Controllers\Meters))
 5 SYSTEMPATH/CodeIgniter.php(351): CodeIgniter\CodeIgniter->handleRequest(null, Object(Config\Cache), false)
 6 FCPATH/index.php(67): CodeIgniter\CodeIgniter->run()
CRITICAL - 2023-02-28 09:02:50 --> Undefined property: stdClass::$nbf
in APPPATH/Models/Auth.php on line 65.
 1 APPPATH/Models/Auth.php(65): CodeIgniter\Debug\Exceptions->errorHandler(8, 'Undefined property: stdClass::$nbf', 'APPPATH/Models/Auth.php', 65, [...])
 2 APPPATH/Controllers/Meters.php(154): App\Models\Auth->auth()
 3 SYSTEMPATH/CodeIgniter.php(927): App\Controllers\Meters->telegram()
 4 SYSTEMPATH/CodeIgniter.php(482): CodeIgniter\CodeIgniter->runController(Object(App\Controllers\Meters))
 5 SYSTEMPATH/CodeIgniter.php(351): CodeIgniter\CodeIgniter->handleRequest(null, Object(Config\Cache), false)
 6 FCPATH/index.php(67): CodeIgniter\CodeIgniter->run()
CRITICAL - 2023-02-28 09:04:44 --> Undefined property: stdClass::$nbf
in APPPATH/Models/Auth.php on line 65.
 1 APPPATH/Models/Auth.php(65): CodeIgniter\Debug\Exceptions->errorHandler(8, 'Undefined property: stdClass::$nbf', 'APPPATH/Models/Auth.php', 65, [...])
 2 APPPATH/Controllers/Meters.php(154): App\Models\Auth->auth()
 3 SYSTEMPATH/CodeIgniter.php(927): App\Controllers\Meters->telegram()
 4 SYSTEMPATH/CodeIgniter.php(482): CodeIgniter\CodeIgniter->runController(Object(App\Controllers\Meters))
 5 SYSTEMPATH/CodeIgniter.php(351): CodeIgniter\CodeIgniter->handleRequest(null, Object(Config\Cache), false)
 6 FCPATH/index.php(67): CodeIgniter\CodeIgniter->run()
CRITICAL - 2023-02-28 09:06:40 --> Undefined property: stdClass::$nbf
in APPPATH/Models/Auth.php on line 66.
 1 APPPATH/Models/Auth.php(66): CodeIgniter\Debug\Exceptions->errorHandler(8, 'Undefined property: stdClass::$nbf', 'APPPATH/Models/Auth.php', 66, [...])
 2 APPPATH/Controllers/Meters.php(154): App\Models\Auth->auth()
 3 SYSTEMPATH/CodeIgniter.php(927): App\Controllers\Meters->telegram()
 4 SYSTEMPATH/CodeIgniter.php(482): CodeIgniter\CodeIgniter->runController(Object(App\Controllers\Meters))
 5 SYSTEMPATH/CodeIgniter.php(351): CodeIgniter\CodeIgniter->handleRequest(null, Object(Config\Cache), false)
 6 FCPATH/index.php(67): CodeIgniter\CodeIgniter->run()
CRITICAL - 2023-02-28 09:06:49 --> Undefined property: stdClass::$nbf
in APPPATH/Models/Auth.php on line 66.
 1 APPPATH/Models/Auth.php(66): CodeIgniter\Debug\Exceptions->errorHandler(8, 'Undefined property: stdClass::$nbf', 'APPPATH/Models/Auth.php', 66, [...])
 2 APPPATH/Controllers/Meters.php(154): App\Models\Auth->auth()
 3 SYSTEMPATH/CodeIgniter.php(927): App\Controllers\Meters->telegram()
 4 SYSTEMPATH/CodeIgniter.php(482): CodeIgniter\CodeIgniter->runController(Object(App\Controllers\Meters))
 5 SYSTEMPATH/CodeIgniter.php(351): CodeIgniter\CodeIgniter->handleRequest(null, Object(Config\Cache), false)
 6 FCPATH/index.php(67): CodeIgniter\CodeIgniter->run()
CRITICAL - 2023-02-28 09:07:18 --> Undefined property: stdClass::$nbf
in APPPATH/Models/Auth.php on line 66.
 1 APPPATH/Models/Auth.php(66): CodeIgniter\Debug\Exceptions->errorHandler(8, 'Undefined property: stdClass::$nbf', 'APPPATH/Models/Auth.php', 66, [...])
 2 APPPATH/Controllers/Meters.php(154): App\Models\Auth->auth()
 3 SYSTEMPATH/CodeIgniter.php(927): App\Controllers\Meters->telegram()
 4 SYSTEMPATH/CodeIgniter.php(482): CodeIgniter\CodeIgniter->runController(Object(App\Controllers\Meters))
 5 SYSTEMPATH/CodeIgniter.php(351): CodeIgniter\CodeIgniter->handleRequest(null, Object(Config\Cache), false)
 6 FCPATH/index.php(67): CodeIgniter\CodeIgniter->run()
CRITICAL - 2023-02-28 09:10:45 --> Undefined property: stdClass::$nbf
in APPPATH/Models/Auth.php on line 65.
 1 APPPATH/Models/Auth.php(65): CodeIgniter\Debug\Exceptions->errorHandler(8, 'Undefined property: stdClass::$nbf', 'APPPATH/Models/Auth.php', 65, [...])
 2 APPPATH/Controllers/Meters.php(154): App\Models\Auth->auth()
 3 SYSTEMPATH/CodeIgniter.php(927): App\Controllers\Meters->telegram()
 4 SYSTEMPATH/CodeIgniter.php(482): CodeIgniter\CodeIgniter->runController(Object(App\Controllers\Meters))
 5 SYSTEMPATH/CodeIgniter.php(351): CodeIgniter\CodeIgniter->handleRequest(null, Object(Config\Cache), false)
 6 FCPATH/index.php(67): CodeIgniter\CodeIgniter->run()
CRITICAL - 2023-02-28 09:10:59 --> Undefined property: stdClass::$nbf
in APPPATH/Models/Auth.php on line 66.
 1 APPPATH/Models/Auth.php(66): CodeIgniter\Debug\Exceptions->errorHandler(8, 'Undefined property: stdClass::$nbf', 'APPPATH/Models/Auth.php', 66, [...])
 2 APPPATH/Controllers/Meters.php(154): App\Models\Auth->auth()
 3 SYSTEMPATH/CodeIgniter.php(927): App\Controllers\Meters->telegram()
 4 SYSTEMPATH/CodeIgniter.php(482): CodeIgniter\CodeIgniter->runController(Object(App\Controllers\Meters))
 5 SYSTEMPATH/CodeIgniter.php(351): CodeIgniter\CodeIgniter->handleRequest(null, Object(Config\Cache), false)
 6 FCPATH/index.php(67): CodeIgniter\CodeIgniter->run()
CRITICAL - 2023-02-28 09:31:21 --> Cannot access protected property CodeIgniter\HTTP\IncomingRequest::$body
in APPPATH/Models/Telegram.php on line 11.
 1 APPPATH/Controllers/Meters.php(158): App\Models\Telegram->telegram(Object(CodeIgniter\HTTP\IncomingRequest))
 2 SYSTEMPATH/CodeIgniter.php(927): App\Controllers\Meters->telegram()
 3 SYSTEMPATH/CodeIgniter.php(482): CodeIgniter\CodeIgniter->runController(Object(App\Controllers\Meters))
 4 SYSTEMPATH/CodeIgniter.php(351): CodeIgniter\CodeIgniter->handleRequest(null, Object(Config\Cache), false)
 5 FCPATH/index.php(67): CodeIgniter\CodeIgniter->run()
CRITICAL - 2023-02-28 10:05:31 --> file_get_contents() expects parameter 1 to be a valid path, object given
in APPPATH/Models/Telegram.php on line 12.
 1 [internal function]: CodeIgniter\Debug\Exceptions->errorHandler(2, 'file_get_contents() expects parameter 1 to be a valid path, object given', 'APPPATH/Models/Telegram.php', 12, [...])
 2 APPPATH/Models/Telegram.php(12): file_get_contents(Object(CodeIgniter\HTTP\IncomingRequest))
 3 APPPATH/Controllers/Meters.php(158): App\Models\Telegram->telegram(Object(CodeIgniter\HTTP\IncomingRequest))
 4 SYSTEMPATH/CodeIgniter.php(927): App\Controllers\Meters->telegram()
 5 SYSTEMPATH/CodeIgniter.php(482): CodeIgniter\CodeIgniter->runController(Object(App\Controllers\Meters))
 6 SYSTEMPATH/CodeIgniter.php(351): CodeIgniter\CodeIgniter->handleRequest(null, Object(Config\Cache), false)
 7 FCPATH/index.php(67): CodeIgniter\CodeIgniter->run()
