CRITICAL - 2023-03-03 05:36:01 --> syntax error, unexpected '}', expecting '('
in APPPATH/Models/Telegram.php on line 22.
 1 SYSTEMPATH/Autoloader/Autoloader.php(259): CodeIgniter\Autoloader\Autoloader->includeFile('APPPATH/Models/Telegram.php')
 2 SYSTEMPATH/Autoloader/Autoloader.php(237): CodeIgniter\Autoloader\Autoloader->loadInNamespace('App\\Models\\Telegram')
 3 [internal function]: CodeIgniter\Autoloader\Autoloader->loadClass('App\\Models\\Telegram')
 4 APPPATH/Controllers/Meters.php(26): spl_autoload_call('App\\Models\\Telegram')
 5 SYSTEMPATH/CodeIgniter.php(889): App\Controllers\Meters->__construct()
 6 SYSTEMPATH/CodeIgniter.php(473): CodeIgniter\CodeIgniter->createController()
 7 SYSTEMPATH/CodeIgniter.php(351): CodeIgniter\CodeIgniter->handleRequest(null, Object(Config\Cache), false)
 8 FCPATH/index.php(67): CodeIgniter\CodeIgniter->run()
CRITICAL - 2023-03-03 05:38:58 --> syntax error, unexpected '}', expecting '('
in APPPATH/Models/Telegram.php on line 26.
 1 SYSTEMPATH/Autoloader/Autoloader.php(259): CodeIgniter\Autoloader\Autoloader->includeFile('APPPATH/Models/Telegram.php')
 2 SYSTEMPATH/Autoloader/Autoloader.php(237): CodeIgniter\Autoloader\Autoloader->loadInNamespace('App\\Models\\Telegram')
 3 [internal function]: CodeIgniter\Autoloader\Autoloader->loadClass('App\\Models\\Telegram')
 4 APPPATH/Controllers/Meters.php(26): spl_autoload_call('App\\Models\\Telegram')
 5 SYSTEMPATH/CodeIgniter.php(889): App\Controllers\Meters->__construct()
 6 SYSTEMPATH/CodeIgniter.php(473): CodeIgniter\CodeIgniter->createController()
 7 SYSTEMPATH/CodeIgniter.php(351): CodeIgniter\CodeIgniter->handleRequest(null, Object(Config\Cache), false)
 8 FCPATH/index.php(67): CodeIgniter\CodeIgniter->run()
CRITICAL - 2023-03-03 05:41:40 --> syntax error, unexpected '}', expecting '('
in APPPATH/Models/Telegram.php on line 26.
 1 SYSTEMPATH/Autoloader/Autoloader.php(259): CodeIgniter\Autoloader\Autoloader->includeFile('APPPATH/Models/Telegram.php')
 2 SYSTEMPATH/Autoloader/Autoloader.php(237): CodeIgniter\Autoloader\Autoloader->loadInNamespace('App\\Models\\Telegram')
 3 [internal function]: CodeIgniter\Autoloader\Autoloader->loadClass('App\\Models\\Telegram')
 4 APPPATH/Controllers/Meters.php(26): spl_autoload_call('App\\Models\\Telegram')
 5 SYSTEMPATH/CodeIgniter.php(889): App\Controllers\Meters->__construct()
 6 SYSTEMPATH/CodeIgniter.php(473): CodeIgniter\CodeIgniter->createController()
 7 SYSTEMPATH/CodeIgniter.php(351): CodeIgniter\CodeIgniter->handleRequest(null, Object(Config\Cache), false)
 8 FCPATH/index.php(67): CodeIgniter\CodeIgniter->run()
CRITICAL - 2023-03-03 05:44:07 --> syntax error, unexpected '}', expecting '('
in APPPATH/Models/Telegram.php on line 26.
 1 SYSTEMPATH/Autoloader/Autoloader.php(259): CodeIgniter\Autoloader\Autoloader->includeFile('APPPATH/Models/Telegram.php')
 2 SYSTEMPATH/Autoloader/Autoloader.php(237): CodeIgniter\Autoloader\Autoloader->loadInNamespace('App\\Models\\Telegram')
 3 [internal function]: CodeIgniter\Autoloader\Autoloader->loadClass('App\\Models\\Telegram')
 4 APPPATH/Controllers/Meters.php(26): spl_autoload_call('App\\Models\\Telegram')
 5 SYSTEMPATH/CodeIgniter.php(889): App\Controllers\Meters->__construct()
 6 SYSTEMPATH/CodeIgniter.php(473): CodeIgniter\CodeIgniter->createController()
 7 SYSTEMPATH/CodeIgniter.php(351): CodeIgniter\CodeIgniter->handleRequest(null, Object(Config\Cache), false)
 8 FCPATH/index.php(67): CodeIgniter\CodeIgniter->run()
CRITICAL - 2023-03-03 05:46:52 --> syntax error, unexpected '}', expecting '('
in APPPATH/Models/Telegram.php on line 26.
 1 SYSTEMPATH/Autoloader/Autoloader.php(259): CodeIgniter\Autoloader\Autoloader->includeFile('APPPATH/Models/Telegram.php')
 2 SYSTEMPATH/Autoloader/Autoloader.php(237): CodeIgniter\Autoloader\Autoloader->loadInNamespace('App\\Models\\Telegram')
 3 [internal function]: CodeIgniter\Autoloader\Autoloader->loadClass('App\\Models\\Telegram')
 4 APPPATH/Controllers/Meters.php(26): spl_autoload_call('App\\Models\\Telegram')
 5 SYSTEMPATH/CodeIgniter.php(889): App\Controllers\Meters->__construct()
 6 SYSTEMPATH/CodeIgniter.php(473): CodeIgniter\CodeIgniter->createController()
 7 SYSTEMPATH/CodeIgniter.php(351): CodeIgniter\CodeIgniter->handleRequest(null, Object(Config\Cache), false)
 8 FCPATH/index.php(67): CodeIgniter\CodeIgniter->run()
CRITICAL - 2023-03-03 05:51:45 --> syntax error, unexpected '}', expecting ']'
in APPPATH/Models/Telegram.php on line 29.
 1 SYSTEMPATH/Autoloader/Autoloader.php(259): CodeIgniter\Autoloader\Autoloader->includeFile('APPPATH/Models/Telegram.php')
 2 SYSTEMPATH/Autoloader/Autoloader.php(237): CodeIgniter\Autoloader\Autoloader->loadInNamespace('App\\Models\\Telegram')
 3 [internal function]: CodeIgniter\Autoloader\Autoloader->loadClass('App\\Models\\Telegram')
 4 APPPATH/Controllers/Meters.php(26): spl_autoload_call('App\\Models\\Telegram')
 5 SYSTEMPATH/CodeIgniter.php(889): App\Controllers\Meters->__construct()
 6 SYSTEMPATH/CodeIgniter.php(473): CodeIgniter\CodeIgniter->createController()
 7 SYSTEMPATH/CodeIgniter.php(351): CodeIgniter\CodeIgniter->handleRequest(null, Object(Config\Cache), false)
 8 FCPATH/index.php(67): CodeIgniter\CodeIgniter->run()
CRITICAL - 2023-03-03 05:54:16 --> syntax error, unexpected '}', expecting ']'
in APPPATH/Models/Telegram.php on line 29.
 1 SYSTEMPATH/Autoloader/Autoloader.php(259): CodeIgniter\Autoloader\Autoloader->includeFile('APPPATH/Models/Telegram.php')
 2 SYSTEMPATH/Autoloader/Autoloader.php(237): CodeIgniter\Autoloader\Autoloader->loadInNamespace('App\\Models\\Telegram')
 3 [internal function]: CodeIgniter\Autoloader\Autoloader->loadClass('App\\Models\\Telegram')
 4 APPPATH/Controllers/Meters.php(26): spl_autoload_call('App\\Models\\Telegram')
 5 SYSTEMPATH/CodeIgniter.php(889): App\Controllers\Meters->__construct()
 6 SYSTEMPATH/CodeIgniter.php(473): CodeIgniter\CodeIgniter->createController()
 7 SYSTEMPATH/CodeIgniter.php(351): CodeIgniter\CodeIgniter->handleRequest(null, Object(Config\Cache), false)
 8 FCPATH/index.php(67): CodeIgniter\CodeIgniter->run()
CRITICAL - 2023-03-03 05:57:13 --> syntax error, unexpected '}', expecting ';'
in APPPATH/Models/Telegram.php on line 32.
 1 SYSTEMPATH/Autoloader/Autoloader.php(259): CodeIgniter\Autoloader\Autoloader->includeFile('APPPATH/Models/Telegram.php')
 2 SYSTEMPATH/Autoloader/Autoloader.php(237): CodeIgniter\Autoloader\Autoloader->loadInNamespace('App\\Models\\Telegram')
 3 [internal function]: CodeIgniter\Autoloader\Autoloader->loadClass('App\\Models\\Telegram')
 4 APPPATH/Controllers/Meters.php(26): spl_autoload_call('App\\Models\\Telegram')
 5 SYSTEMPATH/CodeIgniter.php(889): App\Controllers\Meters->__construct()
 6 SYSTEMPATH/CodeIgniter.php(473): CodeIgniter\CodeIgniter->createController()
 7 SYSTEMPATH/CodeIgniter.php(351): CodeIgniter\CodeIgniter->handleRequest(null, Object(Config\Cache), false)
 8 FCPATH/index.php(67): CodeIgniter\CodeIgniter->run()
CRITICAL - 2023-03-03 06:04:39 --> Too few arguments to function App\Models\Telegram::logics(), 1 passed in /ext/WWW/konex.com.ua/zayavki/app/Models/Telegram.php on line 15 and exactly 2 expected
in APPPATH/Models/Telegram.php on line 18.
 1 APPPATH/Models/Telegram.php(15): App\Models\Telegram->logics([])
 2 APPPATH/Controllers/Meters.php(158): App\Models\Telegram->telegram()
 3 SYSTEMPATH/CodeIgniter.php(927): App\Controllers\Meters->telegram()
 4 SYSTEMPATH/CodeIgniter.php(482): CodeIgniter\CodeIgniter->runController(Object(App\Controllers\Meters))
 5 SYSTEMPATH/CodeIgniter.php(351): CodeIgniter\CodeIgniter->handleRequest(null, Object(Config\Cache), false)
 6 FCPATH/index.php(67): CodeIgniter\CodeIgniter->run()
CRITICAL - 2023-03-03 06:07:19 --> Undefined index: 
in APPPATH/Models/Telegram.php on line 15.
 1 APPPATH/Models/Telegram.php(15): CodeIgniter\Debug\Exceptions->errorHandler(8, 'Undefined index: ', 'APPPATH/Models/Telegram.php', 15, [...])
 2 APPPATH/Controllers/Meters.php(158): App\Models\Telegram->telegram()
 3 SYSTEMPATH/CodeIgniter.php(927): App\Controllers\Meters->telegram()
 4 SYSTEMPATH/CodeIgniter.php(482): CodeIgniter\CodeIgniter->runController(Object(App\Controllers\Meters))
 5 SYSTEMPATH/CodeIgniter.php(351): CodeIgniter\CodeIgniter->handleRequest(null, Object(Config\Cache), false)
 6 FCPATH/index.php(67): CodeIgniter\CodeIgniter->run()
CRITICAL - 2023-03-03 06:10:04 --> Cannot redeclare App\Models\User::findUserByChatId()
in APPPATH/Models/User.php on line 119.
 1 [internal function]: CodeIgniter\Debug\Exceptions->shutdownHandler()
CRITICAL - 2023-03-03 06:12:52 --> Cannot redeclare App\Models\User::findUserByChatId()
in APPPATH/Models/User.php on line 119.
 1 [internal function]: CodeIgniter\Debug\Exceptions->shutdownHandler()
CRITICAL - 2023-03-03 06:15:23 --> syntax error, unexpected '&&' (T_BOOLEAN_AND)
in APPPATH/Models/Telegram.php on line 33.
 1 SYSTEMPATH/Autoloader/Autoloader.php(259): CodeIgniter\Autoloader\Autoloader->includeFile('APPPATH/Models/Telegram.php')
 2 SYSTEMPATH/Autoloader/Autoloader.php(237): CodeIgniter\Autoloader\Autoloader->loadInNamespace('App\\Models\\Telegram')
 3 [internal function]: CodeIgniter\Autoloader\Autoloader->loadClass('App\\Models\\Telegram')
 4 APPPATH/Controllers/Meters.php(26): spl_autoload_call('App\\Models\\Telegram')
 5 SYSTEMPATH/CodeIgniter.php(889): App\Controllers\Meters->__construct()
 6 SYSTEMPATH/CodeIgniter.php(473): CodeIgniter\CodeIgniter->createController()
 7 SYSTEMPATH/CodeIgniter.php(351): CodeIgniter\CodeIgniter->handleRequest(null, Object(Config\Cache), false)
 8 FCPATH/index.php(67): CodeIgniter\CodeIgniter->run()
CRITICAL - 2023-03-03 06:18:10 --> syntax error, unexpected '&&' (T_BOOLEAN_AND)
in APPPATH/Models/Telegram.php on line 33.
 1 SYSTEMPATH/Autoloader/Autoloader.php(259): CodeIgniter\Autoloader\Autoloader->includeFile('APPPATH/Models/Telegram.php')
 2 SYSTEMPATH/Autoloader/Autoloader.php(237): CodeIgniter\Autoloader\Autoloader->loadInNamespace('App\\Models\\Telegram')
 3 [internal function]: CodeIgniter\Autoloader\Autoloader->loadClass('App\\Models\\Telegram')
 4 APPPATH/Controllers/Meters.php(26): spl_autoload_call('App\\Models\\Telegram')
 5 SYSTEMPATH/CodeIgniter.php(889): App\Controllers\Meters->__construct()
 6 SYSTEMPATH/CodeIgniter.php(473): CodeIgniter\CodeIgniter->createController()
 7 SYSTEMPATH/CodeIgniter.php(351): CodeIgniter\CodeIgniter->handleRequest(null, Object(Config\Cache), false)
 8 FCPATH/index.php(67): CodeIgniter\CodeIgniter->run()
CRITICAL - 2023-03-03 06:20:51 --> syntax error, unexpected '&&' (T_BOOLEAN_AND)
in APPPATH/Models/Telegram.php on line 34.
 1 SYSTEMPATH/Autoloader/Autoloader.php(259): CodeIgniter\Autoloader\Autoloader->includeFile('APPPATH/Models/Telegram.php')
 2 SYSTEMPATH/Autoloader/Autoloader.php(237): CodeIgniter\Autoloader\Autoloader->loadInNamespace('App\\Models\\Telegram')
 3 [internal function]: CodeIgniter\Autoloader\Autoloader->loadClass('App\\Models\\Telegram')
 4 APPPATH/Controllers/Meters.php(26): spl_autoload_call('App\\Models\\Telegram')
 5 SYSTEMPATH/CodeIgniter.php(889): App\Controllers\Meters->__construct()
 6 SYSTEMPATH/CodeIgniter.php(473): CodeIgniter\CodeIgniter->createController()
 7 SYSTEMPATH/CodeIgniter.php(351): CodeIgniter\CodeIgniter->handleRequest(null, Object(Config\Cache), false)
 8 FCPATH/index.php(67): CodeIgniter\CodeIgniter->run()
CRITICAL - 2023-03-03 06:23:15 --> syntax error, unexpected '&&' (T_BOOLEAN_AND)
in APPPATH/Models/Telegram.php on line 34.
 1 SYSTEMPATH/Autoloader/Autoloader.php(259): CodeIgniter\Autoloader\Autoloader->includeFile('APPPATH/Models/Telegram.php')
 2 SYSTEMPATH/Autoloader/Autoloader.php(237): CodeIgniter\Autoloader\Autoloader->loadInNamespace('App\\Models\\Telegram')
 3 [internal function]: CodeIgniter\Autoloader\Autoloader->loadClass('App\\Models\\Telegram')
 4 APPPATH/Controllers/Meters.php(26): spl_autoload_call('App\\Models\\Telegram')
 5 SYSTEMPATH/CodeIgniter.php(889): App\Controllers\Meters->__construct()
 6 SYSTEMPATH/CodeIgniter.php(473): CodeIgniter\CodeIgniter->createController()
 7 SYSTEMPATH/CodeIgniter.php(351): CodeIgniter\CodeIgniter->handleRequest(null, Object(Config\Cache), false)
 8 FCPATH/index.php(67): CodeIgniter\CodeIgniter->run()
CRITICAL - 2023-03-03 06:25:22 --> syntax error, unexpected '$', expecting variable (T_VARIABLE)
in APPPATH/Models/User.php on line 129.
 1 SYSTEMPATH/Autoloader/Autoloader.php(259): CodeIgniter\Autoloader\Autoloader->includeFile('APPPATH/Models/User.php')
 2 SYSTEMPATH/Autoloader/Autoloader.php(237): CodeIgniter\Autoloader\Autoloader->loadInNamespace('App\\Models\\User')
 3 [internal function]: CodeIgniter\Autoloader\Autoloader->loadClass('App\\Models\\User')
 4 APPPATH/Controllers/Meters.php(22): spl_autoload_call('App\\Models\\User')
 5 SYSTEMPATH/CodeIgniter.php(889): App\Controllers\Meters->__construct()
 6 SYSTEMPATH/CodeIgniter.php(473): CodeIgniter\CodeIgniter->createController()
 7 SYSTEMPATH/CodeIgniter.php(351): CodeIgniter\CodeIgniter->handleRequest(null, Object(Config\Cache), false)
 8 FCPATH/index.php(67): CodeIgniter\CodeIgniter->run()
CRITICAL - 2023-03-03 06:28:12 --> syntax error, unexpected '}'
in APPPATH/Models/User.php on line 132.
 1 SYSTEMPATH/Autoloader/Autoloader.php(259): CodeIgniter\Autoloader\Autoloader->includeFile('APPPATH/Models/User.php')
 2 SYSTEMPATH/Autoloader/Autoloader.php(237): CodeIgniter\Autoloader\Autoloader->loadInNamespace('App\\Models\\User')
 3 [internal function]: CodeIgniter\Autoloader\Autoloader->loadClass('App\\Models\\User')
 4 APPPATH/Controllers/Meters.php(22): spl_autoload_call('App\\Models\\User')
 5 SYSTEMPATH/CodeIgniter.php(889): App\Controllers\Meters->__construct()
 6 SYSTEMPATH/CodeIgniter.php(473): CodeIgniter\CodeIgniter->createController()
 7 SYSTEMPATH/CodeIgniter.php(351): CodeIgniter\CodeIgniter->handleRequest(null, Object(Config\Cache), false)
 8 FCPATH/index.php(67): CodeIgniter\CodeIgniter->run()
CRITICAL - 2023-03-03 06:30:14 --> syntax error, unexpected '$this' (T_VARIABLE)
in APPPATH/Models/Telegram.php on line 31.
 1 SYSTEMPATH/Autoloader/Autoloader.php(259): CodeIgniter\Autoloader\Autoloader->includeFile('APPPATH/Models/Telegram.php')
 2 SYSTEMPATH/Autoloader/Autoloader.php(237): CodeIgniter\Autoloader\Autoloader->loadInNamespace('App\\Models\\Telegram')
 3 [internal function]: CodeIgniter\Autoloader\Autoloader->loadClass('App\\Models\\Telegram')
 4 APPPATH/Controllers/Meters.php(26): spl_autoload_call('App\\Models\\Telegram')
 5 SYSTEMPATH/CodeIgniter.php(889): App\Controllers\Meters->__construct()
 6 SYSTEMPATH/CodeIgniter.php(473): CodeIgniter\CodeIgniter->createController()
 7 SYSTEMPATH/CodeIgniter.php(351): CodeIgniter\CodeIgniter->handleRequest(null, Object(Config\Cache), false)
 8 FCPATH/index.php(67): CodeIgniter\CodeIgniter->run()
CRITICAL - 2023-03-03 06:32:42 --> syntax error, unexpected '$this' (T_VARIABLE)
in APPPATH/Models/Telegram.php on line 31.
 1 SYSTEMPATH/Autoloader/Autoloader.php(259): CodeIgniter\Autoloader\Autoloader->includeFile('APPPATH/Models/Telegram.php')
 2 SYSTEMPATH/Autoloader/Autoloader.php(237): CodeIgniter\Autoloader\Autoloader->loadInNamespace('App\\Models\\Telegram')
 3 [internal function]: CodeIgniter\Autoloader\Autoloader->loadClass('App\\Models\\Telegram')
 4 APPPATH/Controllers/Meters.php(26): spl_autoload_call('App\\Models\\Telegram')
 5 SYSTEMPATH/CodeIgniter.php(889): App\Controllers\Meters->__construct()
 6 SYSTEMPATH/CodeIgniter.php(473): CodeIgniter\CodeIgniter->createController()
 7 SYSTEMPATH/CodeIgniter.php(351): CodeIgniter\CodeIgniter->handleRequest(null, Object(Config\Cache), false)
 8 FCPATH/index.php(67): CodeIgniter\CodeIgniter->run()
CRITICAL - 2023-03-03 06:35:26 --> syntax error, unexpected '$this' (T_VARIABLE)
in APPPATH/Models/Telegram.php on line 31.
 1 SYSTEMPATH/Autoloader/Autoloader.php(259): CodeIgniter\Autoloader\Autoloader->includeFile('APPPATH/Models/Telegram.php')
 2 SYSTEMPATH/Autoloader/Autoloader.php(237): CodeIgniter\Autoloader\Autoloader->loadInNamespace('App\\Models\\Telegram')
 3 [internal function]: CodeIgniter\Autoloader\Autoloader->loadClass('App\\Models\\Telegram')
 4 APPPATH/Controllers/Meters.php(26): spl_autoload_call('App\\Models\\Telegram')
 5 SYSTEMPATH/CodeIgniter.php(889): App\Controllers\Meters->__construct()
 6 SYSTEMPATH/CodeIgniter.php(473): CodeIgniter\CodeIgniter->createController()
 7 SYSTEMPATH/CodeIgniter.php(351): CodeIgniter\CodeIgniter->handleRequest(null, Object(Config\Cache), false)
 8 FCPATH/index.php(67): CodeIgniter\CodeIgniter->run()
CRITICAL - 2023-03-03 06:37:43 --> Too few arguments to function App\Models\Telegram::logics(), 1 passed in /ext/WWW/konex.com.ua/zayavki/app/Models/Telegram.php on line 19 and exactly 2 expected
in APPPATH/Models/Telegram.php on line 22.
 1 APPPATH/Models/Telegram.php(19): App\Models\Telegram->logics([])
 2 APPPATH/Controllers/Meters.php(158): App\Models\Telegram->telegram()
 3 SYSTEMPATH/CodeIgniter.php(927): App\Controllers\Meters->telegram()
 4 SYSTEMPATH/CodeIgniter.php(482): CodeIgniter\CodeIgniter->runController(Object(App\Controllers\Meters))
 5 SYSTEMPATH/CodeIgniter.php(351): CodeIgniter\CodeIgniter->handleRequest(null, Object(Config\Cache), false)
 6 FCPATH/index.php(67): CodeIgniter\CodeIgniter->run()
CRITICAL - 2023-03-03 06:39:43 --> Too few arguments to function App\Models\Telegram::logics(), 1 passed in /ext/WWW/konex.com.ua/zayavki/app/Models/Telegram.php on line 19 and exactly 2 expected
in APPPATH/Models/Telegram.php on line 22.
 1 APPPATH/Models/Telegram.php(19): App\Models\Telegram->logics([])
 2 APPPATH/Controllers/Meters.php(158): App\Models\Telegram->telegram()
 3 SYSTEMPATH/CodeIgniter.php(927): App\Controllers\Meters->telegram()
 4 SYSTEMPATH/CodeIgniter.php(482): CodeIgniter\CodeIgniter->runController(Object(App\Controllers\Meters))
 5 SYSTEMPATH/CodeIgniter.php(351): CodeIgniter\CodeIgniter->handleRequest(null, Object(Config\Cache), false)
 6 FCPATH/index.php(67): CodeIgniter\CodeIgniter->run()
CRITICAL - 2023-03-03 06:42:33 --> Too few arguments to function App\Models\Telegram::logics(), 1 passed in /ext/WWW/konex.com.ua/zayavki/app/Models/Telegram.php on line 19 and exactly 2 expected
in APPPATH/Models/Telegram.php on line 22.
 1 APPPATH/Models/Telegram.php(19): App\Models\Telegram->logics([])
 2 APPPATH/Controllers/Meters.php(158): App\Models\Telegram->telegram()
 3 SYSTEMPATH/CodeIgniter.php(927): App\Controllers\Meters->telegram()
 4 SYSTEMPATH/CodeIgniter.php(482): CodeIgniter\CodeIgniter->runController(Object(App\Controllers\Meters))
 5 SYSTEMPATH/CodeIgniter.php(351): CodeIgniter\CodeIgniter->handleRequest(null, Object(Config\Cache), false)
 6 FCPATH/index.php(67): CodeIgniter\CodeIgniter->run()
CRITICAL - 2023-03-03 06:45:23 --> Too few arguments to function App\Models\Telegram::logics(), 1 passed in /ext/WWW/konex.com.ua/zayavki/app/Models/Telegram.php on line 19 and exactly 2 expected
in APPPATH/Models/Telegram.php on line 22.
 1 APPPATH/Models/Telegram.php(19): App\Models\Telegram->logics([])
 2 APPPATH/Controllers/Meters.php(158): App\Models\Telegram->telegram()
 3 SYSTEMPATH/CodeIgniter.php(927): App\Controllers\Meters->telegram()
 4 SYSTEMPATH/CodeIgniter.php(482): CodeIgniter\CodeIgniter->runController(Object(App\Controllers\Meters))
 5 SYSTEMPATH/CodeIgniter.php(351): CodeIgniter\CodeIgniter->handleRequest(null, Object(Config\Cache), false)
 6 FCPATH/index.php(67): CodeIgniter\CodeIgniter->run()
CRITICAL - 2023-03-03 06:48:21 --> syntax error, unexpected '}'
in APPPATH/Models/Telegram.php on line 47.
 1 SYSTEMPATH/Autoloader/Autoloader.php(259): CodeIgniter\Autoloader\Autoloader->includeFile('APPPATH/Models/Telegram.php')
 2 SYSTEMPATH/Autoloader/Autoloader.php(237): CodeIgniter\Autoloader\Autoloader->loadInNamespace('App\\Models\\Telegram')
 3 [internal function]: CodeIgniter\Autoloader\Autoloader->loadClass('App\\Models\\Telegram')
 4 APPPATH/Controllers/Meters.php(26): spl_autoload_call('App\\Models\\Telegram')
 5 SYSTEMPATH/CodeIgniter.php(889): App\Controllers\Meters->__construct()
 6 SYSTEMPATH/CodeIgniter.php(473): CodeIgniter\CodeIgniter->createController()
 7 SYSTEMPATH/CodeIgniter.php(351): CodeIgniter\CodeIgniter->handleRequest(null, Object(Config\Cache), false)
 8 FCPATH/index.php(67): CodeIgniter\CodeIgniter->run()
CRITICAL - 2023-03-03 06:51:14 --> Too few arguments to function App\Models\Telegram::logics(), 1 passed in /ext/WWW/konex.com.ua/zayavki/app/Models/Telegram.php on line 19 and exactly 2 expected
in APPPATH/Models/Telegram.php on line 22.
 1 APPPATH/Models/Telegram.php(19): App\Models\Telegram->logics([])
 2 APPPATH/Controllers/Meters.php(158): App\Models\Telegram->telegram()
 3 SYSTEMPATH/CodeIgniter.php(927): App\Controllers\Meters->telegram()
 4 SYSTEMPATH/CodeIgniter.php(482): CodeIgniter\CodeIgniter->runController(Object(App\Controllers\Meters))
 5 SYSTEMPATH/CodeIgniter.php(351): CodeIgniter\CodeIgniter->handleRequest(null, Object(Config\Cache), false)
 6 FCPATH/index.php(67): CodeIgniter\CodeIgniter->run()
CRITICAL - 2023-03-03 06:54:15 --> Too few arguments to function App\Models\Telegram::logics(), 1 passed in /ext/WWW/konex.com.ua/zayavki/app/Models/Telegram.php on line 19 and exactly 2 expected
in APPPATH/Models/Telegram.php on line 22.
 1 APPPATH/Models/Telegram.php(19): App\Models\Telegram->logics([])
 2 APPPATH/Controllers/Meters.php(158): App\Models\Telegram->telegram()
 3 SYSTEMPATH/CodeIgniter.php(927): App\Controllers\Meters->telegram()
 4 SYSTEMPATH/CodeIgniter.php(482): CodeIgniter\CodeIgniter->runController(Object(App\Controllers\Meters))
 5 SYSTEMPATH/CodeIgniter.php(351): CodeIgniter\CodeIgniter->handleRequest(null, Object(Config\Cache), false)
 6 FCPATH/index.php(67): CodeIgniter\CodeIgniter->run()
CRITICAL - 2023-03-03 06:56:23 --> Too few arguments to function App\Models\Telegram::logics(), 1 passed in /ext/WWW/konex.com.ua/zayavki/app/Models/Telegram.php on line 19 and exactly 2 expected
in APPPATH/Models/Telegram.php on line 22.
 1 APPPATH/Models/Telegram.php(19): App\Models\Telegram->logics([])
 2 APPPATH/Controllers/Meters.php(158): App\Models\Telegram->telegram()
 3 SYSTEMPATH/CodeIgniter.php(927): App\Controllers\Meters->telegram()
 4 SYSTEMPATH/CodeIgniter.php(482): CodeIgniter\CodeIgniter->runController(Object(App\Controllers\Meters))
 5 SYSTEMPATH/CodeIgniter.php(351): CodeIgniter\CodeIgniter->handleRequest(null, Object(Config\Cache), false)
 6 FCPATH/index.php(67): CodeIgniter\CodeIgniter->run()
CRITICAL - 2023-03-03 06:58:25 --> Too few arguments to function App\Models\Telegram::logics(), 1 passed in /ext/WWW/konex.com.ua/zayavki/app/Models/Telegram.php on line 19 and exactly 2 expected
in APPPATH/Models/Telegram.php on line 22.
 1 APPPATH/Models/Telegram.php(19): App\Models\Telegram->logics([])
 2 APPPATH/Controllers/Meters.php(158): App\Models\Telegram->telegram()
 3 SYSTEMPATH/CodeIgniter.php(927): App\Controllers\Meters->telegram()
 4 SYSTEMPATH/CodeIgniter.php(482): CodeIgniter\CodeIgniter->runController(Object(App\Controllers\Meters))
 5 SYSTEMPATH/CodeIgniter.php(351): CodeIgniter\CodeIgniter->handleRequest(null, Object(Config\Cache), false)
 6 FCPATH/index.php(67): CodeIgniter\CodeIgniter->run()
CRITICAL - 2023-03-03 07:00:36 --> syntax error, unexpected 'foreach' (T_FOREACH), expecting ']'
in APPPATH/Models/Telegram.php on line 48.
 1 SYSTEMPATH/Autoloader/Autoloader.php(259): CodeIgniter\Autoloader\Autoloader->includeFile('APPPATH/Models/Telegram.php')
 2 SYSTEMPATH/Autoloader/Autoloader.php(237): CodeIgniter\Autoloader\Autoloader->loadInNamespace('App\\Models\\Telegram')
 3 [internal function]: CodeIgniter\Autoloader\Autoloader->loadClass('App\\Models\\Telegram')
 4 APPPATH/Controllers/Meters.php(26): spl_autoload_call('App\\Models\\Telegram')
 5 SYSTEMPATH/CodeIgniter.php(889): App\Controllers\Meters->__construct()
 6 SYSTEMPATH/CodeIgniter.php(473): CodeIgniter\CodeIgniter->createController()
 7 SYSTEMPATH/CodeIgniter.php(351): CodeIgniter\CodeIgniter->handleRequest(null, Object(Config\Cache), false)
 8 FCPATH/index.php(67): CodeIgniter\CodeIgniter->run()
CRITICAL - 2023-03-03 07:03:29 --> syntax error, unexpected '}'
in APPPATH/Models/Telegram.php on line 50.
 1 SYSTEMPATH/Autoloader/Autoloader.php(259): CodeIgniter\Autoloader\Autoloader->includeFile('APPPATH/Models/Telegram.php')
 2 SYSTEMPATH/Autoloader/Autoloader.php(237): CodeIgniter\Autoloader\Autoloader->loadInNamespace('App\\Models\\Telegram')
 3 [internal function]: CodeIgniter\Autoloader\Autoloader->loadClass('App\\Models\\Telegram')
 4 APPPATH/Controllers/Meters.php(26): spl_autoload_call('App\\Models\\Telegram')
 5 SYSTEMPATH/CodeIgniter.php(889): App\Controllers\Meters->__construct()
 6 SYSTEMPATH/CodeIgniter.php(473): CodeIgniter\CodeIgniter->createController()
 7 SYSTEMPATH/CodeIgniter.php(351): CodeIgniter\CodeIgniter->handleRequest(null, Object(Config\Cache), false)
 8 FCPATH/index.php(67): CodeIgniter\CodeIgniter->run()
CRITICAL - 2023-03-03 07:06:07 --> Too few arguments to function App\Models\Telegram::logics(), 1 passed in /ext/WWW/konex.com.ua/zayavki/app/Models/Telegram.php on line 19 and exactly 2 expected
in APPPATH/Models/Telegram.php on line 22.
 1 APPPATH/Models/Telegram.php(19): App\Models\Telegram->logics([])
 2 APPPATH/Controllers/Meters.php(158): App\Models\Telegram->telegram()
 3 SYSTEMPATH/CodeIgniter.php(927): App\Controllers\Meters->telegram()
 4 SYSTEMPATH/CodeIgniter.php(482): CodeIgniter\CodeIgniter->runController(Object(App\Controllers\Meters))
 5 SYSTEMPATH/CodeIgniter.php(351): CodeIgniter\CodeIgniter->handleRequest(null, Object(Config\Cache), false)
 6 FCPATH/index.php(67): CodeIgniter\CodeIgniter->run()
CRITICAL - 2023-03-03 07:10:57 --> syntax error, unexpected '}'
in APPPATH/Models/Telegram.php on line 22.
 1 SYSTEMPATH/Autoloader/Autoloader.php(259): CodeIgniter\Autoloader\Autoloader->includeFile('APPPATH/Models/Telegram.php')
 2 SYSTEMPATH/Autoloader/Autoloader.php(237): CodeIgniter\Autoloader\Autoloader->loadInNamespace('App\\Models\\Telegram')
 3 [internal function]: CodeIgniter\Autoloader\Autoloader->loadClass('App\\Models\\Telegram')
 4 APPPATH/Controllers/Meters.php(26): spl_autoload_call('App\\Models\\Telegram')
 5 SYSTEMPATH/CodeIgniter.php(889): App\Controllers\Meters->__construct()
 6 SYSTEMPATH/CodeIgniter.php(473): CodeIgniter\CodeIgniter->createController()
 7 SYSTEMPATH/CodeIgniter.php(351): CodeIgniter\CodeIgniter->handleRequest(null, Object(Config\Cache), false)
 8 FCPATH/index.php(67): CodeIgniter\CodeIgniter->run()
CRITICAL - 2023-03-03 07:13:56 --> 22 : The requested URL returned error: 401 Unauthorized
in SYSTEMPATH/HTTP/CURLRequest.php on line 655.
 1 SYSTEMPATH/HTTP/CURLRequest.php(655): CodeIgniter\HTTP\Exceptions\HTTPException::forCurlError('22', 'The requested URL returned error: 401 Unauthorized')
 2 SYSTEMPATH/HTTP/CURLRequest.php(363): CodeIgniter\HTTP\CURLRequest->sendRequest([...])
 3 SYSTEMPATH/HTTP/CURLRequest.php(136): CodeIgniter\HTTP\CURLRequest->send('post', 'http://10.10.5.173:8081/sendMessage/')
 4 SYSTEMPATH/HTTP/CURLRequest.php(209): CodeIgniter\HTTP\CURLRequest->request('post', 'http://10.10.5.173:8081/sendMessage/', [...])
 5 APPPATH/Models/HTTP.php(13): CodeIgniter\HTTP\CURLRequest->post('http://10.10.5.173:8081/sendMessage/', [...])
 6 APPPATH/Models/Telegram.php(24): App\Models\HTTP->request('{"bot":"6034973591:AAH5qoOJ1TEfzi7m2iPXw3A_K8auh6FiNZM","telegram":{"text":"\\u041f\\u0435\\u0440\\u0435\\u0432\\u0456\\u0440\\u0442\\u0435 \\u043a\\u043e\\u0440\\u0435\\u043a\\u0442\\u043d\\u0456\\u0441\\u0442\\u044c <b>\\u043b\\u043e\\u0433\\u0456\\u043d\\u0430<\\/b>","parse_mode":"HTML"},"telegramDispatcher":{"chat_id":971483502}}')
 7 APPPATH/Controllers/Meters.php(158): App\Models\Telegram->telegram()
 8 SYSTEMPATH/CodeIgniter.php(927): App\Controllers\Meters->telegram()
 9 SYSTEMPATH/CodeIgniter.php(482): CodeIgniter\CodeIgniter->runController(Object(App\Controllers\Meters))
10 SYSTEMPATH/CodeIgniter.php(351): CodeIgniter\CodeIgniter->handleRequest(null, Object(Config\Cache), false)
11 FCPATH/index.php(67): CodeIgniter\CodeIgniter->run()
CRITICAL - 2023-03-03 07:13:56 --> Uncaught CodeIgniter\Format\Exceptions\FormatException: Failed to parse json string, error: "Type is not supported". in /ext/WWW/konex.com.ua/zayavki/system/Format/JSONFormatter.php:41
Stack trace:
#0 /ext/WWW/konex.com.ua/zayavki/system/Format/JSONFormatter.php(41): CodeIgniter\Format\Exceptions\FormatException::forInvalidJSON('Type is not sup...')
#1 /ext/WWW/konex.com.ua/zayavki/system/API/ResponseTrait.php(348): CodeIgniter\Format\JSONFormatter->format(Array)
#2 /ext/WWW/konex.com.ua/zayavki/system/API/ResponseTrait.php(99): CodeIgniter\Debug\Exceptions->format(Array)
#3 /ext/WWW/konex.com.ua/zayavki/system/Debug/Exceptions.php(133): CodeIgniter\Debug\Exceptions->respond(Array, 500)
#4 [internal function]: CodeIgniter\Debug\Exceptions->exceptionHandler(Object(CodeIgniter\HTTP\Exceptions\HTTPException))
#5 {main}
  thrown
in SYSTEMPATH/Format/JSONFormatter.php on line 41.
 1 [internal function]: CodeIgniter\Debug\Exceptions->shutdownHandler()
CRITICAL - 2023-03-03 07:14:23 --> 22 : The requested URL returned error: 401 Unauthorized
in SYSTEMPATH/HTTP/CURLRequest.php on line 655.
 1 SYSTEMPATH/HTTP/CURLRequest.php(655): CodeIgniter\HTTP\Exceptions\HTTPException::forCurlError('22', 'The requested URL returned error: 401 Unauthorized')
 2 SYSTEMPATH/HTTP/CURLRequest.php(363): CodeIgniter\HTTP\CURLRequest->sendRequest([...])
 3 SYSTEMPATH/HTTP/CURLRequest.php(136): CodeIgniter\HTTP\CURLRequest->send('post', 'http://10.10.5.173:8081/sendMessage/')
 4 SYSTEMPATH/HTTP/CURLRequest.php(209): CodeIgniter\HTTP\CURLRequest->request('post', 'http://10.10.5.173:8081/sendMessage/', [...])
 5 APPPATH/Models/HTTP.php(13): CodeIgniter\HTTP\CURLRequest->post('http://10.10.5.173:8081/sendMessage/', [...])
 6 APPPATH/Models/Telegram.php(24): App\Models\HTTP->request('{"bot":"6034973591:AAH5qoOJ1TEfzi7m2iPXw3A_K8auh6FiNZM","telegram":{"text":"\\u041f\\u0435\\u0440\\u0435\\u0432\\u0456\\u0440\\u0442\\u0435 \\u043a\\u043e\\u0440\\u0435\\u043a\\u0442\\u043d\\u0456\\u0441\\u0442\\u044c <b>\\u043b\\u043e\\u0433\\u0456\\u043d\\u0430<\\/b>","parse_mode":"HTML"},"telegramDispatcher":{"chat_id":971483502}}')
 7 APPPATH/Controllers/Meters.php(158): App\Models\Telegram->telegram()
 8 SYSTEMPATH/CodeIgniter.php(927): App\Controllers\Meters->telegram()
 9 SYSTEMPATH/CodeIgniter.php(482): CodeIgniter\CodeIgniter->runController(Object(App\Controllers\Meters))
10 SYSTEMPATH/CodeIgniter.php(351): CodeIgniter\CodeIgniter->handleRequest(null, Object(Config\Cache), false)
11 FCPATH/index.php(67): CodeIgniter\CodeIgniter->run()
CRITICAL - 2023-03-03 07:14:23 --> Uncaught CodeIgniter\Format\Exceptions\FormatException: Failed to parse json string, error: "Type is not supported". in /ext/WWW/konex.com.ua/zayavki/system/Format/JSONFormatter.php:41
Stack trace:
#0 /ext/WWW/konex.com.ua/zayavki/system/Format/JSONFormatter.php(41): CodeIgniter\Format\Exceptions\FormatException::forInvalidJSON('Type is not sup...')
#1 /ext/WWW/konex.com.ua/zayavki/system/API/ResponseTrait.php(348): CodeIgniter\Format\JSONFormatter->format(Array)
#2 /ext/WWW/konex.com.ua/zayavki/system/API/ResponseTrait.php(99): CodeIgniter\Debug\Exceptions->format(Array)
#3 /ext/WWW/konex.com.ua/zayavki/system/Debug/Exceptions.php(133): CodeIgniter\Debug\Exceptions->respond(Array, 500)
#4 [internal function]: CodeIgniter\Debug\Exceptions->exceptionHandler(Object(CodeIgniter\HTTP\Exceptions\HTTPException))
#5 {main}
  thrown
in SYSTEMPATH/Format/JSONFormatter.php on line 41.
 1 [internal function]: CodeIgniter\Debug\Exceptions->shutdownHandler()
CRITICAL - 2023-03-03 07:14:52 --> 7 : Failed to connect to 10.10.5.173 port 8081: Connection refused
in SYSTEMPATH/HTTP/CURLRequest.php on line 655.
 1 SYSTEMPATH/HTTP/CURLRequest.php(655): CodeIgniter\HTTP\Exceptions\HTTPException::forCurlError('7', 'Failed to connect to 10.10.5.173 port 8081: Connection refused')
 2 SYSTEMPATH/HTTP/CURLRequest.php(363): CodeIgniter\HTTP\CURLRequest->sendRequest([...])
 3 SYSTEMPATH/HTTP/CURLRequest.php(136): CodeIgniter\HTTP\CURLRequest->send('post', 'http://10.10.5.173:8081/sendMessage/')
 4 SYSTEMPATH/HTTP/CURLRequest.php(209): CodeIgniter\HTTP\CURLRequest->request('post', 'http://10.10.5.173:8081/sendMessage/', [...])
 5 APPPATH/Models/HTTP.php(13): CodeIgniter\HTTP\CURLRequest->post('http://10.10.5.173:8081/sendMessage/', [...])
 6 APPPATH/Models/Telegram.php(24): App\Models\HTTP->request('{"bot":"6034973591:AAH5qoOJ1TEfzi7m2iPXw3A_K8auh6FiNZM","telegram":{"text":"\\u041f\\u0435\\u0440\\u0435\\u0432\\u0456\\u0440\\u0442\\u0435 \\u043a\\u043e\\u0440\\u0435\\u043a\\u0442\\u043d\\u0456\\u0441\\u0442\\u044c <b>\\u043b\\u043e\\u0433\\u0456\\u043d\\u0430<\\/b>","parse_mode":"HTML"},"telegramDispatcher":{"chat_id":971483502}}')
 7 APPPATH/Controllers/Meters.php(159): App\Models\Telegram->telegram()
 8 SYSTEMPATH/CodeIgniter.php(927): App\Controllers\Meters->telegram()
 9 SYSTEMPATH/CodeIgniter.php(482): CodeIgniter\CodeIgniter->runController(Object(App\Controllers\Meters))
10 SYSTEMPATH/CodeIgniter.php(351): CodeIgniter\CodeIgniter->handleRequest(null, Object(Config\Cache), false)
11 FCPATH/index.php(67): CodeIgniter\CodeIgniter->run()
CRITICAL - 2023-03-03 07:14:52 --> Uncaught CodeIgniter\Format\Exceptions\FormatException: Failed to parse json string, error: "Type is not supported". in /ext/WWW/konex.com.ua/zayavki/system/Format/JSONFormatter.php:41
Stack trace:
#0 /ext/WWW/konex.com.ua/zayavki/system/Format/JSONFormatter.php(41): CodeIgniter\Format\Exceptions\FormatException::forInvalidJSON('Type is not sup...')
#1 /ext/WWW/konex.com.ua/zayavki/system/API/ResponseTrait.php(348): CodeIgniter\Format\JSONFormatter->format(Array)
#2 /ext/WWW/konex.com.ua/zayavki/system/API/ResponseTrait.php(99): CodeIgniter\Debug\Exceptions->format(Array)
#3 /ext/WWW/konex.com.ua/zayavki/system/Debug/Exceptions.php(133): CodeIgniter\Debug\Exceptions->respond(Array, 500)
#4 [internal function]: CodeIgniter\Debug\Exceptions->exceptionHandler(Object(CodeIgniter\HTTP\Exceptions\HTTPException))
#5 {main}
  thrown
in SYSTEMPATH/Format/JSONFormatter.php on line 41.
 1 [internal function]: CodeIgniter\Debug\Exceptions->shutdownHandler()
CRITICAL - 2023-03-03 07:15:12 --> 7 : Failed to connect to 10.10.5.173 port 8081: Connection refused
in SYSTEMPATH/HTTP/CURLRequest.php on line 655.
 1 SYSTEMPATH/HTTP/CURLRequest.php(655): CodeIgniter\HTTP\Exceptions\HTTPException::forCurlError('7', 'Failed to connect to 10.10.5.173 port 8081: Connection refused')
 2 SYSTEMPATH/HTTP/CURLRequest.php(363): CodeIgniter\HTTP\CURLRequest->sendRequest([...])
 3 SYSTEMPATH/HTTP/CURLRequest.php(136): CodeIgniter\HTTP\CURLRequest->send('post', 'http://10.10.5.173:8081/sendMessage/')
 4 SYSTEMPATH/HTTP/CURLRequest.php(209): CodeIgniter\HTTP\CURLRequest->request('post', 'http://10.10.5.173:8081/sendMessage/', [...])
 5 APPPATH/Models/HTTP.php(13): CodeIgniter\HTTP\CURLRequest->post('http://10.10.5.173:8081/sendMessage/', [...])
 6 APPPATH/Models/Telegram.php(25): App\Models\HTTP->request('{"bot":"6034973591:AAH5qoOJ1TEfzi7m2iPXw3A_K8auh6FiNZM","telegram":{"text":"\\u041f\\u0435\\u0440\\u0435\\u0432\\u0456\\u0440\\u0442\\u0435 \\u043a\\u043e\\u0440\\u0435\\u043a\\u0442\\u043d\\u0456\\u0441\\u0442\\u044c <b>\\u043b\\u043e\\u0433\\u0456\\u043d\\u0430<\\/b>","parse_mode":"HTML"},"telegramDispatcher":{"chat_id":971483502}}')
 7 APPPATH/Controllers/Meters.php(158): App\Models\Telegram->telegram()
 8 SYSTEMPATH/CodeIgniter.php(927): App\Controllers\Meters->telegram()
 9 SYSTEMPATH/CodeIgniter.php(482): CodeIgniter\CodeIgniter->runController(Object(App\Controllers\Meters))
10 SYSTEMPATH/CodeIgniter.php(351): CodeIgniter\CodeIgniter->handleRequest(null, Object(Config\Cache), false)
11 FCPATH/index.php(67): CodeIgniter\CodeIgniter->run()
CRITICAL - 2023-03-03 07:15:12 --> Uncaught CodeIgniter\Format\Exceptions\FormatException: Failed to parse json string, error: "Type is not supported". in /ext/WWW/konex.com.ua/zayavki/system/Format/JSONFormatter.php:41
Stack trace:
#0 /ext/WWW/konex.com.ua/zayavki/system/Format/JSONFormatter.php(41): CodeIgniter\Format\Exceptions\FormatException::forInvalidJSON('Type is not sup...')
#1 /ext/WWW/konex.com.ua/zayavki/system/API/ResponseTrait.php(348): CodeIgniter\Format\JSONFormatter->format(Array)
#2 /ext/WWW/konex.com.ua/zayavki/system/API/ResponseTrait.php(99): CodeIgniter\Debug\Exceptions->format(Array)
#3 /ext/WWW/konex.com.ua/zayavki/system/Debug/Exceptions.php(133): CodeIgniter\Debug\Exceptions->respond(Array, 500)
#4 [internal function]: CodeIgniter\Debug\Exceptions->exceptionHandler(Object(CodeIgniter\HTTP\Exceptions\HTTPException))
#5 {main}
  thrown
in SYSTEMPATH/Format/JSONFormatter.php on line 41.
 1 [internal function]: CodeIgniter\Debug\Exceptions->shutdownHandler()
CRITICAL - 2023-03-03 07:16:18 --> Array to string conversion
in APPPATH/Models/Telegram.php on line 24.
 1 APPPATH/Models/Telegram.php(24): CodeIgniter\Debug\Exceptions->errorHandler(8, 'Array to string conversion', 'APPPATH/Models/Telegram.php', 24, [...])
 2 APPPATH/Controllers/Meters.php(158): App\Models\Telegram->telegram()
 3 SYSTEMPATH/CodeIgniter.php(927): App\Controllers\Meters->telegram()
 4 SYSTEMPATH/CodeIgniter.php(482): CodeIgniter\CodeIgniter->runController(Object(App\Controllers\Meters))
 5 SYSTEMPATH/CodeIgniter.php(351): CodeIgniter\CodeIgniter->handleRequest(null, Object(Config\Cache), false)
 6 FCPATH/index.php(67): CodeIgniter\CodeIgniter->run()
CRITICAL - 2023-03-03 07:16:32 --> 7 : Failed to connect to 10.10.5.173 port 8081: Connection refused
in SYSTEMPATH/HTTP/CURLRequest.php on line 655.
 1 SYSTEMPATH/HTTP/CURLRequest.php(655): CodeIgniter\HTTP\Exceptions\HTTPException::forCurlError('7', 'Failed to connect to 10.10.5.173 port 8081: Connection refused')
 2 SYSTEMPATH/HTTP/CURLRequest.php(363): CodeIgniter\HTTP\CURLRequest->sendRequest([...])
 3 SYSTEMPATH/HTTP/CURLRequest.php(136): CodeIgniter\HTTP\CURLRequest->send('post', 'http://10.10.5.173:8081/sendMessage/')
 4 SYSTEMPATH/HTTP/CURLRequest.php(209): CodeIgniter\HTTP\CURLRequest->request('post', 'http://10.10.5.173:8081/sendMessage/', [...])
 5 APPPATH/Models/HTTP.php(13): CodeIgniter\HTTP\CURLRequest->post('http://10.10.5.173:8081/sendMessage/', [...])
 6 APPPATH/Models/Telegram.php(25): App\Models\HTTP->request('{"bot":"6034973591:AAH5qoOJ1TEfzi7m2iPXw3A_K8auh6FiNZM","telegram":{"text":"\\u041f\\u0435\\u0440\\u0435\\u0432\\u0456\\u0440\\u0442\\u0435 \\u043a\\u043e\\u0440\\u0435\\u043a\\u0442\\u043d\\u0456\\u0441\\u0442\\u044c <b>\\u043b\\u043e\\u0433\\u0456\\u043d\\u0430<\\/b>","parse_mode":"HTML"},"telegramDispatcher":{"chat_id":971483502}}')
 7 APPPATH/Controllers/Meters.php(158): App\Models\Telegram->telegram()
 8 SYSTEMPATH/CodeIgniter.php(927): App\Controllers\Meters->telegram()
 9 SYSTEMPATH/CodeIgniter.php(482): CodeIgniter\CodeIgniter->runController(Object(App\Controllers\Meters))
10 SYSTEMPATH/CodeIgniter.php(351): CodeIgniter\CodeIgniter->handleRequest(null, Object(Config\Cache), false)
11 FCPATH/index.php(67): CodeIgniter\CodeIgniter->run()
CRITICAL - 2023-03-03 07:16:32 --> Uncaught CodeIgniter\Format\Exceptions\FormatException: Failed to parse json string, error: "Type is not supported". in /ext/WWW/konex.com.ua/zayavki/system/Format/JSONFormatter.php:41
Stack trace:
#0 /ext/WWW/konex.com.ua/zayavki/system/Format/JSONFormatter.php(41): CodeIgniter\Format\Exceptions\FormatException::forInvalidJSON('Type is not sup...')
#1 /ext/WWW/konex.com.ua/zayavki/system/API/ResponseTrait.php(348): CodeIgniter\Format\JSONFormatter->format(Array)
#2 /ext/WWW/konex.com.ua/zayavki/system/API/ResponseTrait.php(99): CodeIgniter\Debug\Exceptions->format(Array)
#3 /ext/WWW/konex.com.ua/zayavki/system/Debug/Exceptions.php(133): CodeIgniter\Debug\Exceptions->respond(Array, 500)
#4 [internal function]: CodeIgniter\Debug\Exceptions->exceptionHandler(Object(CodeIgniter\HTTP\Exceptions\HTTPException))
#5 {main}
  thrown
in SYSTEMPATH/Format/JSONFormatter.php on line 41.
 1 [internal function]: CodeIgniter\Debug\Exceptions->shutdownHandler()
CRITICAL - 2023-03-03 07:18:38 --> 22 : The requested URL returned error: 401 Unauthorized
in SYSTEMPATH/HTTP/CURLRequest.php on line 655.
 1 SYSTEMPATH/HTTP/CURLRequest.php(655): CodeIgniter\HTTP\Exceptions\HTTPException::forCurlError('22', 'The requested URL returned error: 401 Unauthorized')
 2 SYSTEMPATH/HTTP/CURLRequest.php(363): CodeIgniter\HTTP\CURLRequest->sendRequest([...])
 3 SYSTEMPATH/HTTP/CURLRequest.php(136): CodeIgniter\HTTP\CURLRequest->send('post', 'http://10.10.5.173:8081/sendMessage/')
 4 SYSTEMPATH/HTTP/CURLRequest.php(209): CodeIgniter\HTTP\CURLRequest->request('post', 'http://10.10.5.173:8081/sendMessage/', [...])
 5 APPPATH/Models/HTTP.php(13): CodeIgniter\HTTP\CURLRequest->post('http://10.10.5.173:8081/sendMessage/', [...])
 6 APPPATH/Models/Telegram.php(25): App\Models\HTTP->request('{"bot":"6034973591:AAH5qoOJ1TEfzi7m2iPXw3A_K8auh6FiNZM","telegram":{"text":"\\u041f\\u0435\\u0440\\u0435\\u0432\\u0456\\u0440\\u0442\\u0435 \\u043a\\u043e\\u0440\\u0435\\u043a\\u0442\\u043d\\u0456\\u0441\\u0442\\u044c <b>\\u043b\\u043e\\u0433\\u0456\\u043d\\u0430<\\/b>","parse_mode":"HTML"},"telegramDispatcher":{"chat_id":"\'971483502\'"}}')
 7 APPPATH/Controllers/Meters.php(158): App\Models\Telegram->telegram()
 8 SYSTEMPATH/CodeIgniter.php(927): App\Controllers\Meters->telegram()
 9 SYSTEMPATH/CodeIgniter.php(482): CodeIgniter\CodeIgniter->runController(Object(App\Controllers\Meters))
10 SYSTEMPATH/CodeIgniter.php(351): CodeIgniter\CodeIgniter->handleRequest(null, Object(Config\Cache), false)
11 FCPATH/index.php(67): CodeIgniter\CodeIgniter->run()
CRITICAL - 2023-03-03 07:18:38 --> Uncaught CodeIgniter\Format\Exceptions\FormatException: Failed to parse json string, error: "Type is not supported". in /ext/WWW/konex.com.ua/zayavki/system/Format/JSONFormatter.php:41
Stack trace:
#0 /ext/WWW/konex.com.ua/zayavki/system/Format/JSONFormatter.php(41): CodeIgniter\Format\Exceptions\FormatException::forInvalidJSON('Type is not sup...')
#1 /ext/WWW/konex.com.ua/zayavki/system/API/ResponseTrait.php(348): CodeIgniter\Format\JSONFormatter->format(Array)
#2 /ext/WWW/konex.com.ua/zayavki/system/API/ResponseTrait.php(99): CodeIgniter\Debug\Exceptions->format(Array)
#3 /ext/WWW/konex.com.ua/zayavki/system/Debug/Exceptions.php(133): CodeIgniter\Debug\Exceptions->respond(Array, 500)
#4 [internal function]: CodeIgniter\Debug\Exceptions->exceptionHandler(Object(CodeIgniter\HTTP\Exceptions\HTTPException))
#5 {main}
  thrown
in SYSTEMPATH/Format/JSONFormatter.php on line 41.
 1 [internal function]: CodeIgniter\Debug\Exceptions->shutdownHandler()
CRITICAL - 2023-03-03 07:18:49 --> 22 : The requested URL returned error: 401 Unauthorized
in SYSTEMPATH/HTTP/CURLRequest.php on line 655.
 1 SYSTEMPATH/HTTP/CURLRequest.php(655): CodeIgniter\HTTP\Exceptions\HTTPException::forCurlError('22', 'The requested URL returned error: 401 Unauthorized')
 2 SYSTEMPATH/HTTP/CURLRequest.php(363): CodeIgniter\HTTP\CURLRequest->sendRequest([...])
 3 SYSTEMPATH/HTTP/CURLRequest.php(136): CodeIgniter\HTTP\CURLRequest->send('post', 'http://10.10.5.173:8081/sendMessage/')
 4 SYSTEMPATH/HTTP/CURLRequest.php(209): CodeIgniter\HTTP\CURLRequest->request('post', 'http://10.10.5.173:8081/sendMessage/', [...])
 5 APPPATH/Models/HTTP.php(13): CodeIgniter\HTTP\CURLRequest->post('http://10.10.5.173:8081/sendMessage/', [...])
 6 APPPATH/Models/Telegram.php(25): App\Models\HTTP->request('{"bot":"6034973591:AAH5qoOJ1TEfzi7m2iPXw3A_K8auh6FiNZM","telegram":{"text":"\\u041f\\u0435\\u0440\\u0435\\u0432\\u0456\\u0440\\u0442\\u0435 \\u043a\\u043e\\u0440\\u0435\\u043a\\u0442\\u043d\\u0456\\u0441\\u0442\\u044c <b>\\u043b\\u043e\\u0433\\u0456\\u043d\\u0430<\\/b>","parse_mode":"HTML"},"telegramDispatcher":{"chat_id":"971483502"}}')
 7 APPPATH/Controllers/Meters.php(158): App\Models\Telegram->telegram()
 8 SYSTEMPATH/CodeIgniter.php(927): App\Controllers\Meters->telegram()
 9 SYSTEMPATH/CodeIgniter.php(482): CodeIgniter\CodeIgniter->runController(Object(App\Controllers\Meters))
10 SYSTEMPATH/CodeIgniter.php(351): CodeIgniter\CodeIgniter->handleRequest(null, Object(Config\Cache), false)
11 FCPATH/index.php(67): CodeIgniter\CodeIgniter->run()
CRITICAL - 2023-03-03 07:18:49 --> Uncaught CodeIgniter\Format\Exceptions\FormatException: Failed to parse json string, error: "Type is not supported". in /ext/WWW/konex.com.ua/zayavki/system/Format/JSONFormatter.php:41
Stack trace:
#0 /ext/WWW/konex.com.ua/zayavki/system/Format/JSONFormatter.php(41): CodeIgniter\Format\Exceptions\FormatException::forInvalidJSON('Type is not sup...')
#1 /ext/WWW/konex.com.ua/zayavki/system/API/ResponseTrait.php(348): CodeIgniter\Format\JSONFormatter->format(Array)
#2 /ext/WWW/konex.com.ua/zayavki/system/API/ResponseTrait.php(99): CodeIgniter\Debug\Exceptions->format(Array)
#3 /ext/WWW/konex.com.ua/zayavki/system/Debug/Exceptions.php(133): CodeIgniter\Debug\Exceptions->respond(Array, 500)
#4 [internal function]: CodeIgniter\Debug\Exceptions->exceptionHandler(Object(CodeIgniter\HTTP\Exceptions\HTTPException))
#5 {main}
  thrown
in SYSTEMPATH/Format/JSONFormatter.php on line 41.
 1 [internal function]: CodeIgniter\Debug\Exceptions->shutdownHandler()
CRITICAL - 2023-03-03 07:19:09 --> 22 : The requested URL returned error: 401 Unauthorized
in SYSTEMPATH/HTTP/CURLRequest.php on line 655.
 1 SYSTEMPATH/HTTP/CURLRequest.php(655): CodeIgniter\HTTP\Exceptions\HTTPException::forCurlError('22', 'The requested URL returned error: 401 Unauthorized')
 2 SYSTEMPATH/HTTP/CURLRequest.php(363): CodeIgniter\HTTP\CURLRequest->sendRequest([...])
 3 SYSTEMPATH/HTTP/CURLRequest.php(136): CodeIgniter\HTTP\CURLRequest->send('post', 'http://10.10.5.173:8081/sendMessage/')
 4 SYSTEMPATH/HTTP/CURLRequest.php(209): CodeIgniter\HTTP\CURLRequest->request('post', 'http://10.10.5.173:8081/sendMessage/', [...])
 5 APPPATH/Models/HTTP.php(13): CodeIgniter\HTTP\CURLRequest->post('http://10.10.5.173:8081/sendMessage/', [...])
 6 APPPATH/Models/Telegram.php(25): App\Models\HTTP->request('{"bot":"6034973591:AAH5qoOJ1TEfzi7m2iPXw3A_K8auh6FiNZM","telegram":{"text":"\\u041f\\u0435\\u0440\\u0435\\u0432\\u0456\\u0440\\u0442\\u0435 \\u043a\\u043e\\u0440\\u0435\\u043a\\u0442\\u043d\\u0456\\u0441\\u0442\\u044c <b>\\u043b\\u043e\\u0433\\u0456\\u043d\\u0430<\\/b>","parse_mode":"HTML"},"telegramDispatcher":{"chat_id":"971483502"}}')
 7 APPPATH/Controllers/Meters.php(158): App\Models\Telegram->telegram()
 8 SYSTEMPATH/CodeIgniter.php(927): App\Controllers\Meters->telegram()
 9 SYSTEMPATH/CodeIgniter.php(482): CodeIgniter\CodeIgniter->runController(Object(App\Controllers\Meters))
10 SYSTEMPATH/CodeIgniter.php(351): CodeIgniter\CodeIgniter->handleRequest(null, Object(Config\Cache), false)
11 FCPATH/index.php(67): CodeIgniter\CodeIgniter->run()
CRITICAL - 2023-03-03 07:19:09 --> Uncaught CodeIgniter\Format\Exceptions\FormatException: Failed to parse json string, error: "Type is not supported". in /ext/WWW/konex.com.ua/zayavki/system/Format/JSONFormatter.php:41
Stack trace:
#0 /ext/WWW/konex.com.ua/zayavki/system/Format/JSONFormatter.php(41): CodeIgniter\Format\Exceptions\FormatException::forInvalidJSON('Type is not sup...')
#1 /ext/WWW/konex.com.ua/zayavki/system/API/ResponseTrait.php(348): CodeIgniter\Format\JSONFormatter->format(Array)
#2 /ext/WWW/konex.com.ua/zayavki/system/API/ResponseTrait.php(99): CodeIgniter\Debug\Exceptions->format(Array)
#3 /ext/WWW/konex.com.ua/zayavki/system/Debug/Exceptions.php(133): CodeIgniter\Debug\Exceptions->respond(Array, 500)
#4 [internal function]: CodeIgniter\Debug\Exceptions->exceptionHandler(Object(CodeIgniter\HTTP\Exceptions\HTTPException))
#5 {main}
  thrown
in SYSTEMPATH/Format/JSONFormatter.php on line 41.
 1 [internal function]: CodeIgniter\Debug\Exceptions->shutdownHandler()
CRITICAL - 2023-03-03 07:20:46 --> 22 : The requested URL returned error: 401 Unauthorized
in SYSTEMPATH/HTTP/CURLRequest.php on line 655.
 1 SYSTEMPATH/HTTP/CURLRequest.php(655): CodeIgniter\HTTP\Exceptions\HTTPException::forCurlError('22', 'The requested URL returned error: 401 Unauthorized')
 2 SYSTEMPATH/HTTP/CURLRequest.php(363): CodeIgniter\HTTP\CURLRequest->sendRequest([...])
 3 SYSTEMPATH/HTTP/CURLRequest.php(136): CodeIgniter\HTTP\CURLRequest->send('post', 'http://10.10.5.173:8081/sendMessage/')
 4 SYSTEMPATH/HTTP/CURLRequest.php(209): CodeIgniter\HTTP\CURLRequest->request('post', 'http://10.10.5.173:8081/sendMessage/', [...])
 5 APPPATH/Models/HTTP.php(13): CodeIgniter\HTTP\CURLRequest->post('http://10.10.5.173:8081/sendMessage/', [...])
 6 APPPATH/Models/Telegram.php(25): App\Models\HTTP->request('{"bot":"6034973591:AAH5qoOJ1TEfzi7m2iPXw3A_K8auh6FiNZM","telegram":{"text":"\\u041f\\u0435\\u0440\\u0435\\u0432\\u0456\\u0440\\u0442\\u0435 \\u043a\\u043e\\u0440\\u0435\\u043a\\u0442\\u043d\\u0456\\u0441\\u0442\\u044c <b>\\u043b\\u043e\\u0433\\u0456\\u043d\\u0430<\\/b>","parse_mode":"HTML"},"telegramDispatcher":{"chat_id":["971483502"]}}')
 7 APPPATH/Controllers/Meters.php(158): App\Models\Telegram->telegram()
 8 SYSTEMPATH/CodeIgniter.php(927): App\Controllers\Meters->telegram()
 9 SYSTEMPATH/CodeIgniter.php(482): CodeIgniter\CodeIgniter->runController(Object(App\Controllers\Meters))
10 SYSTEMPATH/CodeIgniter.php(351): CodeIgniter\CodeIgniter->handleRequest(null, Object(Config\Cache), false)
11 FCPATH/index.php(67): CodeIgniter\CodeIgniter->run()
CRITICAL - 2023-03-03 07:20:46 --> Uncaught CodeIgniter\Format\Exceptions\FormatException: Failed to parse json string, error: "Type is not supported". in /ext/WWW/konex.com.ua/zayavki/system/Format/JSONFormatter.php:41
Stack trace:
#0 /ext/WWW/konex.com.ua/zayavki/system/Format/JSONFormatter.php(41): CodeIgniter\Format\Exceptions\FormatException::forInvalidJSON('Type is not sup...')
#1 /ext/WWW/konex.com.ua/zayavki/system/API/ResponseTrait.php(348): CodeIgniter\Format\JSONFormatter->format(Array)
#2 /ext/WWW/konex.com.ua/zayavki/system/API/ResponseTrait.php(99): CodeIgniter\Debug\Exceptions->format(Array)
#3 /ext/WWW/konex.com.ua/zayavki/system/Debug/Exceptions.php(133): CodeIgniter\Debug\Exceptions->respond(Array, 500)
#4 [internal function]: CodeIgniter\Debug\Exceptions->exceptionHandler(Object(CodeIgniter\HTTP\Exceptions\HTTPException))
#5 {main}
  thrown
in SYSTEMPATH/Format/JSONFormatter.php on line 41.
 1 [internal function]: CodeIgniter\Debug\Exceptions->shutdownHandler()
CRITICAL - 2023-03-03 07:21:50 --> 22 : The requested URL returned error: 401 Unauthorized
in SYSTEMPATH/HTTP/CURLRequest.php on line 655.
 1 SYSTEMPATH/HTTP/CURLRequest.php(655): CodeIgniter\HTTP\Exceptions\HTTPException::forCurlError('22', 'The requested URL returned error: 401 Unauthorized')
 2 SYSTEMPATH/HTTP/CURLRequest.php(363): CodeIgniter\HTTP\CURLRequest->sendRequest([...])
 3 SYSTEMPATH/HTTP/CURLRequest.php(136): CodeIgniter\HTTP\CURLRequest->send('post', 'http://10.10.5.173:8081/sendMessage/')
 4 SYSTEMPATH/HTTP/CURLRequest.php(209): CodeIgniter\HTTP\CURLRequest->request('post', 'http://10.10.5.173:8081/sendMessage/', [...])
 5 APPPATH/Models/HTTP.php(13): CodeIgniter\HTTP\CURLRequest->post('http://10.10.5.173:8081/sendMessage/', [...])
 6 APPPATH/Models/Telegram.php(25): App\Models\HTTP->request('{"bot":"6034973591:AAH5qoOJ1TEfzi7m2iPXw3A_K8auh6FiNZM","telegram":{"text":"\\u041f\\u0435\\u0440\\u0435\\u0432\\u0456\\u0440\\u0442\\u0435 \\u043a\\u043e\\u0440\\u0435\\u043a\\u0442\\u043d\\u0456\\u0441\\u0442\\u044c <b>\\u043b\\u043e\\u0433\\u0456\\u043d\\u0430<\\/b>","parse_mode":"HTML"},"telegramDispatcher":{"chat_id":["971483502"]}}')
 7 APPPATH/Controllers/Meters.php(158): App\Models\Telegram->telegram()
 8 SYSTEMPATH/CodeIgniter.php(927): App\Controllers\Meters->telegram()
 9 SYSTEMPATH/CodeIgniter.php(482): CodeIgniter\CodeIgniter->runController(Object(App\Controllers\Meters))
10 SYSTEMPATH/CodeIgniter.php(351): CodeIgniter\CodeIgniter->handleRequest(null, Object(Config\Cache), false)
11 FCPATH/index.php(67): CodeIgniter\CodeIgniter->run()
CRITICAL - 2023-03-03 07:21:50 --> Uncaught CodeIgniter\Format\Exceptions\FormatException: Failed to parse json string, error: "Type is not supported". in /ext/WWW/konex.com.ua/zayavki/system/Format/JSONFormatter.php:41
Stack trace:
#0 /ext/WWW/konex.com.ua/zayavki/system/Format/JSONFormatter.php(41): CodeIgniter\Format\Exceptions\FormatException::forInvalidJSON('Type is not sup...')
#1 /ext/WWW/konex.com.ua/zayavki/system/API/ResponseTrait.php(348): CodeIgniter\Format\JSONFormatter->format(Array)
#2 /ext/WWW/konex.com.ua/zayavki/system/API/ResponseTrait.php(99): CodeIgniter\Debug\Exceptions->format(Array)
#3 /ext/WWW/konex.com.ua/zayavki/system/Debug/Exceptions.php(133): CodeIgniter\Debug\Exceptions->respond(Array, 500)
#4 [internal function]: CodeIgniter\Debug\Exceptions->exceptionHandler(Object(CodeIgniter\HTTP\Exceptions\HTTPException))
#5 {main}
  thrown
in SYSTEMPATH/Format/JSONFormatter.php on line 41.
 1 [internal function]: CodeIgniter\Debug\Exceptions->shutdownHandler()
CRITICAL - 2023-03-03 07:22:15 --> 22 : The requested URL returned error: 401 Unauthorized
in SYSTEMPATH/HTTP/CURLRequest.php on line 655.
 1 SYSTEMPATH/HTTP/CURLRequest.php(655): CodeIgniter\HTTP\Exceptions\HTTPException::forCurlError('22', 'The requested URL returned error: 401 Unauthorized')
 2 SYSTEMPATH/HTTP/CURLRequest.php(363): CodeIgniter\HTTP\CURLRequest->sendRequest([...])
 3 SYSTEMPATH/HTTP/CURLRequest.php(136): CodeIgniter\HTTP\CURLRequest->send('post', 'http://10.10.5.173:8081/sendMessage/')
 4 SYSTEMPATH/HTTP/CURLRequest.php(209): CodeIgniter\HTTP\CURLRequest->request('post', 'http://10.10.5.173:8081/sendMessage/', [...])
 5 APPPATH/Models/HTTP.php(13): CodeIgniter\HTTP\CURLRequest->post('http://10.10.5.173:8081/sendMessage/', [...])
 6 APPPATH/Models/Telegram.php(25): App\Models\HTTP->request('{"bot":"6034973591:AAH5qoOJ1TEfzi7m2iPXw3A_K8auh6FiNZM","telegram":{"text":"\\u0412\\u0432\\u0435\\u0434\\u0456\\u0442\\u044c \\u0432\\u043b\\u0430\\u0441\\u043d\\u0438\\u0439 <b>\\u043b\\u043e\\u0433\\u0456\\u043d<\\/b>","parse_mode":"HTML"},"telegramDispatcher":{"chat_id":["971483502"]}}')
 7 APPPATH/Controllers/Meters.php(158): App\Models\Telegram->telegram()
 8 SYSTEMPATH/CodeIgniter.php(927): App\Controllers\Meters->telegram()
 9 SYSTEMPATH/CodeIgniter.php(482): CodeIgniter\CodeIgniter->runController(Object(App\Controllers\Meters))
10 SYSTEMPATH/CodeIgniter.php(351): CodeIgniter\CodeIgniter->handleRequest(null, Object(Config\Cache), false)
11 FCPATH/index.php(67): CodeIgniter\CodeIgniter->run()
CRITICAL - 2023-03-03 07:22:15 --> Uncaught CodeIgniter\Format\Exceptions\FormatException: Failed to parse json string, error: "Type is not supported". in /ext/WWW/konex.com.ua/zayavki/system/Format/JSONFormatter.php:41
Stack trace:
#0 /ext/WWW/konex.com.ua/zayavki/system/Format/JSONFormatter.php(41): CodeIgniter\Format\Exceptions\FormatException::forInvalidJSON('Type is not sup...')
#1 /ext/WWW/konex.com.ua/zayavki/system/API/ResponseTrait.php(348): CodeIgniter\Format\JSONFormatter->format(Array)
#2 /ext/WWW/konex.com.ua/zayavki/system/API/ResponseTrait.php(99): CodeIgniter\Debug\Exceptions->format(Array)
#3 /ext/WWW/konex.com.ua/zayavki/system/Debug/Exceptions.php(133): CodeIgniter\Debug\Exceptions->respond(Array, 500)
#4 [internal function]: CodeIgniter\Debug\Exceptions->exceptionHandler(Object(CodeIgniter\HTTP\Exceptions\HTTPException))
#5 {main}
  thrown
in SYSTEMPATH/Format/JSONFormatter.php on line 41.
 1 [internal function]: CodeIgniter\Debug\Exceptions->shutdownHandler()
CRITICAL - 2023-03-03 07:22:53 --> 22 : The requested URL returned error: 401 Unauthorized
in SYSTEMPATH/HTTP/CURLRequest.php on line 655.
 1 SYSTEMPATH/HTTP/CURLRequest.php(655): CodeIgniter\HTTP\Exceptions\HTTPException::forCurlError('22', 'The requested URL returned error: 401 Unauthorized')
 2 SYSTEMPATH/HTTP/CURLRequest.php(363): CodeIgniter\HTTP\CURLRequest->sendRequest([...])
 3 SYSTEMPATH/HTTP/CURLRequest.php(136): CodeIgniter\HTTP\CURLRequest->send('post', 'http://10.10.5.173:8081/sendMessage/')
 4 SYSTEMPATH/HTTP/CURLRequest.php(209): CodeIgniter\HTTP\CURLRequest->request('post', 'http://10.10.5.173:8081/sendMessage/', [...])
 5 APPPATH/Models/HTTP.php(13): CodeIgniter\HTTP\CURLRequest->post('http://10.10.5.173:8081/sendMessage/', [...])
 6 APPPATH/Models/Telegram.php(25): App\Models\HTTP->request('{"bot":"6034973591:AAH5qoOJ1TEfzi7m2iPXw3A_K8auh6FiNZM","telegram":{"text":"\\u0412\\u0432\\u0435\\u0434\\u0456\\u0442\\u044c \\u0432\\u043b\\u0430\\u0441\\u043d\\u0438\\u0439 <b>\\u043b\\u043e\\u0433\\u0456\\u043d<\\/b>","parse_mode":"HTML"},"telegramDispatcher":{"chat_id":["971483502"]}}')
 7 APPPATH/Controllers/Meters.php(158): App\Models\Telegram->telegram()
 8 SYSTEMPATH/CodeIgniter.php(927): App\Controllers\Meters->telegram()
 9 SYSTEMPATH/CodeIgniter.php(482): CodeIgniter\CodeIgniter->runController(Object(App\Controllers\Meters))
10 SYSTEMPATH/CodeIgniter.php(351): CodeIgniter\CodeIgniter->handleRequest(null, Object(Config\Cache), false)
11 FCPATH/index.php(67): CodeIgniter\CodeIgniter->run()
CRITICAL - 2023-03-03 07:22:53 --> Uncaught CodeIgniter\Format\Exceptions\FormatException: Failed to parse json string, error: "Type is not supported". in /ext/WWW/konex.com.ua/zayavki/system/Format/JSONFormatter.php:41
Stack trace:
#0 /ext/WWW/konex.com.ua/zayavki/system/Format/JSONFormatter.php(41): CodeIgniter\Format\Exceptions\FormatException::forInvalidJSON('Type is not sup...')
#1 /ext/WWW/konex.com.ua/zayavki/system/API/ResponseTrait.php(348): CodeIgniter\Format\JSONFormatter->format(Array)
#2 /ext/WWW/konex.com.ua/zayavki/system/API/ResponseTrait.php(99): CodeIgniter\Debug\Exceptions->format(Array)
#3 /ext/WWW/konex.com.ua/zayavki/system/Debug/Exceptions.php(133): CodeIgniter\Debug\Exceptions->respond(Array, 500)
#4 [internal function]: CodeIgniter\Debug\Exceptions->exceptionHandler(Object(CodeIgniter\HTTP\Exceptions\HTTPException))
#5 {main}
  thrown
in SYSTEMPATH/Format/JSONFormatter.php on line 41.
 1 [internal function]: CodeIgniter\Debug\Exceptions->shutdownHandler()
CRITICAL - 2023-03-03 07:23:03 --> 22 : The requested URL returned error: 401 Unauthorized
in SYSTEMPATH/HTTP/CURLRequest.php on line 655.
 1 SYSTEMPATH/HTTP/CURLRequest.php(655): CodeIgniter\HTTP\Exceptions\HTTPException::forCurlError('22', 'The requested URL returned error: 401 Unauthorized')
 2 SYSTEMPATH/HTTP/CURLRequest.php(363): CodeIgniter\HTTP\CURLRequest->sendRequest([...])
 3 SYSTEMPATH/HTTP/CURLRequest.php(136): CodeIgniter\HTTP\CURLRequest->send('post', 'http://10.10.5.173:8081/sendMessage/')
 4 SYSTEMPATH/HTTP/CURLRequest.php(209): CodeIgniter\HTTP\CURLRequest->request('post', 'http://10.10.5.173:8081/sendMessage/', [...])
 5 APPPATH/Models/HTTP.php(13): CodeIgniter\HTTP\CURLRequest->post('http://10.10.5.173:8081/sendMessage/', [...])
 6 APPPATH/Models/Telegram.php(25): App\Models\HTTP->request('{"bot":"6034973591:AAH5qoOJ1TEfzi7m2iPXw3A_K8auh6FiNZM","telegram":{"text":"\\u0412\\u0432\\u0435\\u0434\\u0456\\u0442\\u044c \\u0432\\u043b\\u0430\\u0441\\u043d\\u0438\\u0439 <b>\\u043b\\u043e\\u0433\\u0456\\u043d<\\/b>","parse_mode":"HTML"},"telegramDispatcher":{"chat_id":["971483502"]}}')
 7 APPPATH/Controllers/Meters.php(158): App\Models\Telegram->telegram()
 8 SYSTEMPATH/CodeIgniter.php(927): App\Controllers\Meters->telegram()
 9 SYSTEMPATH/CodeIgniter.php(482): CodeIgniter\CodeIgniter->runController(Object(App\Controllers\Meters))
10 SYSTEMPATH/CodeIgniter.php(351): CodeIgniter\CodeIgniter->handleRequest(null, Object(Config\Cache), false)
11 FCPATH/index.php(67): CodeIgniter\CodeIgniter->run()
CRITICAL - 2023-03-03 07:23:03 --> Uncaught CodeIgniter\Format\Exceptions\FormatException: Failed to parse json string, error: "Type is not supported". in /ext/WWW/konex.com.ua/zayavki/system/Format/JSONFormatter.php:41
Stack trace:
#0 /ext/WWW/konex.com.ua/zayavki/system/Format/JSONFormatter.php(41): CodeIgniter\Format\Exceptions\FormatException::forInvalidJSON('Type is not sup...')
#1 /ext/WWW/konex.com.ua/zayavki/system/API/ResponseTrait.php(348): CodeIgniter\Format\JSONFormatter->format(Array)
#2 /ext/WWW/konex.com.ua/zayavki/system/API/ResponseTrait.php(99): CodeIgniter\Debug\Exceptions->format(Array)
#3 /ext/WWW/konex.com.ua/zayavki/system/Debug/Exceptions.php(133): CodeIgniter\Debug\Exceptions->respond(Array, 500)
#4 [internal function]: CodeIgniter\Debug\Exceptions->exceptionHandler(Object(CodeIgniter\HTTP\Exceptions\HTTPException))
#5 {main}
  thrown
in SYSTEMPATH/Format/JSONFormatter.php on line 41.
 1 [internal function]: CodeIgniter\Debug\Exceptions->shutdownHandler()
CRITICAL - 2023-03-03 07:24:50 --> 22 : The requested URL returned error: 401 Unauthorized
in SYSTEMPATH/HTTP/CURLRequest.php on line 655.
 1 SYSTEMPATH/HTTP/CURLRequest.php(655): CodeIgniter\HTTP\Exceptions\HTTPException::forCurlError('22', 'The requested URL returned error: 401 Unauthorized')
 2 SYSTEMPATH/HTTP/CURLRequest.php(363): CodeIgniter\HTTP\CURLRequest->sendRequest([...])
 3 SYSTEMPATH/HTTP/CURLRequest.php(136): CodeIgniter\HTTP\CURLRequest->send('post', 'http://10.10.5.173:8081/sendMessage/')
 4 SYSTEMPATH/HTTP/CURLRequest.php(209): CodeIgniter\HTTP\CURLRequest->request('post', 'http://10.10.5.173:8081/sendMessage/', [...])
 5 APPPATH/Models/HTTP.php(13): CodeIgniter\HTTP\CURLRequest->post('http://10.10.5.173:8081/sendMessage/', [...])
 6 APPPATH/Models/Telegram.php(25): App\Models\HTTP->request('{"bot":"6034973591:AAH5qoOJ1TEfzi7m2iPXw3A_K8auh6FiNZM","telegram":{"text":"\\u041f\\u0435\\u0440\\u0435\\u0432\\u0456\\u0440\\u0442\\u0435 \\u043a\\u043e\\u0440\\u0435\\u043a\\u0442\\u043d\\u0456\\u0441\\u0442\\u044c <b>\\u043b\\u043e\\u0433\\u0456\\u043d\\u0430<\\/b>","parse_mode":"HTML"},"telegramDispatcher":{"chat_id":["971483502"]}}')
 7 APPPATH/Controllers/Meters.php(158): App\Models\Telegram->telegram()
 8 SYSTEMPATH/CodeIgniter.php(927): App\Controllers\Meters->telegram()
 9 SYSTEMPATH/CodeIgniter.php(482): CodeIgniter\CodeIgniter->runController(Object(App\Controllers\Meters))
10 SYSTEMPATH/CodeIgniter.php(351): CodeIgniter\CodeIgniter->handleRequest(null, Object(Config\Cache), false)
11 FCPATH/index.php(67): CodeIgniter\CodeIgniter->run()
CRITICAL - 2023-03-03 07:24:50 --> Uncaught CodeIgniter\Format\Exceptions\FormatException: Failed to parse json string, error: "Type is not supported". in /ext/WWW/konex.com.ua/zayavki/system/Format/JSONFormatter.php:41
Stack trace:
#0 /ext/WWW/konex.com.ua/zayavki/system/Format/JSONFormatter.php(41): CodeIgniter\Format\Exceptions\FormatException::forInvalidJSON('Type is not sup...')
#1 /ext/WWW/konex.com.ua/zayavki/system/API/ResponseTrait.php(348): CodeIgniter\Format\JSONFormatter->format(Array)
#2 /ext/WWW/konex.com.ua/zayavki/system/API/ResponseTrait.php(99): CodeIgniter\Debug\Exceptions->format(Array)
#3 /ext/WWW/konex.com.ua/zayavki/system/Debug/Exceptions.php(133): CodeIgniter\Debug\Exceptions->respond(Array, 500)
#4 [internal function]: CodeIgniter\Debug\Exceptions->exceptionHandler(Object(CodeIgniter\HTTP\Exceptions\HTTPException))
#5 {main}
  thrown
in SYSTEMPATH/Format/JSONFormatter.php on line 41.
 1 [internal function]: CodeIgniter\Debug\Exceptions->shutdownHandler()
CRITICAL - 2023-03-03 07:24:59 --> 22 : The requested URL returned error: 401 Unauthorized
in SYSTEMPATH/HTTP/CURLRequest.php on line 655.
 1 SYSTEMPATH/HTTP/CURLRequest.php(655): CodeIgniter\HTTP\Exceptions\HTTPException::forCurlError('22', 'The requested URL returned error: 401 Unauthorized')
 2 SYSTEMPATH/HTTP/CURLRequest.php(363): CodeIgniter\HTTP\CURLRequest->sendRequest([...])
 3 SYSTEMPATH/HTTP/CURLRequest.php(136): CodeIgniter\HTTP\CURLRequest->send('post', 'http://10.10.5.173:8081/sendMessage/')
 4 SYSTEMPATH/HTTP/CURLRequest.php(209): CodeIgniter\HTTP\CURLRequest->request('post', 'http://10.10.5.173:8081/sendMessage/', [...])
 5 APPPATH/Models/HTTP.php(14): CodeIgniter\HTTP\CURLRequest->post('http://10.10.5.173:8081/sendMessage/', [...])
 6 APPPATH/Models/Telegram.php(24): App\Models\HTTP->request('{"bot":"6034973591:AAH5qoOJ1TEfzi7m2iPXw3A_K8auh6FiNZM","telegram":{"text":"\\u0412\\u0432\\u0435\\u0434\\u0456\\u0442\\u044c \\u0432\\u043b\\u0430\\u0441\\u043d\\u0438\\u0439 <b>\\u043b\\u043e\\u0433\\u0456\\u043d<\\/b>","parse_mode":"HTML"},"telegramDispatcher":{"chat_id":["971483502"]}}')
 7 APPPATH/Controllers/Meters.php(158): App\Models\Telegram->telegram()
 8 SYSTEMPATH/CodeIgniter.php(927): App\Controllers\Meters->telegram()
 9 SYSTEMPATH/CodeIgniter.php(482): CodeIgniter\CodeIgniter->runController(Object(App\Controllers\Meters))
10 SYSTEMPATH/CodeIgniter.php(351): CodeIgniter\CodeIgniter->handleRequest(null, Object(Config\Cache), false)
11 FCPATH/index.php(67): CodeIgniter\CodeIgniter->run()
CRITICAL - 2023-03-03 07:24:59 --> Uncaught CodeIgniter\Format\Exceptions\FormatException: Failed to parse json string, error: "Type is not supported". in /ext/WWW/konex.com.ua/zayavki/system/Format/JSONFormatter.php:41
Stack trace:
#0 /ext/WWW/konex.com.ua/zayavki/system/Format/JSONFormatter.php(41): CodeIgniter\Format\Exceptions\FormatException::forInvalidJSON('Type is not sup...')
#1 /ext/WWW/konex.com.ua/zayavki/system/API/ResponseTrait.php(348): CodeIgniter\Format\JSONFormatter->format(Array)
#2 /ext/WWW/konex.com.ua/zayavki/system/API/ResponseTrait.php(99): CodeIgniter\Debug\Exceptions->format(Array)
#3 /ext/WWW/konex.com.ua/zayavki/system/Debug/Exceptions.php(133): CodeIgniter\Debug\Exceptions->respond(Array, 500)
#4 [internal function]: CodeIgniter\Debug\Exceptions->exceptionHandler(Object(CodeIgniter\HTTP\Exceptions\HTTPException))
#5 {main}
  thrown
in SYSTEMPATH/Format/JSONFormatter.php on line 41.
 1 [internal function]: CodeIgniter\Debug\Exceptions->shutdownHandler()
CRITICAL - 2023-03-03 07:37:54 --> Trying to get property 'login' of non-object
in APPPATH/Models/Telegram.php on line 35.
 1 APPPATH/Models/Telegram.php(35): CodeIgniter\Debug\Exceptions->errorHandler(8, 'Trying to get property \'login\' of non-object', 'APPPATH/Models/Telegram.php', 35, [...])
 2 APPPATH/Models/Telegram.php(22): App\Models\Telegram->logics([], [...])
 3 APPPATH/Controllers/Meters.php(158): App\Models\Telegram->telegram()
 4 SYSTEMPATH/CodeIgniter.php(927): App\Controllers\Meters->telegram()
 5 SYSTEMPATH/CodeIgniter.php(482): CodeIgniter\CodeIgniter->runController(Object(App\Controllers\Meters))
 6 SYSTEMPATH/CodeIgniter.php(351): CodeIgniter\CodeIgniter->handleRequest(null, Object(Config\Cache), false)
 7 FCPATH/index.php(67): CodeIgniter\CodeIgniter->run()
CRITICAL - 2023-03-03 07:38:21 --> Trying to get property 'login' of non-object
in APPPATH/Models/Telegram.php on line 35.
 1 APPPATH/Models/Telegram.php(35): CodeIgniter\Debug\Exceptions->errorHandler(8, 'Trying to get property \'login\' of non-object', 'APPPATH/Models/Telegram.php', 35, [...])
 2 APPPATH/Models/Telegram.php(22): App\Models\Telegram->logics([], [...])
 3 APPPATH/Controllers/Meters.php(158): App\Models\Telegram->telegram()
 4 SYSTEMPATH/CodeIgniter.php(927): App\Controllers\Meters->telegram()
 5 SYSTEMPATH/CodeIgniter.php(482): CodeIgniter\CodeIgniter->runController(Object(App\Controllers\Meters))
 6 SYSTEMPATH/CodeIgniter.php(351): CodeIgniter\CodeIgniter->handleRequest(null, Object(Config\Cache), false)
 7 FCPATH/index.php(67): CodeIgniter\CodeIgniter->run()
CRITICAL - 2023-03-03 07:38:44 --> Undefined index: login
in APPPATH/Models/Telegram.php on line 35.
 1 APPPATH/Models/Telegram.php(35): CodeIgniter\Debug\Exceptions->errorHandler(8, 'Undefined index: login', 'APPPATH/Models/Telegram.php', 35, [...])
 2 APPPATH/Models/Telegram.php(22): App\Models\Telegram->logics([], [...])
 3 APPPATH/Controllers/Meters.php(158): App\Models\Telegram->telegram()
 4 SYSTEMPATH/CodeIgniter.php(927): App\Controllers\Meters->telegram()
 5 SYSTEMPATH/CodeIgniter.php(482): CodeIgniter\CodeIgniter->runController(Object(App\Controllers\Meters))
 6 SYSTEMPATH/CodeIgniter.php(351): CodeIgniter\CodeIgniter->handleRequest(null, Object(Config\Cache), false)
 7 FCPATH/index.php(67): CodeIgniter\CodeIgniter->run()
CRITICAL - 2023-03-03 07:38:55 --> Undefined index: login
in APPPATH/Models/Telegram.php on line 36.
 1 APPPATH/Models/Telegram.php(36): CodeIgniter\Debug\Exceptions->errorHandler(8, 'Undefined index: login', 'APPPATH/Models/Telegram.php', 36, [...])
 2 APPPATH/Models/Telegram.php(22): App\Models\Telegram->logics([], [...])
 3 APPPATH/Controllers/Meters.php(158): App\Models\Telegram->telegram()
 4 SYSTEMPATH/CodeIgniter.php(927): App\Controllers\Meters->telegram()
 5 SYSTEMPATH/CodeIgniter.php(482): CodeIgniter\CodeIgniter->runController(Object(App\Controllers\Meters))
 6 SYSTEMPATH/CodeIgniter.php(351): CodeIgniter\CodeIgniter->handleRequest(null, Object(Config\Cache), false)
 7 FCPATH/index.php(67): CodeIgniter\CodeIgniter->run()
CRITICAL - 2023-03-03 07:39:22 --> Cannot use object of type stdClass as array
in APPPATH/Models/Telegram.php on line 36.
 1 APPPATH/Models/Telegram.php(22): App\Models\Telegram->logics(null, [...])
 2 APPPATH/Controllers/Meters.php(158): App\Models\Telegram->telegram()
 3 SYSTEMPATH/CodeIgniter.php(927): App\Controllers\Meters->telegram()
 4 SYSTEMPATH/CodeIgniter.php(482): CodeIgniter\CodeIgniter->runController(Object(App\Controllers\Meters))
 5 SYSTEMPATH/CodeIgniter.php(351): CodeIgniter\CodeIgniter->handleRequest(null, Object(Config\Cache), false)
 6 FCPATH/index.php(67): CodeIgniter\CodeIgniter->run()
CRITICAL - 2023-03-03 07:39:44 --> Cannot use object of type stdClass as array
in APPPATH/Models/Telegram.php on line 35.
 1 APPPATH/Models/Telegram.php(22): App\Models\Telegram->logics(null, [...])
 2 APPPATH/Controllers/Meters.php(158): App\Models\Telegram->telegram()
 3 SYSTEMPATH/CodeIgniter.php(927): App\Controllers\Meters->telegram()
 4 SYSTEMPATH/CodeIgniter.php(482): CodeIgniter\CodeIgniter->runController(Object(App\Controllers\Meters))
 5 SYSTEMPATH/CodeIgniter.php(351): CodeIgniter\CodeIgniter->handleRequest(null, Object(Config\Cache), false)
 6 FCPATH/index.php(67): CodeIgniter\CodeIgniter->run()
CRITICAL - 2023-03-03 07:39:52 --> Cannot use object of type stdClass as array
in APPPATH/Models/Telegram.php on line 36.
 1 APPPATH/Models/Telegram.php(22): App\Models\Telegram->logics(null, [...])
 2 APPPATH/Controllers/Meters.php(158): App\Models\Telegram->telegram()
 3 SYSTEMPATH/CodeIgniter.php(927): App\Controllers\Meters->telegram()
 4 SYSTEMPATH/CodeIgniter.php(482): CodeIgniter\CodeIgniter->runController(Object(App\Controllers\Meters))
 5 SYSTEMPATH/CodeIgniter.php(351): CodeIgniter\CodeIgniter->handleRequest(null, Object(Config\Cache), false)
 6 FCPATH/index.php(67): CodeIgniter\CodeIgniter->run()
ERROR - 2023-03-03 07:40:02 --> mysqli_sql_exception: You have an error in your SQL syntax; check the manual that corresponds to your MySQL server version for the right syntax to use near '"login":"zlyuka"}) WHERE login = 'zlyuka'' at line 1 in /ext/WWW/konex.com.ua/zayavki/system/Database/MySQLi/Connection.php:292
Stack trace:
#0 /ext/WWW/konex.com.ua/zayavki/system/Database/MySQLi/Connection.php(292): mysqli->query('INSERT INTO use...', 0)
#1 /ext/WWW/konex.com.ua/zayavki/system/Database/BaseConnection.php(666): CodeIgniter\Database\MySQLi\Connection->execute('INSERT INTO use...')
#2 /ext/WWW/konex.com.ua/zayavki/system/Database/BaseConnection.php(593): CodeIgniter\Database\BaseConnection->simpleQuery('INSERT INTO use...')
#3 /ext/WWW/konex.com.ua/zayavki/app/Models/User.php(131): CodeIgniter\Database\BaseConnection->query('INSERT INTO use...')
#4 /ext/WWW/konex.com.ua/zayavki/app/Models/Telegram.php(36): App\Models\User->insertTelegramDataByLogin('zlyuka', 971483502, 'pass', '{"login":"zlyuk...')
#5 /ext/WWW/konex.com.ua/zayavki/app/Models/Telegram.php(22): App\Models\Telegram->logics(NULL, Array)
#6 /ext/WWW/konex.com.ua/zayavki/app/Controllers/Meters.php(158): App\Models\Telegram->telegram()
#7 /ext/WWW/konex.com.ua/zayavki/system/CodeIgniter.php(927): App\Controllers\Meters->telegram()
#8 /ext/WWW/konex.com.ua/zayavki/system/CodeIgniter.php(482): CodeIgniter\CodeIgniter->runController(Object(App\Controllers\Meters))
#9 /ext/WWW/konex.com.ua/zayavki/system/CodeIgniter.php(351): CodeIgniter\CodeIgniter->handleRequest(NULL, Object(Config\Cache), false)
#10 /ext/WWW/konex.com.ua/zayavki/public/index.php(67): CodeIgniter\CodeIgniter->run()
#11 {main}
CRITICAL - 2023-03-03 07:40:02 --> You have an error in your SQL syntax; check the manual that corresponds to your MySQL server version for the right syntax to use near '"login":"zlyuka"}) WHERE login = 'zlyuka'' at line 1
in SYSTEMPATH/Database/MySQLi/Connection.php on line 292.
 1 SYSTEMPATH/Database/MySQLi/Connection.php(292): mysqli->query('INSERT INTO users (telegramChatId, telegramState, telegramMetadata) VALUES (971483502, pass, {"login":"zlyuka"}) WHERE login = \'zlyuka\'', 0)
 2 SYSTEMPATH/Database/BaseConnection.php(666): CodeIgniter\Database\MySQLi\Connection->execute('INSERT INTO users (telegramChatId, telegramState, telegramMetadata) VALUES (971483502, pass, {"login":"zlyuka"}) WHERE login = \'zlyuka\'')
 3 SYSTEMPATH/Database/BaseConnection.php(593): CodeIgniter\Database\BaseConnection->simpleQuery('INSERT INTO users (telegramChatId, telegramState, telegramMetadata) VALUES (971483502, pass, {"login":"zlyuka"}) WHERE login = \'zlyuka\'')
 4 APPPATH/Models/User.php(131): CodeIgniter\Database\BaseConnection->query('INSERT INTO users (telegramChatId, telegramState, telegramMetadata) VALUES (971483502, pass, {"login":"zlyuka"}) WHERE login = \'zlyuka\'')
 5 APPPATH/Models/Telegram.php(36): App\Models\User->insertTelegramDataByLogin('zlyuka', 971483502, 'pass', '{"login":"zlyuka"}')
 6 APPPATH/Models/Telegram.php(22): App\Models\Telegram->logics(null, [...])
 7 APPPATH/Controllers/Meters.php(158): App\Models\Telegram->telegram()
 8 SYSTEMPATH/CodeIgniter.php(927): App\Controllers\Meters->telegram()
 9 SYSTEMPATH/CodeIgniter.php(482): CodeIgniter\CodeIgniter->runController(Object(App\Controllers\Meters))
10 SYSTEMPATH/CodeIgniter.php(351): CodeIgniter\CodeIgniter->handleRequest(null, Object(Config\Cache), false)
11 FCPATH/index.php(67): CodeIgniter\CodeIgniter->run()
ERROR - 2023-03-03 07:41:14 --> mysqli_sql_exception: You have an error in your SQL syntax; check the manual that corresponds to your MySQL server version for the right syntax to use near '"login":"zlyuka"}) WHERE login = 'zlyuka'' at line 1 in /ext/WWW/konex.com.ua/zayavki/system/Database/MySQLi/Connection.php:292
Stack trace:
#0 /ext/WWW/konex.com.ua/zayavki/system/Database/MySQLi/Connection.php(292): mysqli->query('INSERT INTO use...', 0)
#1 /ext/WWW/konex.com.ua/zayavki/system/Database/BaseConnection.php(666): CodeIgniter\Database\MySQLi\Connection->execute('INSERT INTO use...')
#2 /ext/WWW/konex.com.ua/zayavki/system/Database/BaseConnection.php(593): CodeIgniter\Database\BaseConnection->simpleQuery('INSERT INTO use...')
#3 /ext/WWW/konex.com.ua/zayavki/app/Models/User.php(132): CodeIgniter\Database\BaseConnection->query('INSERT INTO use...')
#4 /ext/WWW/konex.com.ua/zayavki/app/Models/Telegram.php(35): App\Models\User->insertTelegramDataByLogin('zlyuka', 971483502, 'pass', '{"login":"zlyuk...')
#5 /ext/WWW/konex.com.ua/zayavki/app/Models/Telegram.php(22): App\Models\Telegram->logics(NULL, Array)
#6 /ext/WWW/konex.com.ua/zayavki/app/Controllers/Meters.php(158): App\Models\Telegram->telegram()
#7 /ext/WWW/konex.com.ua/zayavki/system/CodeIgniter.php(927): App\Controllers\Meters->telegram()
#8 /ext/WWW/konex.com.ua/zayavki/system/CodeIgniter.php(482): CodeIgniter\CodeIgniter->runController(Object(App\Controllers\Meters))
#9 /ext/WWW/konex.com.ua/zayavki/system/CodeIgniter.php(351): CodeIgniter\CodeIgniter->handleRequest(NULL, Object(Config\Cache), false)
#10 /ext/WWW/konex.com.ua/zayavki/public/index.php(67): CodeIgniter\CodeIgniter->run()
#11 {main}
CRITICAL - 2023-03-03 07:41:14 --> You have an error in your SQL syntax; check the manual that corresponds to your MySQL server version for the right syntax to use near '"login":"zlyuka"}) WHERE login = 'zlyuka'' at line 1
in SYSTEMPATH/Database/MySQLi/Connection.php on line 292.
 1 SYSTEMPATH/Database/MySQLi/Connection.php(292): mysqli->query('INSERT INTO users (telegramChatId, telegramState, telegramMetadata) VALUES (971483502, pass, {"login":"zlyuka"}) WHERE login = \'zlyuka\'', 0)
 2 SYSTEMPATH/Database/BaseConnection.php(666): CodeIgniter\Database\MySQLi\Connection->execute('INSERT INTO users (telegramChatId, telegramState, telegramMetadata) VALUES (971483502, pass, {"login":"zlyuka"}) WHERE login = \'zlyuka\'')
 3 SYSTEMPATH/Database/BaseConnection.php(593): CodeIgniter\Database\BaseConnection->simpleQuery('INSERT INTO users (telegramChatId, telegramState, telegramMetadata) VALUES (971483502, pass, {"login":"zlyuka"}) WHERE login = \'zlyuka\'')
 4 APPPATH/Models/User.php(132): CodeIgniter\Database\BaseConnection->query('INSERT INTO users (telegramChatId, telegramState, telegramMetadata) VALUES (971483502, pass, {"login":"zlyuka"}) WHERE login = \'zlyuka\'')
 5 APPPATH/Models/Telegram.php(35): App\Models\User->insertTelegramDataByLogin('zlyuka', 971483502, 'pass', '{"login":"zlyuka"}')
 6 APPPATH/Models/Telegram.php(22): App\Models\Telegram->logics(null, [...])
 7 APPPATH/Controllers/Meters.php(158): App\Models\Telegram->telegram()
 8 SYSTEMPATH/CodeIgniter.php(927): App\Controllers\Meters->telegram()
 9 SYSTEMPATH/CodeIgniter.php(482): CodeIgniter\CodeIgniter->runController(Object(App\Controllers\Meters))
10 SYSTEMPATH/CodeIgniter.php(351): CodeIgniter\CodeIgniter->handleRequest(null, Object(Config\Cache), false)
11 FCPATH/index.php(67): CodeIgniter\CodeIgniter->run()
ERROR - 2023-03-03 07:42:58 --> mysqli_sql_exception: You have an error in your SQL syntax; check the manual that corresponds to your MySQL server version for the right syntax to use near '"login":"zlyuka"}) WHERE login = 'zlyuka'' at line 1 in /ext/WWW/konex.com.ua/zayavki/system/Database/MySQLi/Connection.php:292
Stack trace:
#0 /ext/WWW/konex.com.ua/zayavki/system/Database/MySQLi/Connection.php(292): mysqli->query('INSERT INTO use...', 0)
#1 /ext/WWW/konex.com.ua/zayavki/system/Database/BaseConnection.php(666): CodeIgniter\Database\MySQLi\Connection->execute('INSERT INTO use...')
#2 /ext/WWW/konex.com.ua/zayavki/system/Database/BaseConnection.php(593): CodeIgniter\Database\BaseConnection->simpleQuery('INSERT INTO use...')
#3 /ext/WWW/konex.com.ua/zayavki/app/Models/User.php(132): CodeIgniter\Database\BaseConnection->query('INSERT INTO use...')
#4 /ext/WWW/konex.com.ua/zayavki/app/Models/Telegram.php(35): App\Models\User->insertTelegramDataByLogin('zlyuka', 971483502, 'pass', '{"login":"zlyuk...')
#5 /ext/WWW/konex.com.ua/zayavki/app/Models/Telegram.php(22): App\Models\Telegram->logics(NULL, Array)
#6 /ext/WWW/konex.com.ua/zayavki/app/Controllers/Meters.php(158): App\Models\Telegram->telegram()
#7 /ext/WWW/konex.com.ua/zayavki/system/CodeIgniter.php(927): App\Controllers\Meters->telegram()
#8 /ext/WWW/konex.com.ua/zayavki/system/CodeIgniter.php(482): CodeIgniter\CodeIgniter->runController(Object(App\Controllers\Meters))
#9 /ext/WWW/konex.com.ua/zayavki/system/CodeIgniter.php(351): CodeIgniter\CodeIgniter->handleRequest(NULL, Object(Config\Cache), false)
#10 /ext/WWW/konex.com.ua/zayavki/public/index.php(67): CodeIgniter\CodeIgniter->run()
#11 {main}
CRITICAL - 2023-03-03 07:42:58 --> You have an error in your SQL syntax; check the manual that corresponds to your MySQL server version for the right syntax to use near '"login":"zlyuka"}) WHERE login = 'zlyuka'' at line 1
in SYSTEMPATH/Database/MySQLi/Connection.php on line 292.
 1 SYSTEMPATH/Database/MySQLi/Connection.php(292): mysqli->query('INSERT INTO users (telegramChatId, telegramState, telegramMetadata) VALUES (971483502, pass, {"login":"zlyuka"}) WHERE login = \'zlyuka\'', 0)
 2 SYSTEMPATH/Database/BaseConnection.php(666): CodeIgniter\Database\MySQLi\Connection->execute('INSERT INTO users (telegramChatId, telegramState, telegramMetadata) VALUES (971483502, pass, {"login":"zlyuka"}) WHERE login = \'zlyuka\'')
 3 SYSTEMPATH/Database/BaseConnection.php(593): CodeIgniter\Database\BaseConnection->simpleQuery('INSERT INTO users (telegramChatId, telegramState, telegramMetadata) VALUES (971483502, pass, {"login":"zlyuka"}) WHERE login = \'zlyuka\'')
 4 APPPATH/Models/User.php(132): CodeIgniter\Database\BaseConnection->query('INSERT INTO users (telegramChatId, telegramState, telegramMetadata) VALUES (971483502, pass, {"login":"zlyuka"}) WHERE login = \'zlyuka\'')
 5 APPPATH/Models/Telegram.php(35): App\Models\User->insertTelegramDataByLogin('zlyuka', 971483502, 'pass', '{"login":"zlyuka"}')
 6 APPPATH/Models/Telegram.php(22): App\Models\Telegram->logics(null, [...])
 7 APPPATH/Controllers/Meters.php(158): App\Models\Telegram->telegram()
 8 SYSTEMPATH/CodeIgniter.php(927): App\Controllers\Meters->telegram()
 9 SYSTEMPATH/CodeIgniter.php(482): CodeIgniter\CodeIgniter->runController(Object(App\Controllers\Meters))
10 SYSTEMPATH/CodeIgniter.php(351): CodeIgniter\CodeIgniter->handleRequest(null, Object(Config\Cache), false)
11 FCPATH/index.php(67): CodeIgniter\CodeIgniter->run()
ERROR - 2023-03-03 07:44:13 --> mysqli_sql_exception: You have an error in your SQL syntax; check the manual that corresponds to your MySQL server version for the right syntax to use near 'WHERE login = 'zlyuka'' at line 1 in /ext/WWW/konex.com.ua/zayavki/system/Database/MySQLi/Connection.php:292
Stack trace:
#0 /ext/WWW/konex.com.ua/zayavki/system/Database/MySQLi/Connection.php(292): mysqli->query('INSERT INTO use...', 0)
#1 /ext/WWW/konex.com.ua/zayavki/system/Database/BaseConnection.php(666): CodeIgniter\Database\MySQLi\Connection->execute('INSERT INTO use...')
#2 /ext/WWW/konex.com.ua/zayavki/system/Database/BaseConnection.php(593): CodeIgniter\Database\BaseConnection->simpleQuery('INSERT INTO use...')
#3 /ext/WWW/konex.com.ua/zayavki/app/Models/User.php(132): CodeIgniter\Database\BaseConnection->query('INSERT INTO use...')
#4 /ext/WWW/konex.com.ua/zayavki/app/Models/Telegram.php(35): App\Models\User->insertTelegramDataByLogin('zlyuka', 971483502, 'pass', '{"login":"zlyuk...')
#5 /ext/WWW/konex.com.ua/zayavki/app/Models/Telegram.php(22): App\Models\Telegram->logics(NULL, Array)
#6 /ext/WWW/konex.com.ua/zayavki/app/Controllers/Meters.php(158): App\Models\Telegram->telegram()
#7 /ext/WWW/konex.com.ua/zayavki/system/CodeIgniter.php(927): App\Controllers\Meters->telegram()
#8 /ext/WWW/konex.com.ua/zayavki/system/CodeIgniter.php(482): CodeIgniter\CodeIgniter->runController(Object(App\Controllers\Meters))
#9 /ext/WWW/konex.com.ua/zayavki/system/CodeIgniter.php(351): CodeIgniter\CodeIgniter->handleRequest(NULL, Object(Config\Cache), false)
#10 /ext/WWW/konex.com.ua/zayavki/public/index.php(67): CodeIgniter\CodeIgniter->run()
#11 {main}
CRITICAL - 2023-03-03 07:44:13 --> You have an error in your SQL syntax; check the manual that corresponds to your MySQL server version for the right syntax to use near 'WHERE login = 'zlyuka'' at line 1
in SYSTEMPATH/Database/MySQLi/Connection.php on line 292.
 1 SYSTEMPATH/Database/MySQLi/Connection.php(292): mysqli->query('INSERT INTO users (telegramChatId, telegramState, telegramMetadata) VALUES (971483502, pass, \'{"login":"zlyuka"}\') WHERE login = \'zlyuka\'', 0)
 2 SYSTEMPATH/Database/BaseConnection.php(666): CodeIgniter\Database\MySQLi\Connection->execute('INSERT INTO users (telegramChatId, telegramState, telegramMetadata) VALUES (971483502, pass, \'{"login":"zlyuka"}\') WHERE login = \'zlyuka\'')
 3 SYSTEMPATH/Database/BaseConnection.php(593): CodeIgniter\Database\BaseConnection->simpleQuery('INSERT INTO users (telegramChatId, telegramState, telegramMetadata) VALUES (971483502, pass, \'{"login":"zlyuka"}\') WHERE login = \'zlyuka\'')
 4 APPPATH/Models/User.php(132): CodeIgniter\Database\BaseConnection->query('INSERT INTO users (telegramChatId, telegramState, telegramMetadata) VALUES (971483502, pass, \'{"login":"zlyuka"}\') WHERE login = \'zlyuka\'')
 5 APPPATH/Models/Telegram.php(35): App\Models\User->insertTelegramDataByLogin('zlyuka', 971483502, 'pass', '{"login":"zlyuka"}')
 6 APPPATH/Models/Telegram.php(22): App\Models\Telegram->logics(null, [...])
 7 APPPATH/Controllers/Meters.php(158): App\Models\Telegram->telegram()
 8 SYSTEMPATH/CodeIgniter.php(927): App\Controllers\Meters->telegram()
 9 SYSTEMPATH/CodeIgniter.php(482): CodeIgniter\CodeIgniter->runController(Object(App\Controllers\Meters))
10 SYSTEMPATH/CodeIgniter.php(351): CodeIgniter\CodeIgniter->handleRequest(null, Object(Config\Cache), false)
11 FCPATH/index.php(67): CodeIgniter\CodeIgniter->run()
ERROR - 2023-03-03 07:45:53 --> mysqli_sql_exception: You have an error in your SQL syntax; check the manual that corresponds to your MySQL server version for the right syntax to use near 'WHERE login = 'zlyuka'' at line 1 in /ext/WWW/konex.com.ua/zayavki/system/Database/MySQLi/Connection.php:292
Stack trace:
#0 /ext/WWW/konex.com.ua/zayavki/system/Database/MySQLi/Connection.php(292): mysqli->query('INSERT INTO use...', 0)
#1 /ext/WWW/konex.com.ua/zayavki/system/Database/BaseConnection.php(666): CodeIgniter\Database\MySQLi\Connection->execute('INSERT INTO use...')
#2 /ext/WWW/konex.com.ua/zayavki/system/Database/BaseConnection.php(593): CodeIgniter\Database\BaseConnection->simpleQuery('INSERT INTO use...')
#3 /ext/WWW/konex.com.ua/zayavki/app/Models/User.php(132): CodeIgniter\Database\BaseConnection->query('INSERT INTO use...')
#4 /ext/WWW/konex.com.ua/zayavki/app/Models/Telegram.php(35): App\Models\User->insertTelegramDataByLogin('zlyuka', 971483502, 'pass', '{"login":"zlyuk...')
#5 /ext/WWW/konex.com.ua/zayavki/app/Models/Telegram.php(22): App\Models\Telegram->logics(NULL, Array)
#6 /ext/WWW/konex.com.ua/zayavki/app/Controllers/Meters.php(158): App\Models\Telegram->telegram()
#7 /ext/WWW/konex.com.ua/zayavki/system/CodeIgniter.php(927): App\Controllers\Meters->telegram()
#8 /ext/WWW/konex.com.ua/zayavki/system/CodeIgniter.php(482): CodeIgniter\CodeIgniter->runController(Object(App\Controllers\Meters))
#9 /ext/WWW/konex.com.ua/zayavki/system/CodeIgniter.php(351): CodeIgniter\CodeIgniter->handleRequest(NULL, Object(Config\Cache), false)
#10 /ext/WWW/konex.com.ua/zayavki/public/index.php(67): CodeIgniter\CodeIgniter->run()
#11 {main}
CRITICAL - 2023-03-03 07:45:53 --> You have an error in your SQL syntax; check the manual that corresponds to your MySQL server version for the right syntax to use near 'WHERE login = 'zlyuka'' at line 1
in SYSTEMPATH/Database/MySQLi/Connection.php on line 292.
 1 SYSTEMPATH/Database/MySQLi/Connection.php(292): mysqli->query('INSERT INTO users (telegramChatId, telegramState, telegramMetadata) VALUES (\'971483502\', \'pass\', \'{"login":"zlyuka"}\') WHERE login = \'zlyuka\'', 0)
 2 SYSTEMPATH/Database/BaseConnection.php(666): CodeIgniter\Database\MySQLi\Connection->execute('INSERT INTO users (telegramChatId, telegramState, telegramMetadata) VALUES (\'971483502\', \'pass\', \'{"login":"zlyuka"}\') WHERE login = \'zlyuka\'')
 3 SYSTEMPATH/Database/BaseConnection.php(593): CodeIgniter\Database\BaseConnection->simpleQuery('INSERT INTO users (telegramChatId, telegramState, telegramMetadata) VALUES (\'971483502\', \'pass\', \'{"login":"zlyuka"}\') WHERE login = \'zlyuka\'')
 4 APPPATH/Models/User.php(132): CodeIgniter\Database\BaseConnection->query('INSERT INTO users (telegramChatId, telegramState, telegramMetadata) VALUES (\'971483502\', \'pass\', \'{"login":"zlyuka"}\') WHERE login = \'zlyuka\'')
 5 APPPATH/Models/Telegram.php(35): App\Models\User->insertTelegramDataByLogin('zlyuka', 971483502, 'pass', '{"login":"zlyuka"}')
 6 APPPATH/Models/Telegram.php(22): App\Models\Telegram->logics(null, [...])
 7 APPPATH/Controllers/Meters.php(158): App\Models\Telegram->telegram()
 8 SYSTEMPATH/CodeIgniter.php(927): App\Controllers\Meters->telegram()
 9 SYSTEMPATH/CodeIgniter.php(482): CodeIgniter\CodeIgniter->runController(Object(App\Controllers\Meters))
10 SYSTEMPATH/CodeIgniter.php(351): CodeIgniter\CodeIgniter->handleRequest(null, Object(Config\Cache), false)
11 FCPATH/index.php(67): CodeIgniter\CodeIgniter->run()
ERROR - 2023-03-03 07:49:09 --> mysqli_sql_exception: Table 'zayavki.users' doesn't exist in /ext/WWW/konex.com.ua/zayavki/system/Database/MySQLi/Connection.php:292
Stack trace:
#0 /ext/WWW/konex.com.ua/zayavki/system/Database/MySQLi/Connection.php(292): mysqli->query('UPDATE users SE...', 0)
#1 /ext/WWW/konex.com.ua/zayavki/system/Database/BaseConnection.php(666): CodeIgniter\Database\MySQLi\Connection->execute('UPDATE users SE...')
#2 /ext/WWW/konex.com.ua/zayavki/system/Database/BaseConnection.php(593): CodeIgniter\Database\BaseConnection->simpleQuery('UPDATE users SE...')
#3 /ext/WWW/konex.com.ua/zayavki/app/Models/User.php(132): CodeIgniter\Database\BaseConnection->query('UPDATE users SE...')
#4 /ext/WWW/konex.com.ua/zayavki/app/Models/Telegram.php(35): App\Models\User->insertTelegramDataByLogin('zlyuka', 971483502, 'pass', '{"login":"zlyuk...')
#5 /ext/WWW/konex.com.ua/zayavki/app/Models/Telegram.php(22): App\Models\Telegram->logics(NULL, Array)
#6 /ext/WWW/konex.com.ua/zayavki/app/Controllers/Meters.php(158): App\Models\Telegram->telegram()
#7 /ext/WWW/konex.com.ua/zayavki/system/CodeIgniter.php(927): App\Controllers\Meters->telegram()
#8 /ext/WWW/konex.com.ua/zayavki/system/CodeIgniter.php(482): CodeIgniter\CodeIgniter->runController(Object(App\Controllers\Meters))
#9 /ext/WWW/konex.com.ua/zayavki/system/CodeIgniter.php(351): CodeIgniter\CodeIgniter->handleRequest(NULL, Object(Config\Cache), false)
#10 /ext/WWW/konex.com.ua/zayavki/public/index.php(67): CodeIgniter\CodeIgniter->run()
#11 {main}
CRITICAL - 2023-03-03 07:49:09 --> Table 'zayavki.users' doesn't exist
in SYSTEMPATH/Database/MySQLi/Connection.php on line 292.
 1 SYSTEMPATH/Database/MySQLi/Connection.php(292): mysqli->query('UPDATE users SET telegramChatId = \'971483502\', telegramState = \'pass\', telegramMetadata = \'{"login":"zlyuka"}\' WHERE login = \'zlyuka\'', 0)
 2 SYSTEMPATH/Database/BaseConnection.php(666): CodeIgniter\Database\MySQLi\Connection->execute('UPDATE users SET telegramChatId = \'971483502\', telegramState = \'pass\', telegramMetadata = \'{"login":"zlyuka"}\' WHERE login = \'zlyuka\'')
 3 SYSTEMPATH/Database/BaseConnection.php(593): CodeIgniter\Database\BaseConnection->simpleQuery('UPDATE users SET telegramChatId = \'971483502\', telegramState = \'pass\', telegramMetadata = \'{"login":"zlyuka"}\' WHERE login = \'zlyuka\'')
 4 APPPATH/Models/User.php(132): CodeIgniter\Database\BaseConnection->query('UPDATE users SET telegramChatId = \'971483502\', telegramState = \'pass\', telegramMetadata = \'{"login":"zlyuka"}\' WHERE login = \'zlyuka\'')
 5 APPPATH/Models/Telegram.php(35): App\Models\User->insertTelegramDataByLogin('zlyuka', 971483502, 'pass', '{"login":"zlyuka"}')
 6 APPPATH/Models/Telegram.php(22): App\Models\Telegram->logics(null, [...])
 7 APPPATH/Controllers/Meters.php(158): App\Models\Telegram->telegram()
 8 SYSTEMPATH/CodeIgniter.php(927): App\Controllers\Meters->telegram()
 9 SYSTEMPATH/CodeIgniter.php(482): CodeIgniter\CodeIgniter->runController(Object(App\Controllers\Meters))
10 SYSTEMPATH/CodeIgniter.php(351): CodeIgniter\CodeIgniter->handleRequest(null, Object(Config\Cache), false)
11 FCPATH/index.php(67): CodeIgniter\CodeIgniter->run()
CRITICAL - 2023-03-03 08:04:15 --> Array to string conversion
in APPPATH/Models/HTTP.php on line 13.
 1 APPPATH/Models/HTTP.php(13): CodeIgniter\Debug\Exceptions->errorHandler(8, 'Array to string conversion', 'APPPATH/Models/HTTP.php', 13, [...])
 2 APPPATH/Models/Telegram.php(24): App\Models\HTTP->request([...])
 3 APPPATH/Controllers/Meters.php(158): App\Models\Telegram->telegram()
 4 SYSTEMPATH/CodeIgniter.php(927): App\Controllers\Meters->telegram()
 5 SYSTEMPATH/CodeIgniter.php(482): CodeIgniter\CodeIgniter->runController(Object(App\Controllers\Meters))
 6 SYSTEMPATH/CodeIgniter.php(351): CodeIgniter\CodeIgniter->handleRequest(null, Object(Config\Cache), false)
 7 FCPATH/index.php(67): CodeIgniter\CodeIgniter->run()
CRITICAL - 2023-03-03 08:10:22 --> Undefined offset: 1
in APPPATH/Models/Telegram.php on line 52.
 1 APPPATH/Models/Telegram.php(52): CodeIgniter\Debug\Exceptions->errorHandler(8, 'Undefined offset: 1', 'APPPATH/Models/Telegram.php', 52, [...])
 2 APPPATH/Models/Telegram.php(36): App\Models\Telegram->createTelegramMessage('    <b>zlyuka</b>', [...], 'inline_keyboard')
 3 APPPATH/Models/Telegram.php(22): App\Models\Telegram->logics(null, [...])
 4 APPPATH/Controllers/Meters.php(158): App\Models\Telegram->telegram()
 5 SYSTEMPATH/CodeIgniter.php(927): App\Controllers\Meters->telegram()
 6 SYSTEMPATH/CodeIgniter.php(482): CodeIgniter\CodeIgniter->runController(Object(App\Controllers\Meters))
 7 SYSTEMPATH/CodeIgniter.php(351): CodeIgniter\CodeIgniter->handleRequest(null, Object(Config\Cache), false)
 8 FCPATH/index.php(67): CodeIgniter\CodeIgniter->run()
CRITICAL - 2023-03-03 08:10:27 --> Undefined offset: 1
in APPPATH/Models/Telegram.php on line 52.
 1 APPPATH/Models/Telegram.php(52): CodeIgniter\Debug\Exceptions->errorHandler(8, 'Undefined offset: 1', 'APPPATH/Models/Telegram.php', 52, [...])
 2 APPPATH/Models/Telegram.php(36): App\Models\Telegram->createTelegramMessage('    <b>zlyuka</b>', [...], 'inline_keyboard')
 3 APPPATH/Models/Telegram.php(22): App\Models\Telegram->logics(null, [...])
 4 APPPATH/Controllers/Meters.php(158): App\Models\Telegram->telegram()
 5 SYSTEMPATH/CodeIgniter.php(927): App\Controllers\Meters->telegram()
 6 SYSTEMPATH/CodeIgniter.php(482): CodeIgniter\CodeIgniter->runController(Object(App\Controllers\Meters))
 7 SYSTEMPATH/CodeIgniter.php(351): CodeIgniter\CodeIgniter->handleRequest(null, Object(Config\Cache), false)
 8 FCPATH/index.php(67): CodeIgniter\CodeIgniter->run()
CRITICAL - 2023-03-03 08:10:50 --> Array to string conversion
in APPPATH/Models/Telegram.php on line 55.
 1 APPPATH/Models/Telegram.php(55): CodeIgniter\Debug\Exceptions->errorHandler(8, 'Array to string conversion', 'APPPATH/Models/Telegram.php', 55, [...])
 2 APPPATH/Models/Telegram.php(36): App\Models\Telegram->createTelegramMessage('    <b>zlyuka</b>', [...], 'inline_keyboard')
 3 APPPATH/Models/Telegram.php(22): App\Models\Telegram->logics(null, [...])
 4 APPPATH/Controllers/Meters.php(158): App\Models\Telegram->telegram()
 5 SYSTEMPATH/CodeIgniter.php(927): App\Controllers\Meters->telegram()
 6 SYSTEMPATH/CodeIgniter.php(482): CodeIgniter\CodeIgniter->runController(Object(App\Controllers\Meters))
 7 SYSTEMPATH/CodeIgniter.php(351): CodeIgniter\CodeIgniter->handleRequest(null, Object(Config\Cache), false)
 8 FCPATH/index.php(67): CodeIgniter\CodeIgniter->run()
CRITICAL - 2023-03-03 08:11:10 --> Array to string conversion
in APPPATH/Models/Telegram.php on line 55.
 1 APPPATH/Models/Telegram.php(55): CodeIgniter\Debug\Exceptions->errorHandler(8, 'Array to string conversion', 'APPPATH/Models/Telegram.php', 55, [...])
 2 APPPATH/Models/Telegram.php(36): App\Models\Telegram->createTelegramMessage('    <b>zlyuka</b>', [...], 'inline_keyboard')
 3 APPPATH/Models/Telegram.php(22): App\Models\Telegram->logics(null, [...])
 4 APPPATH/Controllers/Meters.php(158): App\Models\Telegram->telegram()
 5 SYSTEMPATH/CodeIgniter.php(927): App\Controllers\Meters->telegram()
 6 SYSTEMPATH/CodeIgniter.php(482): CodeIgniter\CodeIgniter->runController(Object(App\Controllers\Meters))
 7 SYSTEMPATH/CodeIgniter.php(351): CodeIgniter\CodeIgniter->handleRequest(null, Object(Config\Cache), false)
 8 FCPATH/index.php(67): CodeIgniter\CodeIgniter->run()
CRITICAL - 2023-03-03 08:11:20 --> Array to string conversion
in APPPATH/Models/Telegram.php on line 55.
 1 APPPATH/Models/Telegram.php(55): CodeIgniter\Debug\Exceptions->errorHandler(8, 'Array to string conversion', 'APPPATH/Models/Telegram.php', 55, [...])
 2 APPPATH/Models/Telegram.php(36): App\Models\Telegram->createTelegramMessage('    <b>zlyuka</b>', [...], 'inline_keyboard')
 3 APPPATH/Models/Telegram.php(22): App\Models\Telegram->logics(null, [...])
 4 APPPATH/Controllers/Meters.php(158): App\Models\Telegram->telegram()
 5 SYSTEMPATH/CodeIgniter.php(927): App\Controllers\Meters->telegram()
 6 SYSTEMPATH/CodeIgniter.php(482): CodeIgniter\CodeIgniter->runController(Object(App\Controllers\Meters))
 7 SYSTEMPATH/CodeIgniter.php(351): CodeIgniter\CodeIgniter->handleRequest(null, Object(Config\Cache), false)
 8 FCPATH/index.php(67): CodeIgniter\CodeIgniter->run()
CRITICAL - 2023-03-03 08:20:36 --> Undefined variable: buttons
in APPPATH/Models/Telegram.php on line 49.
 1 APPPATH/Models/Telegram.php(49): CodeIgniter\Debug\Exceptions->errorHandler(8, 'Undefined variable: buttons', 'APPPATH/Models/Telegram.php', 49, [...])
 2 APPPATH/Models/Telegram.php(33): App\Models\Telegram->createTelegramMessage('  <b></b>')
 3 APPPATH/Models/Telegram.php(22): App\Models\Telegram->logics(null, [...])
 4 APPPATH/Controllers/Meters.php(158): App\Models\Telegram->telegram()
 5 SYSTEMPATH/CodeIgniter.php(927): App\Controllers\Meters->telegram()
 6 SYSTEMPATH/CodeIgniter.php(482): CodeIgniter\CodeIgniter->runController(Object(App\Controllers\Meters))
 7 SYSTEMPATH/CodeIgniter.php(351): CodeIgniter\CodeIgniter->handleRequest(null, Object(Config\Cache), false)
 8 FCPATH/index.php(67): CodeIgniter\CodeIgniter->run()
CRITICAL - 2023-03-03 08:22:59 --> syntax error, unexpected '}', expecting ':' or '{'
in APPPATH/Models/Telegram.php on line 51.
 1 SYSTEMPATH/Autoloader/Autoloader.php(259): CodeIgniter\Autoloader\Autoloader->includeFile('APPPATH/Models/Telegram.php')
 2 SYSTEMPATH/Autoloader/Autoloader.php(237): CodeIgniter\Autoloader\Autoloader->loadInNamespace('App\\Models\\Telegram')
 3 [internal function]: CodeIgniter\Autoloader\Autoloader->loadClass('App\\Models\\Telegram')
 4 APPPATH/Controllers/Meters.php(26): spl_autoload_call('App\\Models\\Telegram')
 5 SYSTEMPATH/CodeIgniter.php(889): App\Controllers\Meters->__construct()
 6 SYSTEMPATH/CodeIgniter.php(473): CodeIgniter\CodeIgniter->createController()
 7 SYSTEMPATH/CodeIgniter.php(351): CodeIgniter\CodeIgniter->handleRequest(null, Object(Config\Cache), false)
 8 FCPATH/index.php(67): CodeIgniter\CodeIgniter->run()
CRITICAL - 2023-03-03 08:25:27 --> Undefined variable: buttons
in APPPATH/Models/Telegram.php on line 59.
 1 APPPATH/Models/Telegram.php(59): CodeIgniter\Debug\Exceptions->errorHandler(8, 'Undefined variable: buttons', 'APPPATH/Models/Telegram.php', 59, [...])
 2 APPPATH/Models/Telegram.php(36): App\Models\Telegram->createTelegramMessage('  <b></b>')
 3 APPPATH/Models/Telegram.php(25): App\Models\Telegram->logics(null, [...])
 4 APPPATH/Controllers/Meters.php(158): App\Models\Telegram->telegram()
 5 SYSTEMPATH/CodeIgniter.php(927): App\Controllers\Meters->telegram()
 6 SYSTEMPATH/CodeIgniter.php(482): CodeIgniter\CodeIgniter->runController(Object(App\Controllers\Meters))
 7 SYSTEMPATH/CodeIgniter.php(351): CodeIgniter\CodeIgniter->handleRequest(null, Object(Config\Cache), false)
 8 FCPATH/index.php(67): CodeIgniter\CodeIgniter->run()
CRITICAL - 2023-03-03 08:28:20 --> Undefined variable: buttons
in APPPATH/Models/Telegram.php on line 66.
 1 APPPATH/Models/Telegram.php(66): CodeIgniter\Debug\Exceptions->errorHandler(8, 'Undefined variable: buttons', 'APPPATH/Models/Telegram.php', 66, [...])
 2 APPPATH/Models/Telegram.php(43): App\Models\Telegram->createTelegramMessage('  <b></b>')
 3 APPPATH/Models/Telegram.php(32): App\Models\Telegram->logics(null, [...])
 4 APPPATH/Controllers/Meters.php(158): App\Models\Telegram->telegram()
 5 SYSTEMPATH/CodeIgniter.php(927): App\Controllers\Meters->telegram()
 6 SYSTEMPATH/CodeIgniter.php(482): CodeIgniter\CodeIgniter->runController(Object(App\Controllers\Meters))
 7 SYSTEMPATH/CodeIgniter.php(351): CodeIgniter\CodeIgniter->handleRequest(null, Object(Config\Cache), false)
 8 FCPATH/index.php(67): CodeIgniter\CodeIgniter->run()
CRITICAL - 2023-03-03 08:31:05 --> Undefined variable: buttons
in APPPATH/Models/Telegram.php on line 66.
 1 APPPATH/Models/Telegram.php(66): CodeIgniter\Debug\Exceptions->errorHandler(8, 'Undefined variable: buttons', 'APPPATH/Models/Telegram.php', 66, [...])
 2 APPPATH/Models/Telegram.php(43): App\Models\Telegram->createTelegramMessage('  <b></b>')
 3 APPPATH/Models/Telegram.php(32): App\Models\Telegram->logics(null, [...])
 4 APPPATH/Controllers/Meters.php(158): App\Models\Telegram->telegram()
 5 SYSTEMPATH/CodeIgniter.php(927): App\Controllers\Meters->telegram()
 6 SYSTEMPATH/CodeIgniter.php(482): CodeIgniter\CodeIgniter->runController(Object(App\Controllers\Meters))
 7 SYSTEMPATH/CodeIgniter.php(351): CodeIgniter\CodeIgniter->handleRequest(null, Object(Config\Cache), false)
 8 FCPATH/index.php(67): CodeIgniter\CodeIgniter->run()
CRITICAL - 2023-03-03 08:34:04 --> syntax error, unexpected 'array_merge' (T_STRING)
in APPPATH/Models/Telegram.php on line 61.
 1 SYSTEMPATH/Autoloader/Autoloader.php(259): CodeIgniter\Autoloader\Autoloader->includeFile('APPPATH/Models/Telegram.php')
 2 SYSTEMPATH/Autoloader/Autoloader.php(237): CodeIgniter\Autoloader\Autoloader->loadInNamespace('App\\Models\\Telegram')
 3 [internal function]: CodeIgniter\Autoloader\Autoloader->loadClass('App\\Models\\Telegram')
 4 APPPATH/Controllers/Meters.php(26): spl_autoload_call('App\\Models\\Telegram')
 5 SYSTEMPATH/CodeIgniter.php(889): App\Controllers\Meters->__construct()
 6 SYSTEMPATH/CodeIgniter.php(473): CodeIgniter\CodeIgniter->createController()
 7 SYSTEMPATH/CodeIgniter.php(351): CodeIgniter\CodeIgniter->handleRequest(null, Object(Config\Cache), false)
 8 FCPATH/index.php(67): CodeIgniter\CodeIgniter->run()
CRITICAL - 2023-03-03 08:36:09 --> syntax error, unexpected 'function' (T_FUNCTION), expecting '('
in APPPATH/Models/Telegram.php on line 58.
 1 SYSTEMPATH/Autoloader/Autoloader.php(259): CodeIgniter\Autoloader\Autoloader->includeFile('APPPATH/Models/Telegram.php')
 2 SYSTEMPATH/Autoloader/Autoloader.php(237): CodeIgniter\Autoloader\Autoloader->loadInNamespace('App\\Models\\Telegram')
 3 [internal function]: CodeIgniter\Autoloader\Autoloader->loadClass('App\\Models\\Telegram')
 4 APPPATH/Controllers/Meters.php(26): spl_autoload_call('App\\Models\\Telegram')
 5 SYSTEMPATH/CodeIgniter.php(889): App\Controllers\Meters->__construct()
 6 SYSTEMPATH/CodeIgniter.php(473): CodeIgniter\CodeIgniter->createController()
 7 SYSTEMPATH/CodeIgniter.php(351): CodeIgniter\CodeIgniter->handleRequest(null, Object(Config\Cache), false)
 8 FCPATH/index.php(67): CodeIgniter\CodeIgniter->run()
CRITICAL - 2023-03-03 08:48:24 --> syntax error, unexpected '}'
in APPPATH/Models/Telegram.php on line 60.
 1 SYSTEMPATH/Autoloader/Autoloader.php(259): CodeIgniter\Autoloader\Autoloader->includeFile('APPPATH/Models/Telegram.php')
 2 SYSTEMPATH/Autoloader/Autoloader.php(237): CodeIgniter\Autoloader\Autoloader->loadInNamespace('App\\Models\\Telegram')
 3 [internal function]: CodeIgniter\Autoloader\Autoloader->loadClass('App\\Models\\Telegram')
 4 APPPATH/Controllers/Meters.php(26): spl_autoload_call('App\\Models\\Telegram')
 5 SYSTEMPATH/CodeIgniter.php(889): App\Controllers\Meters->__construct()
 6 SYSTEMPATH/CodeIgniter.php(473): CodeIgniter\CodeIgniter->createController()
 7 SYSTEMPATH/CodeIgniter.php(351): CodeIgniter\CodeIgniter->handleRequest(null, Object(Config\Cache), false)
 8 FCPATH/index.php(67): CodeIgniter\CodeIgniter->run()
CRITICAL - 2023-03-03 08:50:45 --> syntax error, unexpected ')'
in APPPATH/Models/Telegram.php on line 59.
 1 SYSTEMPATH/Autoloader/Autoloader.php(259): CodeIgniter\Autoloader\Autoloader->includeFile('APPPATH/Models/Telegram.php')
 2 SYSTEMPATH/Autoloader/Autoloader.php(237): CodeIgniter\Autoloader\Autoloader->loadInNamespace('App\\Models\\Telegram')
 3 [internal function]: CodeIgniter\Autoloader\Autoloader->loadClass('App\\Models\\Telegram')
 4 APPPATH/Controllers/Meters.php(26): spl_autoload_call('App\\Models\\Telegram')
 5 SYSTEMPATH/CodeIgniter.php(889): App\Controllers\Meters->__construct()
 6 SYSTEMPATH/CodeIgniter.php(473): CodeIgniter\CodeIgniter->createController()
 7 SYSTEMPATH/CodeIgniter.php(351): CodeIgniter\CodeIgniter->handleRequest(null, Object(Config\Cache), false)
 8 FCPATH/index.php(67): CodeIgniter\CodeIgniter->run()
CRITICAL - 2023-03-03 08:53:03 --> syntax error, unexpected ')'
in APPPATH/Models/Telegram.php on line 59.
 1 SYSTEMPATH/Autoloader/Autoloader.php(259): CodeIgniter\Autoloader\Autoloader->includeFile('APPPATH/Models/Telegram.php')
 2 SYSTEMPATH/Autoloader/Autoloader.php(237): CodeIgniter\Autoloader\Autoloader->loadInNamespace('App\\Models\\Telegram')
 3 [internal function]: CodeIgniter\Autoloader\Autoloader->loadClass('App\\Models\\Telegram')
 4 APPPATH/Controllers/Meters.php(26): spl_autoload_call('App\\Models\\Telegram')
 5 SYSTEMPATH/CodeIgniter.php(889): App\Controllers\Meters->__construct()
 6 SYSTEMPATH/CodeIgniter.php(473): CodeIgniter\CodeIgniter->createController()
 7 SYSTEMPATH/CodeIgniter.php(351): CodeIgniter\CodeIgniter->handleRequest(null, Object(Config\Cache), false)
 8 FCPATH/index.php(67): CodeIgniter\CodeIgniter->run()
CRITICAL - 2023-03-03 09:05:12 --> syntax error, unexpected '$bntWrap' (T_VARIABLE)
in APPPATH/Models/Telegram.php on line 61.
 1 SYSTEMPATH/Autoloader/Autoloader.php(259): CodeIgniter\Autoloader\Autoloader->includeFile('APPPATH/Models/Telegram.php')
 2 SYSTEMPATH/Autoloader/Autoloader.php(237): CodeIgniter\Autoloader\Autoloader->loadInNamespace('App\\Models\\Telegram')
 3 [internal function]: CodeIgniter\Autoloader\Autoloader->loadClass('App\\Models\\Telegram')
 4 APPPATH/Controllers/Meters.php(26): spl_autoload_call('App\\Models\\Telegram')
 5 SYSTEMPATH/CodeIgniter.php(889): App\Controllers\Meters->__construct()
 6 SYSTEMPATH/CodeIgniter.php(473): CodeIgniter\CodeIgniter->createController()
 7 SYSTEMPATH/CodeIgniter.php(351): CodeIgniter\CodeIgniter->handleRequest(null, Object(Config\Cache), false)
 8 FCPATH/index.php(67): CodeIgniter\CodeIgniter->run()
CRITICAL - 2023-03-03 09:12:30 --> Too few arguments to function App\Models\Telegram::telegram(), 0 passed in /ext/WWW/konex.com.ua/zayavki/app/Controllers/Meters.php on line 158 and exactly 1 expected
in APPPATH/Models/Telegram.php on line 28.
 1 APPPATH/Controllers/Meters.php(158): App\Models\Telegram->telegram()
 2 SYSTEMPATH/CodeIgniter.php(927): App\Controllers\Meters->telegram()
 3 SYSTEMPATH/CodeIgniter.php(482): CodeIgniter\CodeIgniter->runController(Object(App\Controllers\Meters))
 4 SYSTEMPATH/CodeIgniter.php(351): CodeIgniter\CodeIgniter->handleRequest(null, Object(Config\Cache), false)
 5 FCPATH/index.php(67): CodeIgniter\CodeIgniter->run()
CRITICAL - 2023-03-03 09:13:55 --> Cannot use object of type stdClass as array
in APPPATH/Models/Telegram.php on line 31.
 1 APPPATH/Controllers/Meters.php(158): App\Models\Telegram->telegram(Object(stdClass))
 2 SYSTEMPATH/CodeIgniter.php(927): App\Controllers\Meters->telegram()
 3 SYSTEMPATH/CodeIgniter.php(482): CodeIgniter\CodeIgniter->runController(Object(App\Controllers\Meters))
 4 SYSTEMPATH/CodeIgniter.php(351): CodeIgniter\CodeIgniter->handleRequest(null, Object(Config\Cache), false)
 5 FCPATH/index.php(67): CodeIgniter\CodeIgniter->run()
CRITICAL - 2023-03-03 09:14:00 --> Cannot use object of type stdClass as array
in APPPATH/Models/Telegram.php on line 31.
 1 APPPATH/Controllers/Meters.php(158): App\Models\Telegram->telegram(Object(stdClass))
 2 SYSTEMPATH/CodeIgniter.php(927): App\Controllers\Meters->telegram()
 3 SYSTEMPATH/CodeIgniter.php(482): CodeIgniter\CodeIgniter->runController(Object(App\Controllers\Meters))
 4 SYSTEMPATH/CodeIgniter.php(351): CodeIgniter\CodeIgniter->handleRequest(null, Object(Config\Cache), false)
 5 FCPATH/index.php(67): CodeIgniter\CodeIgniter->run()
CRITICAL - 2023-03-03 09:14:30 --> Cannot use object of type stdClass as array
in APPPATH/Models/Telegram.php on line 31.
 1 APPPATH/Controllers/Meters.php(158): App\Models\Telegram->telegram(Object(stdClass))
 2 SYSTEMPATH/CodeIgniter.php(927): App\Controllers\Meters->telegram()
 3 SYSTEMPATH/CodeIgniter.php(482): CodeIgniter\CodeIgniter->runController(Object(App\Controllers\Meters))
 4 SYSTEMPATH/CodeIgniter.php(351): CodeIgniter\CodeIgniter->handleRequest(null, Object(Config\Cache), false)
 5 FCPATH/index.php(67): CodeIgniter\CodeIgniter->run()
CRITICAL - 2023-03-03 09:15:30 --> Cannot use object of type stdClass as array
in APPPATH/Models/Telegram.php on line 32.
 1 APPPATH/Controllers/Meters.php(158): App\Models\Telegram->telegram(Object(stdClass))
 2 SYSTEMPATH/CodeIgniter.php(927): App\Controllers\Meters->telegram()
 3 SYSTEMPATH/CodeIgniter.php(482): CodeIgniter\CodeIgniter->runController(Object(App\Controllers\Meters))
 4 SYSTEMPATH/CodeIgniter.php(351): CodeIgniter\CodeIgniter->handleRequest(null, Object(Config\Cache), false)
 5 FCPATH/index.php(67): CodeIgniter\CodeIgniter->run()
CRITICAL - 2023-03-03 09:15:32 --> Cannot use object of type stdClass as array
in APPPATH/Models/Telegram.php on line 32.
 1 APPPATH/Controllers/Meters.php(158): App\Models\Telegram->telegram(Object(stdClass))
 2 SYSTEMPATH/CodeIgniter.php(927): App\Controllers\Meters->telegram()
 3 SYSTEMPATH/CodeIgniter.php(482): CodeIgniter\CodeIgniter->runController(Object(App\Controllers\Meters))
 4 SYSTEMPATH/CodeIgniter.php(351): CodeIgniter\CodeIgniter->handleRequest(null, Object(Config\Cache), false)
 5 FCPATH/index.php(67): CodeIgniter\CodeIgniter->run()
CRITICAL - 2023-03-03 09:16:36 --> Cannot use object of type stdClass as array
in APPPATH/Models/Telegram.php on line 31.
 1 APPPATH/Controllers/Meters.php(158): App\Models\Telegram->telegram(Object(stdClass))
 2 SYSTEMPATH/CodeIgniter.php(927): App\Controllers\Meters->telegram()
 3 SYSTEMPATH/CodeIgniter.php(482): CodeIgniter\CodeIgniter->runController(Object(App\Controllers\Meters))
 4 SYSTEMPATH/CodeIgniter.php(351): CodeIgniter\CodeIgniter->handleRequest(null, Object(Config\Cache), false)
 5 FCPATH/index.php(67): CodeIgniter\CodeIgniter->run()
CRITICAL - 2023-03-03 09:17:44 --> syntax error, unexpected '']['' (T_CONSTANT_ENCAPSED_STRING), expecting ')'
in APPPATH/Models/Telegram.php on line 31.
 1 SYSTEMPATH/Autoloader/Autoloader.php(259): CodeIgniter\Autoloader\Autoloader->includeFile('APPPATH/Models/Telegram.php')
 2 SYSTEMPATH/Autoloader/Autoloader.php(237): CodeIgniter\Autoloader\Autoloader->loadInNamespace('App\\Models\\Telegram')
 3 [internal function]: CodeIgniter\Autoloader\Autoloader->loadClass('App\\Models\\Telegram')
 4 APPPATH/Controllers/Meters.php(26): spl_autoload_call('App\\Models\\Telegram')
 5 SYSTEMPATH/CodeIgniter.php(889): App\Controllers\Meters->__construct()
 6 SYSTEMPATH/CodeIgniter.php(473): CodeIgniter\CodeIgniter->createController()
 7 SYSTEMPATH/CodeIgniter.php(351): CodeIgniter\CodeIgniter->handleRequest(null, Object(Config\Cache), false)
 8 FCPATH/index.php(67): CodeIgniter\CodeIgniter->run()
CRITICAL - 2023-03-03 09:19:00 --> syntax error, unexpected '']['' (T_CONSTANT_ENCAPSED_STRING), expecting ')'
in APPPATH/Models/Telegram.php on line 31.
 1 SYSTEMPATH/Autoloader/Autoloader.php(259): CodeIgniter\Autoloader\Autoloader->includeFile('APPPATH/Models/Telegram.php')
 2 SYSTEMPATH/Autoloader/Autoloader.php(237): CodeIgniter\Autoloader\Autoloader->loadInNamespace('App\\Models\\Telegram')
 3 [internal function]: CodeIgniter\Autoloader\Autoloader->loadClass('App\\Models\\Telegram')
 4 APPPATH/Controllers/Meters.php(26): spl_autoload_call('App\\Models\\Telegram')
 5 SYSTEMPATH/CodeIgniter.php(889): App\Controllers\Meters->__construct()
 6 SYSTEMPATH/CodeIgniter.php(473): CodeIgniter\CodeIgniter->createController()
 7 SYSTEMPATH/CodeIgniter.php(351): CodeIgniter\CodeIgniter->handleRequest(null, Object(Config\Cache), false)
 8 FCPATH/index.php(67): CodeIgniter\CodeIgniter->run()
CRITICAL - 2023-03-03 09:20:32 --> Cannot use object of type stdClass as array
in APPPATH/Models/Telegram.php on line 40.
 1 APPPATH/Models/Telegram.php(32): App\Models\Telegram->logics(null, Object(stdClass))
 2 APPPATH/Controllers/Meters.php(158): App\Models\Telegram->telegram(Object(stdClass))
 3 SYSTEMPATH/CodeIgniter.php(927): App\Controllers\Meters->telegram()
 4 SYSTEMPATH/CodeIgniter.php(482): CodeIgniter\CodeIgniter->runController(Object(App\Controllers\Meters))
 5 SYSTEMPATH/CodeIgniter.php(351): CodeIgniter\CodeIgniter->handleRequest(null, Object(Config\Cache), false)
 6 FCPATH/index.php(67): CodeIgniter\CodeIgniter->run()
CRITICAL - 2023-03-03 09:57:44 --> Undefined offset: 1
in APPPATH/Models/Telegram.php on line 66.
 1 APPPATH/Models/Telegram.php(66): CodeIgniter\Debug\Exceptions->errorHandler(8, 'Undefined offset: 1', 'APPPATH/Models/Telegram.php', 66, [...])
 2 APPPATH/Models/Telegram.php(47): App\Models\Telegram->buttonBuilder([...], [...])
 3 APPPATH/Models/Telegram.php(32): App\Models\Telegram->logics(null, 'zlyuka')
 4 APPPATH/Controllers/Meters.php(158): App\Models\Telegram->telegram(Object(stdClass))
 5 SYSTEMPATH/CodeIgniter.php(927): App\Controllers\Meters->telegram()
 6 SYSTEMPATH/CodeIgniter.php(482): CodeIgniter\CodeIgniter->runController(Object(App\Controllers\Meters))
 7 SYSTEMPATH/CodeIgniter.php(351): CodeIgniter\CodeIgniter->handleRequest(null, Object(Config\Cache), false)
 8 FCPATH/index.php(67): CodeIgniter\CodeIgniter->run()
CRITICAL - 2023-03-03 09:57:52 --> Undefined offset: 1
in APPPATH/Models/Telegram.php on line 66.
 1 APPPATH/Models/Telegram.php(66): CodeIgniter\Debug\Exceptions->errorHandler(8, 'Undefined offset: 1', 'APPPATH/Models/Telegram.php', 66, [...])
 2 APPPATH/Models/Telegram.php(47): App\Models\Telegram->buttonBuilder([...], [...])
 3 APPPATH/Models/Telegram.php(32): App\Models\Telegram->logics(null, 'zlyuka')
 4 APPPATH/Controllers/Meters.php(158): App\Models\Telegram->telegram(Object(stdClass))
 5 SYSTEMPATH/CodeIgniter.php(927): App\Controllers\Meters->telegram()
 6 SYSTEMPATH/CodeIgniter.php(482): CodeIgniter\CodeIgniter->runController(Object(App\Controllers\Meters))
 7 SYSTEMPATH/CodeIgniter.php(351): CodeIgniter\CodeIgniter->handleRequest(null, Object(Config\Cache), false)
 8 FCPATH/index.php(67): CodeIgniter\CodeIgniter->run()
CRITICAL - 2023-03-03 09:59:14 --> Undefined offset: 1
in APPPATH/Models/Telegram.php on line 66.
 1 APPPATH/Models/Telegram.php(66): CodeIgniter\Debug\Exceptions->errorHandler(8, 'Undefined offset: 1', 'APPPATH/Models/Telegram.php', 66, [...])
 2 APPPATH/Models/Telegram.php(47): App\Models\Telegram->buttonBuilder([...], [...])
 3 APPPATH/Models/Telegram.php(32): App\Models\Telegram->logics(null, 'zlyuka')
 4 APPPATH/Controllers/Meters.php(158): App\Models\Telegram->telegram(Object(stdClass))
 5 SYSTEMPATH/CodeIgniter.php(927): App\Controllers\Meters->telegram()
 6 SYSTEMPATH/CodeIgniter.php(482): CodeIgniter\CodeIgniter->runController(Object(App\Controllers\Meters))
 7 SYSTEMPATH/CodeIgniter.php(351): CodeIgniter\CodeIgniter->handleRequest(null, Object(Config\Cache), false)
 8 FCPATH/index.php(67): CodeIgniter\CodeIgniter->run()
CRITICAL - 2023-03-03 11:27:21 --> 7 : Failed to connect to 10.10.5.173 port 8081: Connection refused
in SYSTEMPATH/HTTP/CURLRequest.php on line 655.
 1 SYSTEMPATH/HTTP/CURLRequest.php(655): CodeIgniter\HTTP\Exceptions\HTTPException::forCurlError('7', 'Failed to connect to 10.10.5.173 port 8081: Connection refused')
 2 SYSTEMPATH/HTTP/CURLRequest.php(363): CodeIgniter\HTTP\CURLRequest->sendRequest([...])
 3 SYSTEMPATH/HTTP/CURLRequest.php(136): CodeIgniter\HTTP\CURLRequest->send('post', 'http://10.10.5.173:8081/sendMessage/')
 4 SYSTEMPATH/HTTP/CURLRequest.php(209): CodeIgniter\HTTP\CURLRequest->request('post', 'http://10.10.5.173:8081/sendMessage/', [...])
 5 APPPATH/Models/HTTP.php(14): CodeIgniter\HTTP\CURLRequest->post('http://10.10.5.173:8081/sendMessage/', [...])
 6 APPPATH/Models/Telegram.php(34): App\Models\HTTP->request([...])
 7 APPPATH/Controllers/Meters.php(158): App\Models\Telegram->telegram(Object(stdClass))
 8 SYSTEMPATH/CodeIgniter.php(927): App\Controllers\Meters->telegram()
 9 SYSTEMPATH/CodeIgniter.php(482): CodeIgniter\CodeIgniter->runController(Object(App\Controllers\Meters))
10 SYSTEMPATH/CodeIgniter.php(351): CodeIgniter\CodeIgniter->handleRequest(null, Object(Config\Cache), false)
11 FCPATH/index.php(67): CodeIgniter\CodeIgniter->run()
CRITICAL - 2023-03-03 11:27:21 --> Uncaught CodeIgniter\Format\Exceptions\FormatException: Failed to parse json string, error: "Type is not supported". in /ext/WWW/konex.com.ua/zayavki/system/Format/JSONFormatter.php:41
Stack trace:
#0 /ext/WWW/konex.com.ua/zayavki/system/Format/JSONFormatter.php(41): CodeIgniter\Format\Exceptions\FormatException::forInvalidJSON('Type is not sup...')
#1 /ext/WWW/konex.com.ua/zayavki/system/API/ResponseTrait.php(348): CodeIgniter\Format\JSONFormatter->format(Array)
#2 /ext/WWW/konex.com.ua/zayavki/system/API/ResponseTrait.php(99): CodeIgniter\Debug\Exceptions->format(Array)
#3 /ext/WWW/konex.com.ua/zayavki/system/Debug/Exceptions.php(133): CodeIgniter\Debug\Exceptions->respond(Array, 500)
#4 [internal function]: CodeIgniter\Debug\Exceptions->exceptionHandler(Object(CodeIgniter\HTTP\Exceptions\HTTPException))
#5 {main}
  thrown
in SYSTEMPATH/Format/JSONFormatter.php on line 41.
 1 [internal function]: CodeIgniter\Debug\Exceptions->shutdownHandler()
CRITICAL - 2023-03-03 11:29:09 --> syntax error, unexpected 'array' (T_ARRAY)
in APPPATH/Models/Telegram.php on line 62.
 1 SYSTEMPATH/Autoloader/Autoloader.php(259): CodeIgniter\Autoloader\Autoloader->includeFile('APPPATH/Models/Telegram.php')
 2 SYSTEMPATH/Autoloader/Autoloader.php(237): CodeIgniter\Autoloader\Autoloader->loadInNamespace('App\\Models\\Telegram')
 3 [internal function]: CodeIgniter\Autoloader\Autoloader->loadClass('App\\Models\\Telegram')
 4 APPPATH/Controllers/Meters.php(26): spl_autoload_call('App\\Models\\Telegram')
 5 SYSTEMPATH/CodeIgniter.php(889): App\Controllers\Meters->__construct()
 6 SYSTEMPATH/CodeIgniter.php(473): CodeIgniter\CodeIgniter->createController()
 7 SYSTEMPATH/CodeIgniter.php(351): CodeIgniter\CodeIgniter->handleRequest(null, Object(Config\Cache), false)
 8 FCPATH/index.php(67): CodeIgniter\CodeIgniter->run()
CRITICAL - 2023-03-03 11:29:28 --> Cannot pass parameter 1 by reference
in APPPATH/Models/Telegram.php on line 62.
 1 APPPATH/Models/Telegram.php(47): App\Models\Telegram->buttonBuilder([...], [], true)
 2 APPPATH/Models/Telegram.php(32): App\Models\Telegram->logics(null, 'zlyuka')
 3 APPPATH/Controllers/Meters.php(158): App\Models\Telegram->telegram(Object(stdClass))
 4 SYSTEMPATH/CodeIgniter.php(927): App\Controllers\Meters->telegram()
 5 SYSTEMPATH/CodeIgniter.php(482): CodeIgniter\CodeIgniter->runController(Object(App\Controllers\Meters))
 6 SYSTEMPATH/CodeIgniter.php(351): CodeIgniter\CodeIgniter->handleRequest(null, Object(Config\Cache), false)
 7 FCPATH/index.php(67): CodeIgniter\CodeIgniter->run()
